[ 2018-06-05T09:46:49+08:00 ] 180.167.76.50 /favicon.ico
INFO: [ app_init ] --START--
INFO: Run Behavior\BuildLiteBehavior [ RunTime:0.000035s ]
INFO: Run Common\Behavior\InitHookBehavior [ RunTime:0.001084s ]
INFO: [ app_init ] --END-- [ RunTime:0.001745s ]

[ 2018-06-05T11:12:20+08:00 ] 180.167.76.50 /favicon.ico
INFO: [ app_init ] --START--
INFO: Run Behavior\BuildLiteBehavior [ RunTime:0.000024s ]
INFO: Run Common\Behavior\InitHookBehavior [ RunTime:0.000845s ]
INFO: [ app_init ] --END-- [ RunTime:0.001174s ]

[ 2018-06-05T11:12:23+08:00 ] 180.167.76.50 /favicon.ico
INFO: [ app_init ] --START--
INFO: Run Behavior\BuildLiteBehavior [ RunTime:0.000032s ]
INFO: Run Common\Behavior\InitHookBehavior [ RunTime:0.000998s ]
INFO: [ app_init ] --END-- [ RunTime:0.001407s ]

[ 2018-06-05T11:15:06+08:00 ] 180.167.76.50 /favicon.ico
INFO: [ app_init ] --START--
INFO: Run Behavior\BuildLiteBehavior [ RunTime:0.000024s ]
INFO: Run Common\Behavior\InitHookBehavior [ RunTime:0.000937s ]
INFO: [ app_init ] --END-- [ RunTime:0.001272s ]

[ 2018-06-05T14:31:20+08:00 ] 180.167.76.50 /favicon.ico
INFO: [ app_init ] --START--
INFO: Run Behavior\BuildLiteBehavior [ RunTime:0.000032s ]
INFO: Run Common\Behavior\InitHookBehavior [ RunTime:0.001384s ]
INFO: [ app_init ] --END-- [ RunTime:0.001899s ]

[ 2018-06-05T14:31:27+08:00 ] 180.167.76.50 /favicon.ico
INFO: [ app_init ] --START--
INFO: Run Behavior\BuildLiteBehavior [ RunTime:0.000033s ]
INFO: Run Common\Behavior\InitHookBehavior [ RunTime:0.001395s ]
INFO: [ app_init ] --END-- [ RunTime:0.001900s ]

[ 2018-06-05T15:03:39+08:00 ] 180.167.76.50 /favicon.ico
INFO: [ app_init ] --START--
INFO: Run Behavior\BuildLiteBehavior [ RunTime:0.000024s ]
INFO: Run Common\Behavior\InitHookBehavior [ RunTime:0.001210s ]
INFO: [ app_init ] --END-- [ RunTime:0.001618s ]

[ 2018-06-05T15:20:34+08:00 ] 180.167.76.50 /favicon.ico
INFO: [ app_init ] --START--
INFO: Run Behavior\BuildLiteBehavior [ RunTime:0.000050s ]
INFO: Run Common\Behavior\InitHookBehavior [ RunTime:0.001428s ]
INFO: [ app_init ] --END-- [ RunTime:0.001981s ]

[ 2018-06-05T15:20:49+08:00 ] 180.167.76.50 /favicon.ico
INFO: [ app_init ] --START--
INFO: Run Behavior\BuildLiteBehavior [ RunTime:0.000066s ]
INFO: Run Common\Behavior\InitHookBehavior [ RunTime:0.001557s ]
INFO: [ app_init ] --END-- [ RunTime:0.002467s ]

[ 2018-06-05T15:20:53+08:00 ] 180.167.76.50 /favicon.ico
INFO: [ app_init ] --START--
INFO: Run Behavior\BuildLiteBehavior [ RunTime:0.000027s ]
INFO: Run Common\Behavior\InitHookBehavior [ RunTime:0.001027s ]
INFO: [ app_init ] --END-- [ RunTime:0.001398s ]

[ 2018-06-05T15:20:54+08:00 ] 180.167.76.50 /favicon.ico
INFO: [ app_init ] --START--
INFO: Run Behavior\BuildLiteBehavior [ RunTime:0.000041s ]
INFO: Run Common\Behavior\InitHookBehavior [ RunTime:0.001234s ]
INFO: [ app_init ] --END-- [ RunTime:0.001667s ]

[ 2018-06-05T15:28:32+08:00 ] 180.167.76.50 /favicon.ico
INFO: [ app_init ] --START--
INFO: Run Behavior\BuildLiteBehavior [ RunTime:0.000047s ]
INFO: Run Common\Behavior\InitHookBehavior [ RunTime:0.001683s ]
INFO: [ app_init ] --END-- [ RunTime:0.002346s ]

[ 2018-06-05T15:28:37+08:00 ] 180.167.76.50 /favicon.ico
INFO: [ app_init ] --START--
INFO: Run Behavior\BuildLiteBehavior [ RunTime:0.000044s ]
INFO: Run Common\Behavior\InitHookBehavior [ RunTime:0.001646s ]
INFO: [ app_init ] --END-- [ RunTime:0.002217s ]

[ 2018-06-05T15:28:41+08:00 ] 180.167.76.50 /favicon.ico
INFO: [ app_init ] --START--
INFO: Run Behavior\BuildLiteBehavior [ RunTime:0.000021s ]
INFO: Run Common\Behavior\InitHookBehavior [ RunTime:0.000986s ]
INFO: [ app_init ] --END-- [ RunTime:0.001274s ]

[ 2018-06-05T15:28:44+08:00 ] 180.167.76.50 /favicon.ico
INFO: [ app_init ] --START--
INFO: Run Behavior\BuildLiteBehavior [ RunTime:0.000025s ]
INFO: Run Common\Behavior\InitHookBehavior [ RunTime:0.001086s ]
INFO: [ app_init ] --END-- [ RunTime:0.001435s ]

[ 2018-06-05T15:38:54+08:00 ] 180.167.76.50 /favicon.ico
INFO: [ app_init ] --START--
INFO: Run Behavior\BuildLiteBehavior [ RunTime:0.000041s ]
INFO: Run Common\Behavior\InitHookBehavior [ RunTime:0.001345s ]
INFO: [ app_init ] --END-- [ RunTime:0.001720s ]

[ 2018-06-05T15:38:58+08:00 ] 180.167.76.50 /favicon.ico
INFO: [ app_init ] --START--
INFO: Run Behavior\BuildLiteBehavior [ RunTime:0.000025s ]
INFO: Run Common\Behavior\InitHookBehavior [ RunTime:0.000987s ]
INFO: [ app_init ] --END-- [ RunTime:0.001333s ]

[ 2018-06-05T15:43:28+08:00 ] 180.167.76.50 /favicon.ico
INFO: [ app_init ] --START--
INFO: Run Behavior\BuildLiteBehavior [ RunTime:0.000033s ]
INFO: Run Common\Behavior\InitHookBehavior [ RunTime:0.000979s ]
INFO: [ app_init ] --END-- [ RunTime:0.001694s ]

[ 2018-06-05T15:43:32+08:00 ] 180.167.76.50 /favicon.ico
INFO: [ app_init ] --START--
INFO: Run Behavior\BuildLiteBehavior [ RunTime:0.000042s ]
INFO: Run Common\Behavior\InitHookBehavior [ RunTime:0.001606s ]
INFO: [ app_init ] --END-- [ RunTime:0.002082s ]

[ 2018-06-05T15:46:03+08:00 ] 180.167.76.50 /favicon.ico
INFO: [ app_init ] --START--
INFO: Run Behavior\BuildLiteBehavior [ RunTime:0.000037s ]
INFO: Run Common\Behavior\InitHookBehavior [ RunTime:0.001967s ]
INFO: [ app_init ] --END-- [ RunTime:0.002550s ]

[ 2018-06-05T15:46:04+08:00 ] 180.167.76.50 /favicon.ico
INFO: [ app_init ] --START--
INFO: Run Behavior\BuildLiteBehavior [ RunTime:0.000023s ]
INFO: Run Common\Behavior\InitHookBehavior [ RunTime:0.001506s ]
INFO: [ app_init ] --END-- [ RunTime:0.001897s ]

[ 2018-06-05T15:46:09+08:00 ] 180.167.76.50 /favicon.ico
INFO: [ app_init ] --START--
INFO: Run Behavior\BuildLiteBehavior [ RunTime:0.000046s ]
INFO: Run Common\Behavior\InitHookBehavior [ RunTime:0.001301s ]
INFO: [ app_init ] --END-- [ RunTime:0.001712s ]

[ 2018-06-05T15:51:48+08:00 ] 180.167.76.50 /favicon.ico
INFO: [ app_init ] --START--
INFO: Run Behavior\BuildLiteBehavior [ RunTime:0.000046s ]
INFO: Run Common\Behavior\InitHookBehavior [ RunTime:0.001129s ]
INFO: [ app_init ] --END-- [ RunTime:0.001545s ]

[ 2018-06-05T15:56:16+08:00 ] 180.167.76.50 /favicon.ico
INFO: [ app_init ] --START--
INFO: Run Behavior\BuildLiteBehavior [ RunTime:0.000033s ]
INFO: Run Common\Behavior\InitHookBehavior [ RunTime:0.001189s ]
INFO: [ app_init ] --END-- [ RunTime:0.001605s ]

[ 2018-06-05T15:57:29+08:00 ] 180.167.76.50 /favicon.ico
INFO: [ app_init ] --START--
INFO: Run Behavior\BuildLiteBehavior [ RunTime:0.000029s ]
INFO: Run Common\Behavior\InitHookBehavior [ RunTime:0.000983s ]
INFO: [ app_init ] --END-- [ RunTime:0.001373s ]

[ 2018-06-05T15:58:22+08:00 ] 180.167.76.50 /favicon.ico
INFO: [ app_init ] --START--
INFO: Run Behavior\BuildLiteBehavior [ RunTime:0.000017s ]
INFO: Run Common\Behavior\InitHookBehavior [ RunTime:0.000869s ]
INFO: [ app_init ] --END-- [ RunTime:0.001141s ]

[ 2018-06-05T15:59:00+08:00 ] 180.167.76.50 /favicon.ico
INFO: [ app_init ] --START--
INFO: Run Behavior\BuildLiteBehavior [ RunTime:0.000057s ]
INFO: Run Common\Behavior\InitHookBehavior [ RunTime:0.001293s ]
INFO: [ app_init ] --END-- [ RunTime:0.001883s ]

[ 2018-06-05T15:59:05+08:00 ] 180.167.76.50 /favicon.ico
INFO: [ app_init ] --START--
INFO: Run Behavior\BuildLiteBehavior [ RunTime:0.000038s ]
INFO: Run Common\Behavior\InitHookBehavior [ RunTime:0.001302s ]
INFO: [ app_init ] --END-- [ RunTime:0.001788s ]

[ 2018-06-05T15:59:36+08:00 ] 180.167.76.50 /favicon.ico
INFO: [ app_init ] --START--
INFO: Run Behavior\BuildLiteBehavior [ RunTime:0.000024s ]
INFO: Run Common\Behavior\InitHookBehavior [ RunTime:0.000895s ]
INFO: [ app_init ] --END-- [ RunTime:0.001226s ]

[ 2018-06-05T15:59:39+08:00 ] 180.167.76.50 /favicon.ico
INFO: [ app_init ] --START--
INFO: Run Behavior\BuildLiteBehavior [ RunTime:0.000023s ]
INFO: Run Common\Behavior\InitHookBehavior [ RunTime:0.000926s ]
INFO: [ app_init ] --END-- [ RunTime:0.001238s ]

[ 2018-06-05T16:01:34+08:00 ] 180.167.76.50 /favicon.ico
INFO: [ app_init ] --START--
INFO: Run Behavior\BuildLiteBehavior [ RunTime:0.000047s ]
INFO: Run Common\Behavior\InitHookBehavior [ RunTime:0.001431s ]
INFO: [ app_init ] --END-- [ RunTime:0.002062s ]

[ 2018-06-05T16:01:40+08:00 ] 180.167.76.50 /favicon.ico
INFO: [ app_init ] --START--
INFO: Run Behavior\BuildLiteBehavior [ RunTime:0.000049s ]
INFO: Run Common\Behavior\InitHookBehavior [ RunTime:0.001516s ]
INFO: [ app_init ] --END-- [ RunTime:0.002088s ]

[ 2018-06-05T16:01:46+08:00 ] 180.167.76.50 /favicon.ico
INFO: [ app_init ] --START--
INFO: Run Behavior\BuildLiteBehavior [ RunTime:0.000029s ]
INFO: Run Common\Behavior\InitHookBehavior [ RunTime:0.000971s ]
INFO: [ app_init ] --END-- [ RunTime:0.001310s ]

[ 2018-06-05T16:06:42+08:00 ] 180.167.76.50 /favicon.ico
INFO: [ app_init ] --START--
INFO: Run Behavior\BuildLiteBehavior [ RunTime:0.000034s ]
INFO: Run Common\Behavior\InitHookBehavior [ RunTime:0.000905s ]
INFO: [ app_init ] --END-- [ RunTime:0.001229s ]

[ 2018-06-05T16:09:02+08:00 ] 180.167.76.50 /favicon.ico
INFO: [ app_init ] --START--
INFO: Run Behavior\BuildLiteBehavior [ RunTime:0.000040s ]
INFO: Run Common\Behavior\InitHookBehavior [ RunTime:0.001859s ]
INFO: [ app_init ] --END-- [ RunTime:0.002558s ]

[ 2018-06-05T16:10:18+08:00 ] 180.167.76.50 /favicon.ico
INFO: [ app_init ] --START--
INFO: Run Behavior\BuildLiteBehavior [ RunTime:0.000024s ]
INFO: Run Common\Behavior\InitHookBehavior [ RunTime:0.001206s ]
INFO: [ app_init ] --END-- [ RunTime:0.001608s ]

[ 2018-06-05T16:13:26+08:00 ] 180.167.76.50 /favicon.ico
INFO: [ app_init ] --START--
INFO: Run Behavior\BuildLiteBehavior [ RunTime:0.000045s ]
INFO: Run Common\Behavior\InitHookBehavior [ RunTime:0.001371s ]
INFO: [ app_init ] --END-- [ RunTime:0.002371s ]

[ 2018-06-05T16:15:34+08:00 ] 180.167.76.50 /favicon.ico
INFO: [ app_init ] --START--
INFO: Run Behavior\BuildLiteBehavior [ RunTime:0.000049s ]
INFO: Run Common\Behavior\InitHookBehavior [ RunTime:0.001647s ]
INFO: [ app_init ] --END-- [ RunTime:0.002244s ]

[ 2018-06-05T16:15:44+08:00 ] 180.167.76.50 /favicon.ico
INFO: [ app_init ] --START--
INFO: Run Behavior\BuildLiteBehavior [ RunTime:0.000017s ]
INFO: Run Common\Behavior\InitHookBehavior [ RunTime:0.000768s ]
INFO: [ app_init ] --END-- [ RunTime:0.001038s ]

[ 2018-06-05T16:16:48+08:00 ] 180.167.76.50 /favicon.ico
INFO: [ app_init ] --START--
INFO: Run Behavior\BuildLiteBehavior [ RunTime:0.000046s ]
INFO: Run Common\Behavior\InitHookBehavior [ RunTime:0.001246s ]
INFO: [ app_init ] --END-- [ RunTime:0.001760s ]

[ 2018-06-05T16:21:37+08:00 ] 180.167.76.50 /favicon.ico
INFO: [ app_init ] --START--
INFO: Run Behavior\BuildLiteBehavior [ RunTime:0.000030s ]
INFO: Run Common\Behavior\InitHookBehavior [ RunTime:0.000814s ]
INFO: [ app_init ] --END-- [ RunTime:0.001159s ]

[ 2018-06-05T16:28:25+08:00 ] 180.167.76.50 /favicon.ico
INFO: [ app_init ] --START--
INFO: Run Behavior\BuildLiteBehavior [ RunTime:0.000021s ]
INFO: Run Common\Behavior\InitHookBehavior [ RunTime:0.001016s ]
INFO: [ app_init ] --END-- [ RunTime:0.001388s ]

[ 2018-06-05T16:29:30+08:00 ] 180.167.76.50 /favicon.ico
INFO: [ app_init ] --START--
INFO: Run Behavior\BuildLiteBehavior [ RunTime:0.000031s ]
INFO: Run Common\Behavior\InitHookBehavior [ RunTime:0.001195s ]
INFO: [ app_init ] --END-- [ RunTime:0.001548s ]

[ 2018-06-05T16:30:31+08:00 ] 180.167.76.50 /favicon.ico
INFO: [ app_init ] --START--
INFO: Run Behavior\BuildLiteBehavior [ RunTime:0.000046s ]
INFO: Run Common\Behavior\InitHookBehavior [ RunTime:0.001331s ]
INFO: [ app_init ] --END-- [ RunTime:0.001866s ]

[ 2018-06-05T16:31:56+08:00 ] 180.167.76.50 /favicon.ico
INFO: [ app_init ] --START--
INFO: Run Behavior\BuildLiteBehavior [ RunTime:0.000020s ]
INFO: Run Common\Behavior\InitHookBehavior [ RunTime:0.000833s ]
INFO: [ app_init ] --END-- [ RunTime:0.001114s ]

[ 2018-06-05T16:32:02+08:00 ] 180.167.76.50 /favicon.ico
INFO: [ app_init ] --START--
INFO: Run Behavior\BuildLiteBehavior [ RunTime:0.000063s ]
INFO: Run Common\Behavior\InitHookBehavior [ RunTime:0.001525s ]
INFO: [ app_init ] --END-- [ RunTime:0.002164s ]

[ 2018-06-05T16:35:55+08:00 ] 180.167.76.50 /favicon.ico
INFO: [ app_init ] --START--
INFO: Run Behavior\BuildLiteBehavior [ RunTime:0.000034s ]
INFO: Run Common\Behavior\InitHookBehavior [ RunTime:0.001360s ]
INFO: [ app_init ] --END-- [ RunTime:0.001849s ]

[ 2018-06-05T16:36:05+08:00 ] 180.167.76.50 /favicon.ico
INFO: [ app_init ] --START--
INFO: Run Behavior\BuildLiteBehavior [ RunTime:0.000048s ]
INFO: Run Common\Behavior\InitHookBehavior [ RunTime:0.001552s ]
INFO: [ app_init ] --END-- [ RunTime:0.002332s ]

[ 2018-06-05T16:38:07+08:00 ] 180.167.76.50 /favicon.ico
INFO: [ app_init ] --START--
INFO: Run Behavior\BuildLiteBehavior [ RunTime:0.000050s ]
INFO: Run Common\Behavior\InitHookBehavior [ RunTime:0.001384s ]
INFO: [ app_init ] --END-- [ RunTime:0.001863s ]

[ 2018-06-05T16:49:18+08:00 ] 180.167.76.50 /favicon.ico
INFO: [ app_init ] --START--
INFO: Run Behavior\BuildLiteBehavior [ RunTime:0.000046s ]
INFO: Run Common\Behavior\InitHookBehavior [ RunTime:0.001782s ]
INFO: [ app_init ] --END-- [ RunTime:0.002423s ]

[ 2018-06-05T16:50:08+08:00 ] 180.167.76.50 /favicon.ico
INFO: [ app_init ] --START--
INFO: Run Behavior\BuildLiteBehavior [ RunTime:0.000051s ]
INFO: Run Common\Behavior\InitHookBehavior [ RunTime:0.001628s ]
INFO: [ app_init ] --END-- [ RunTime:0.002253s ]

[ 2018-06-05T17:25:49+08:00 ] 180.167.76.50 /favicon.ico
INFO: [ app_init ] --START--
INFO: Run Behavior\BuildLiteBehavior [ RunTime:0.000030s ]
INFO: Run Common\Behavior\InitHookBehavior [ RunTime:0.001038s ]
INFO: [ app_init ] --END-- [ RunTime:0.001413s ]

[ 2018-06-05T17:43:47+08:00 ] 180.167.76.50 /favicon.ico
INFO: [ app_init ] --START--
INFO: Run Behavior\BuildLiteBehavior [ RunTime:0.000045s ]
INFO: Run Common\Behavior\InitHookBehavior [ RunTime:0.001434s ]
INFO: [ app_init ] --END-- [ RunTime:0.002051s ]

[ 2018-06-05T17:43:48+08:00 ] 180.167.76.50 /favicon.ico
INFO: [ app_init ] --START--
INFO: Run Behavior\BuildLiteBehavior [ RunTime:0.000042s ]
INFO: Run Common\Behavior\InitHookBehavior [ RunTime:0.001694s ]
INFO: [ app_init ] --END-- [ RunTime:0.002257s ]

