[ 2018-06-06T09:22:06+08:00 ] 178.73.215.171 /
INFO: [ app_init ] --START--
INFO: Run Behavior\BuildLiteBehavior [ RunTime:0.000031s ]
INFO: Run Common\Behavior\InitHookBehavior [ RunTime:0.001345s ]
INFO: [ app_init ] --END-- [ RunTime:0.001769s ]
INFO: [ app_begin ] --START--
INFO: Run Behavior\ReadHtmlCacheBehavior [ RunTime:0.000444s ]
INFO: Run Behavior\CheckLangBehavior [ RunTime:0.000450s ]
INFO: Run Common\Behavior\UrldecodeGetBehavior [ RunTime:0.000092s ]
INFO: [ app_begin ] --END-- [ RunTime:0.001097s ]
SQL: SHOW COLUMNS FROM `tb_options` [ RunTime:0.0010s ]
SQL: SELECT `option_value` FROM `tb_options` WHERE `option_name` = 'cdn_settings' LIMIT 1   [ RunTime:0.0001s ]
INFO: [ view_parse ] --START--
INFO: [ template_filter ] --START--
INFO: Run Behavior\ContentReplaceBehavior [ RunTime:0.000137s ]
INFO: [ template_filter ] --END-- [ RunTime:0.000230s ]
SQL: SHOW COLUMNS FROM `tb_slide_cat` [ RunTime:0.0010s ]
SQL: SELECT * FROM tb_slide_cat a INNER JOIN tb_slide as b on a.cid =b.slide_cid  WHERE ( a.cat_idname='portal_index' and b.slide_status=1 ) ORDER BY listorder ASC LIMIT 0,5   [ RunTime:0.0001s ]
SQL: SHOW COLUMNS FROM `tb_term_relationships` [ RunTime:0.0008s ]
SQL: SELECT `post_title`,`post_excerpt`,`object_id`,`smeta`,`term_id` FROM tb_term_relationships term_relationships INNER JOIN tb_posts as posts on term_relationships.object_id = posts.id INNER JOIN tb_users as users on posts.post_author = users.id  WHERE term_relationships.status = 1 AND posts.post_status = 1 AND term_relationships.term_id IN (1,2) ORDER BY listorder asc LIMIT 4   [ RunTime:0.0001s ]
SQL: SHOW COLUMNS FROM `tb_links` [ RunTime:0.0004s ]
SQL: SELECT * FROM `tb_links` WHERE ( link_status=1 ) ORDER BY listorder ASC  [ RunTime:0.0001s ]
INFO: Run Behavior\ParseTemplateBehavior [ RunTime:0.024397s ]
INFO: [ view_parse ] --END-- [ RunTime:0.024441s ]
INFO: [ view_filter ] --START--
INFO: Run Behavior\WriteHtmlCacheBehavior [ RunTime:0.000203s ]
INFO: Run Common\Behavior\TmplStripSpaceBehavior [ RunTime:0.000118s ]
INFO: [ view_filter ] --END-- [ RunTime:0.000366s ]
INFO: [ app_end ] --START--
INFO: Run Behavior\ShowPageTraceBehavior [ RunTime:0.000637s ]
INFO: [ app_end ] --END-- [ RunTime:0.000708s ]

[ 2018-06-06T09:36:42+08:00 ] 180.167.76.50 /favicon.ico
INFO: [ app_init ] --START--
INFO: Run Behavior\BuildLiteBehavior [ RunTime:0.000024s ]
INFO: Run Common\Behavior\InitHookBehavior [ RunTime:0.001076s ]
INFO: [ app_init ] --END-- [ RunTime:0.001431s ]

[ 2018-06-06T09:43:01+08:00 ] 180.167.76.50 /favicon.ico
INFO: [ app_init ] --START--
INFO: Run Behavior\BuildLiteBehavior [ RunTime:0.000024s ]
INFO: Run Common\Behavior\InitHookBehavior [ RunTime:0.000993s ]
INFO: [ app_init ] --END-- [ RunTime:0.001318s ]

[ 2018-06-06T09:46:38+08:00 ] 180.167.76.50 /favicon.ico
INFO: [ app_init ] --START--
INFO: Run Behavior\BuildLiteBehavior [ RunTime:0.000043s ]
INFO: Run Common\Behavior\InitHookBehavior [ RunTime:0.000857s ]
INFO: [ app_init ] --END-- [ RunTime:0.001190s ]

[ 2018-06-06T09:46:49+08:00 ] 180.167.76.50 /favicon.ico
INFO: [ app_init ] --START--
INFO: Run Behavior\BuildLiteBehavior [ RunTime:0.000038s ]
INFO: Run Common\Behavior\InitHookBehavior [ RunTime:0.000959s ]
INFO: [ app_init ] --END-- [ RunTime:0.001374s ]

[ 2018-06-06T10:34:05+08:00 ] 180.167.76.50 /favicon.ico
INFO: [ app_init ] --START--
INFO: Run Behavior\BuildLiteBehavior [ RunTime:0.000019s ]
INFO: Run Common\Behavior\InitHookBehavior [ RunTime:0.000971s ]
INFO: [ app_init ] --END-- [ RunTime:0.001298s ]

[ 2018-06-06T10:34:11+08:00 ] 180.167.76.50 /favicon.ico
INFO: [ app_init ] --START--
INFO: Run Behavior\BuildLiteBehavior [ RunTime:0.000022s ]
INFO: Run Common\Behavior\InitHookBehavior [ RunTime:0.000751s ]
INFO: [ app_init ] --END-- [ RunTime:0.001099s ]

[ 2018-06-06T11:27:00+08:00 ] 180.167.76.50 /favicon.ico
INFO: [ app_init ] --START--
INFO: Run Behavior\BuildLiteBehavior [ RunTime:0.000022s ]
INFO: Run Common\Behavior\InitHookBehavior [ RunTime:0.001657s ]
INFO: [ app_init ] --END-- [ RunTime:0.002149s ]

[ 2018-06-06T11:31:15+08:00 ] 180.167.76.50 /favicon.ico
INFO: [ app_init ] --START--
INFO: Run Behavior\BuildLiteBehavior [ RunTime:0.000038s ]
INFO: Run Common\Behavior\InitHookBehavior [ RunTime:0.000950s ]
INFO: [ app_init ] --END-- [ RunTime:0.001349s ]

[ 2018-06-06T13:44:21+08:00 ] 180.167.76.50 /images/activity_img.png
INFO: [ app_init ] --START--
INFO: Run Behavior\BuildLiteBehavior [ RunTime:0.000021s ]
INFO: Run Common\Behavior\InitHookBehavior [ RunTime:0.000793s ]
INFO: [ app_init ] --END-- [ RunTime:0.001079s ]

[ 2018-06-06T13:44:21+08:00 ] 180.167.76.50 /images/discount_img.png
INFO: [ app_init ] --START--
INFO: Run Behavior\BuildLiteBehavior [ RunTime:0.000016s ]
INFO: Run Common\Behavior\InitHookBehavior [ RunTime:0.000767s ]
INFO: [ app_init ] --END-- [ RunTime:0.001038s ]

[ 2018-06-06T13:44:21+08:00 ] 180.167.76.50 /images/open_img.png
INFO: [ app_init ] --START--
INFO: Run Behavior\BuildLiteBehavior [ RunTime:0.000018s ]
INFO: Run Common\Behavior\InitHookBehavior [ RunTime:0.000893s ]
INFO: [ app_init ] --END-- [ RunTime:0.001226s ]

[ 2018-06-06T14:08:35+08:00 ] 180.167.76.50 /favicon.ico
INFO: [ app_init ] --START--
INFO: Run Behavior\BuildLiteBehavior [ RunTime:0.000021s ]
INFO: Run Common\Behavior\InitHookBehavior [ RunTime:0.000945s ]
INFO: [ app_init ] --END-- [ RunTime:0.001287s ]

[ 2018-06-06T14:40:55+08:00 ] 104.131.186.194 /
INFO: [ app_init ] --START--
INFO: Run Behavior\BuildLiteBehavior [ RunTime:0.000039s ]
INFO: Run Common\Behavior\InitHookBehavior [ RunTime:0.000906s ]
INFO: [ app_init ] --END-- [ RunTime:0.001303s ]
INFO: [ app_begin ] --START--
INFO: Run Behavior\ReadHtmlCacheBehavior [ RunTime:0.000448s ]
INFO: Run Behavior\CheckLangBehavior [ RunTime:0.000444s ]
INFO: Run Common\Behavior\UrldecodeGetBehavior [ RunTime:0.000141s ]
INFO: [ app_begin ] --END-- [ RunTime:0.001163s ]
SQL: SHOW COLUMNS FROM `tb_options` [ RunTime:0.0007s ]
SQL: SELECT `option_value` FROM `tb_options` WHERE `option_name` = 'cdn_settings' LIMIT 1   [ RunTime:0.0001s ]
INFO: [ view_parse ] --START--
INFO: [ template_filter ] --START--
INFO: Run Behavior\ContentReplaceBehavior [ RunTime:0.000138s ]
INFO: [ template_filter ] --END-- [ RunTime:0.000211s ]
SQL: SHOW COLUMNS FROM `tb_slide_cat` [ RunTime:0.0007s ]
SQL: SELECT * FROM tb_slide_cat a INNER JOIN tb_slide as b on a.cid =b.slide_cid  WHERE ( a.cat_idname='portal_index' and b.slide_status=1 ) ORDER BY listorder ASC LIMIT 0,5   [ RunTime:0.0001s ]
SQL: SHOW COLUMNS FROM `tb_term_relationships` [ RunTime:0.0004s ]
SQL: SELECT `post_title`,`post_excerpt`,`object_id`,`smeta`,`term_id` FROM tb_term_relationships term_relationships INNER JOIN tb_posts as posts on term_relationships.object_id = posts.id INNER JOIN tb_users as users on posts.post_author = users.id  WHERE term_relationships.status = 1 AND posts.post_status = 1 AND term_relationships.term_id IN (1,2) ORDER BY listorder asc LIMIT 4   [ RunTime:0.0001s ]
SQL: SHOW COLUMNS FROM `tb_links` [ RunTime:0.0003s ]
SQL: SELECT * FROM `tb_links` WHERE ( link_status=1 ) ORDER BY listorder ASC  [ RunTime:0.0001s ]
INFO: Run Behavior\ParseTemplateBehavior [ RunTime:0.016619s ]
INFO: [ view_parse ] --END-- [ RunTime:0.016653s ]
INFO: [ view_filter ] --START--
INFO: Run Behavior\WriteHtmlCacheBehavior [ RunTime:0.000136s ]
INFO: Run Common\Behavior\TmplStripSpaceBehavior [ RunTime:0.000120s ]
INFO: [ view_filter ] --END-- [ RunTime:0.000301s ]
INFO: [ app_end ] --START--
INFO: Run Behavior\ShowPageTraceBehavior [ RunTime:0.000340s ]
INFO: [ app_end ] --END-- [ RunTime:0.000373s ]

[ 2018-06-06T14:50:15+08:00 ] 180.167.76.50 /images/right.png
INFO: [ app_init ] --START--
INFO: Run Behavior\BuildLiteBehavior [ RunTime:0.000017s ]
INFO: Run Common\Behavior\InitHookBehavior [ RunTime:0.000773s ]
INFO: [ app_init ] --END-- [ RunTime:0.001038s ]

[ 2018-06-06T14:55:28+08:00 ] 180.167.76.50 /favicon.ico
INFO: [ app_init ] --START--
INFO: Run Behavior\BuildLiteBehavior [ RunTime:0.000029s ]
INFO: Run Common\Behavior\InitHookBehavior [ RunTime:0.001014s ]
INFO: [ app_init ] --END-- [ RunTime:0.001433s ]

[ 2018-06-06T14:57:23+08:00 ] 180.167.76.50 /favicon.ico
INFO: [ app_init ] --START--
INFO: Run Behavior\BuildLiteBehavior [ RunTime:0.000020s ]
INFO: Run Common\Behavior\InitHookBehavior [ RunTime:0.000750s ]
INFO: [ app_init ] --END-- [ RunTime:0.001042s ]

[ 2018-06-06T14:58:41+08:00 ] 180.167.76.50 /favicon.ico
INFO: [ app_init ] --START--
INFO: Run Behavior\BuildLiteBehavior [ RunTime:0.000014s ]
INFO: Run Common\Behavior\InitHookBehavior [ RunTime:0.000943s ]
INFO: [ app_init ] --END-- [ RunTime:0.001208s ]

[ 2018-06-06T17:05:59+08:00 ] 101.227.139.178 /index.php/?page=1&limit=20&
INFO: [ app_init ] --START--
INFO: Run Behavior\BuildLiteBehavior [ RunTime:0.000031s ]
INFO: Run Common\Behavior\InitHookBehavior [ RunTime:0.000803s ]
INFO: [ app_init ] --END-- [ RunTime:0.001099s ]
INFO: [ app_begin ] --START--
INFO: Run Behavior\ReadHtmlCacheBehavior [ RunTime:0.000318s ]
INFO: Run Behavior\CheckLangBehavior [ RunTime:0.000308s ]
INFO: Run Common\Behavior\UrldecodeGetBehavior [ RunTime:0.000094s ]
INFO: [ app_begin ] --END-- [ RunTime:0.000796s ]
SQL: SHOW COLUMNS FROM `tb_options` [ RunTime:0.0007s ]
SQL: SELECT `option_value` FROM `tb_options` WHERE `option_name` = 'cdn_settings' LIMIT 1   [ RunTime:0.0001s ]
INFO: [ view_parse ] --START--
INFO: [ template_filter ] --START--
INFO: Run Behavior\ContentReplaceBehavior [ RunTime:0.000109s ]
INFO: [ template_filter ] --END-- [ RunTime:0.000208s ]
SQL: SHOW COLUMNS FROM `tb_slide_cat` [ RunTime:0.0008s ]
SQL: SELECT * FROM tb_slide_cat a INNER JOIN tb_slide as b on a.cid =b.slide_cid  WHERE ( a.cat_idname='portal_index' and b.slide_status=1 ) ORDER BY listorder ASC LIMIT 0,5   [ RunTime:0.0001s ]
SQL: SHOW COLUMNS FROM `tb_term_relationships` [ RunTime:0.0004s ]
SQL: SELECT `post_title`,`post_excerpt`,`object_id`,`smeta`,`term_id` FROM tb_term_relationships term_relationships INNER JOIN tb_posts as posts on term_relationships.object_id = posts.id INNER JOIN tb_users as users on posts.post_author = users.id  WHERE term_relationships.status = 1 AND posts.post_status = 1 AND term_relationships.term_id IN (1,2) ORDER BY listorder asc LIMIT 4   [ RunTime:0.0001s ]
SQL: SHOW COLUMNS FROM `tb_links` [ RunTime:0.0003s ]
SQL: SELECT * FROM `tb_links` WHERE ( link_status=1 ) ORDER BY listorder ASC  [ RunTime:0.0001s ]
INFO: Run Behavior\ParseTemplateBehavior [ RunTime:0.018616s ]
INFO: [ view_parse ] --END-- [ RunTime:0.018659s ]
INFO: [ view_filter ] --START--
INFO: Run Behavior\WriteHtmlCacheBehavior [ RunTime:0.000168s ]
INFO: Run Common\Behavior\TmplStripSpaceBehavior [ RunTime:0.000099s ]
INFO: [ view_filter ] --END-- [ RunTime:0.000309s ]
INFO: [ app_end ] --START--
INFO: Run Behavior\ShowPageTraceBehavior [ RunTime:0.000400s ]
INFO: [ app_end ] --END-- [ RunTime:0.000441s ]

