[ 2018-11-04T13:49:04+08:00 ] 116.231.128.238 /index.php?g=api&m=checkcode&a=index&length=4&font_size=20&width=248&height=42&use_noise=1&use_curve=0
INFO: [ app_init ] --START--
INFO: Run Behavior\BuildLiteBehavior [ RunTime:0.000010s ]
INFO: Run Common\Behavior\InitHookBehavior [ RunTime:0.000668s ]
INFO: [ app_init ] --END-- [ RunTime:0.000882s ]
INFO: [ app_begin ] --START--
INFO: Run Behavior\ReadHtmlCacheBehavior [ RunTime:0.000265s ]
INFO: Run Behavior\CheckLangBehavior [ RunTime:0.000284s ]
INFO: Run Common\Behavior\UrldecodeGetBehavior [ RunTime:0.000078s ]
INFO: [ app_begin ] --END-- [ RunTime:0.000690s ]
INFO: [ app_end ] --START--
INFO: Run Behavior\ShowPageTraceBehavior [ RunTime:0.000299s ]
INFO: [ app_end ] --END-- [ RunTime:0.000335s ]

[ 2018-11-04T13:56:45+08:00 ] 116.231.128.238 /index.php?g=Api&m=CommonApi&a=uploadFile
INFO: [ app_init ] --START--
INFO: Run Behavior\BuildLiteBehavior [ RunTime:0.000011s ]
INFO: Run Common\Behavior\InitHookBehavior [ RunTime:0.000682s ]
INFO: [ app_init ] --END-- [ RunTime:0.000909s ]
INFO: [ app_begin ] --START--
INFO: Run Behavior\ReadHtmlCacheBehavior [ RunTime:0.000275s ]
INFO: Run Behavior\CheckLangBehavior [ RunTime:0.000280s ]
INFO: Run Common\Behavior\UrldecodeGetBehavior [ RunTime:0.000068s ]
INFO: [ app_begin ] --END-- [ RunTime:0.000683s ]
NOTIC: [2048] Only variables should be passed by reference /www/web/sy_pro_youzewang_com/public_html/application/Api/Controller/CommonApiController.class.php 第 63 行.
INFO: [ app_end ] --START--
INFO: Run Behavior\ShowPageTraceBehavior [ RunTime:0.000267s ]
INFO: [ app_end ] --END-- [ RunTime:0.000295s ]

[ 2018-11-04T13:57:21+08:00 ] 116.231.128.238 /index.php?g=Api&m=CommonApi&a=uploadFile
INFO: [ app_init ] --START--
INFO: Run Behavior\BuildLiteBehavior [ RunTime:0.000011s ]
INFO: Run Common\Behavior\InitHookBehavior [ RunTime:0.000719s ]
INFO: [ app_init ] --END-- [ RunTime:0.000948s ]
INFO: [ app_begin ] --START--
INFO: Run Behavior\ReadHtmlCacheBehavior [ RunTime:0.000262s ]
INFO: Run Behavior\CheckLangBehavior [ RunTime:0.000273s ]
INFO: Run Common\Behavior\UrldecodeGetBehavior [ RunTime:0.000070s ]
INFO: [ app_begin ] --END-- [ RunTime:0.000665s ]
NOTIC: [2048] Only variables should be passed by reference /www/web/sy_pro_youzewang_com/public_html/application/Api/Controller/CommonApiController.class.php 第 63 行.
INFO: [ app_end ] --START--
INFO: Run Behavior\ShowPageTraceBehavior [ RunTime:0.000292s ]
INFO: [ app_end ] --END-- [ RunTime:0.000322s ]

[ 2018-11-04T15:28:52+08:00 ] 116.231.128.238 /index.php?g=Api&m=CommonApi&a=uploadFile
INFO: [ app_init ] --START--
INFO: Run Behavior\BuildLiteBehavior [ RunTime:0.000012s ]
INFO: Run Common\Behavior\InitHookBehavior [ RunTime:0.000663s ]
INFO: [ app_init ] --END-- [ RunTime:0.000920s ]
INFO: [ app_begin ] --START--
INFO: Run Behavior\ReadHtmlCacheBehavior [ RunTime:0.000266s ]
INFO: Run Behavior\CheckLangBehavior [ RunTime:0.000256s ]
INFO: Run Common\Behavior\UrldecodeGetBehavior [ RunTime:0.000063s ]
INFO: [ app_begin ] --END-- [ RunTime:0.000649s ]
NOTIC: [2048] Only variables should be passed by reference /www/web/sy_pro_youzewang_com/public_html/application/Api/Controller/CommonApiController.class.php 第 63 行.
INFO: [ app_end ] --START--
INFO: Run Behavior\ShowPageTraceBehavior [ RunTime:0.000253s ]
INFO: [ app_end ] --END-- [ RunTime:0.000282s ]

[ 2018-11-04T15:32:55+08:00 ] 116.231.128.238 /index.php?g=Api&m=CommonApi&a=uploadFile
INFO: [ app_init ] --START--
INFO: Run Behavior\BuildLiteBehavior [ RunTime:0.000012s ]
INFO: Run Common\Behavior\InitHookBehavior [ RunTime:0.000654s ]
INFO: [ app_init ] --END-- [ RunTime:0.000882s ]
INFO: [ app_begin ] --START--
INFO: Run Behavior\ReadHtmlCacheBehavior [ RunTime:0.000256s ]
INFO: Run Behavior\CheckLangBehavior [ RunTime:0.000298s ]
INFO: Run Common\Behavior\UrldecodeGetBehavior [ RunTime:0.000068s ]
INFO: [ app_begin ] --END-- [ RunTime:0.000681s ]
NOTIC: [2048] Only variables should be passed by reference /www/web/sy_pro_youzewang_com/public_html/application/Api/Controller/CommonApiController.class.php 第 63 行.
INFO: [ app_end ] --START--
INFO: Run Behavior\ShowPageTraceBehavior [ RunTime:0.000259s ]
INFO: [ app_end ] --END-- [ RunTime:0.000286s ]

[ 2018-11-04T15:33:28+08:00 ] 116.231.128.238 /index.php?g=Api&m=CommonApi&a=uploadFile
INFO: [ app_init ] --START--
INFO: Run Behavior\BuildLiteBehavior [ RunTime:0.000012s ]
INFO: Run Common\Behavior\InitHookBehavior [ RunTime:0.000672s ]
INFO: [ app_init ] --END-- [ RunTime:0.000924s ]
INFO: [ app_begin ] --START--
INFO: Run Behavior\ReadHtmlCacheBehavior [ RunTime:0.000274s ]
INFO: Run Behavior\CheckLangBehavior [ RunTime:0.000267s ]
INFO: Run Common\Behavior\UrldecodeGetBehavior [ RunTime:0.000067s ]
INFO: [ app_begin ] --END-- [ RunTime:0.000677s ]
NOTIC: [2048] Only variables should be passed by reference /www/web/sy_pro_youzewang_com/public_html/application/Api/Controller/CommonApiController.class.php 第 63 行.
INFO: [ app_end ] --START--
INFO: Run Behavior\ShowPageTraceBehavior [ RunTime:0.000258s ]
INFO: [ app_end ] --END-- [ RunTime:0.000286s ]

[ 2018-11-04T15:33:33+08:00 ] 116.231.128.238 /index.php?g=Api&m=CommonApi&a=uploadFile
INFO: [ app_init ] --START--
INFO: Run Behavior\BuildLiteBehavior [ RunTime:0.000012s ]
INFO: Run Common\Behavior\InitHookBehavior [ RunTime:0.000713s ]
INFO: [ app_init ] --END-- [ RunTime:0.000949s ]
INFO: [ app_begin ] --START--
INFO: Run Behavior\ReadHtmlCacheBehavior [ RunTime:0.000291s ]
INFO: Run Behavior\CheckLangBehavior [ RunTime:0.000306s ]
INFO: Run Common\Behavior\UrldecodeGetBehavior [ RunTime:0.000074s ]
INFO: [ app_begin ] --END-- [ RunTime:0.000751s ]
NOTIC: [2048] Only variables should be passed by reference /www/web/sy_pro_youzewang_com/public_html/application/Api/Controller/CommonApiController.class.php 第 63 行.
INFO: [ app_end ] --START--
INFO: Run Behavior\ShowPageTraceBehavior [ RunTime:0.000295s ]
INFO: [ app_end ] --END-- [ RunTime:0.000326s ]

[ 2018-11-04T15:59:44+08:00 ] 116.231.128.238 /index.php?g=Api&m=CommonApi&a=uploadFile
INFO: [ app_init ] --START--
INFO: Run Behavior\BuildLiteBehavior [ RunTime:0.000013s ]
INFO: Run Common\Behavior\InitHookBehavior [ RunTime:0.000700s ]
INFO: [ app_init ] --END-- [ RunTime:0.000986s ]
INFO: [ app_begin ] --START--
INFO: Run Behavior\ReadHtmlCacheBehavior [ RunTime:0.000293s ]
INFO: Run Behavior\CheckLangBehavior [ RunTime:0.000316s ]
INFO: Run Common\Behavior\UrldecodeGetBehavior [ RunTime:0.000073s ]
INFO: [ app_begin ] --END-- [ RunTime:0.000743s ]
NOTIC: [2048] Only variables should be passed by reference /www/web/sy_pro_youzewang_com/public_html/application/Api/Controller/CommonApiController.class.php 第 63 行.
INFO: [ app_end ] --START--
INFO: Run Behavior\ShowPageTraceBehavior [ RunTime:0.000281s ]
INFO: [ app_end ] --END-- [ RunTime:0.000310s ]

[ 2018-11-04T15:59:54+08:00 ] 116.231.128.238 /index.php?g=Api&m=CommonApi&a=uploadFile
INFO: [ app_init ] --START--
INFO: Run Behavior\BuildLiteBehavior [ RunTime:0.000017s ]
INFO: Run Common\Behavior\InitHookBehavior [ RunTime:0.000694s ]
INFO: [ app_init ] --END-- [ RunTime:0.000952s ]
INFO: [ app_begin ] --START--
INFO: Run Behavior\ReadHtmlCacheBehavior [ RunTime:0.000261s ]
INFO: Run Behavior\CheckLangBehavior [ RunTime:0.000262s ]
INFO: Run Common\Behavior\UrldecodeGetBehavior [ RunTime:0.000066s ]
INFO: [ app_begin ] --END-- [ RunTime:0.000649s ]
NOTIC: [2048] Only variables should be passed by reference /www/web/sy_pro_youzewang_com/public_html/application/Api/Controller/CommonApiController.class.php 第 63 行.
INFO: [ app_end ] --START--
INFO: Run Behavior\ShowPageTraceBehavior [ RunTime:0.000270s ]
INFO: [ app_end ] --END-- [ RunTime:0.000298s ]

[ 2018-11-04T16:00:10+08:00 ] 116.231.128.238 /index.php?g=Api&m=CommonApi&a=uploadFile
INFO: [ app_init ] --START--
INFO: Run Behavior\BuildLiteBehavior [ RunTime:0.000011s ]
INFO: Run Common\Behavior\InitHookBehavior [ RunTime:0.000659s ]
INFO: [ app_init ] --END-- [ RunTime:0.000885s ]
INFO: [ app_begin ] --START--
INFO: Run Behavior\ReadHtmlCacheBehavior [ RunTime:0.000279s ]
INFO: Run Behavior\CheckLangBehavior [ RunTime:0.000258s ]
INFO: Run Common\Behavior\UrldecodeGetBehavior [ RunTime:0.000064s ]
INFO: [ app_begin ] --END-- [ RunTime:0.000660s ]
NOTIC: [2048] Only variables should be passed by reference /www/web/sy_pro_youzewang_com/public_html/application/Api/Controller/CommonApiController.class.php 第 63 行.
INFO: [ app_end ] --START--
INFO: Run Behavior\ShowPageTraceBehavior [ RunTime:0.000259s ]
INFO: [ app_end ] --END-- [ RunTime:0.000285s ]

[ 2018-11-04T16:00:14+08:00 ] 116.231.128.238 /index.php?g=Api&m=CommonApi&a=uploadFile
INFO: [ app_init ] --START--
INFO: Run Behavior\BuildLiteBehavior [ RunTime:0.000011s ]
INFO: Run Common\Behavior\InitHookBehavior [ RunTime:0.000699s ]
INFO: [ app_init ] --END-- [ RunTime:0.000929s ]
INFO: [ app_begin ] --START--
INFO: Run Behavior\ReadHtmlCacheBehavior [ RunTime:0.000265s ]
INFO: Run Behavior\CheckLangBehavior [ RunTime:0.000280s ]
INFO: Run Common\Behavior\UrldecodeGetBehavior [ RunTime:0.000068s ]
INFO: [ app_begin ] --END-- [ RunTime:0.000673s ]
NOTIC: [2048] Only variables should be passed by reference /www/web/sy_pro_youzewang_com/public_html/application/Api/Controller/CommonApiController.class.php 第 63 行.
INFO: [ app_end ] --START--
INFO: Run Behavior\ShowPageTraceBehavior [ RunTime:0.000290s ]
INFO: [ app_end ] --END-- [ RunTime:0.000319s ]

[ 2018-11-04T16:00:23+08:00 ] 116.231.128.238 /index.php?g=Api&m=CommonApi&a=uploadFile
INFO: [ app_init ] --START--
INFO: Run Behavior\BuildLiteBehavior [ RunTime:0.000013s ]
INFO: Run Common\Behavior\InitHookBehavior [ RunTime:0.000687s ]
INFO: [ app_init ] --END-- [ RunTime:0.000955s ]
INFO: [ app_begin ] --START--
INFO: Run Behavior\ReadHtmlCacheBehavior [ RunTime:0.000277s ]
INFO: Run Behavior\CheckLangBehavior [ RunTime:0.000268s ]
INFO: Run Common\Behavior\UrldecodeGetBehavior [ RunTime:0.000065s ]
INFO: [ app_begin ] --END-- [ RunTime:0.000672s ]
NOTIC: [2048] Only variables should be passed by reference /www/web/sy_pro_youzewang_com/public_html/application/Api/Controller/CommonApiController.class.php 第 63 行.
INFO: [ app_end ] --START--
INFO: Run Behavior\ShowPageTraceBehavior [ RunTime:0.000262s ]
INFO: [ app_end ] --END-- [ RunTime:0.000289s ]

[ 2018-11-04T16:00:37+08:00 ] 116.231.128.238 /index.php?g=Api&m=CommonApi&a=uploadFile
INFO: [ app_init ] --START--
INFO: Run Behavior\BuildLiteBehavior [ RunTime:0.000013s ]
INFO: Run Common\Behavior\InitHookBehavior [ RunTime:0.000646s ]
INFO: [ app_init ] --END-- [ RunTime:0.000867s ]
INFO: [ app_begin ] --START--
INFO: Run Behavior\ReadHtmlCacheBehavior [ RunTime:0.000286s ]
INFO: Run Behavior\CheckLangBehavior [ RunTime:0.000262s ]
INFO: Run Common\Behavior\UrldecodeGetBehavior [ RunTime:0.000065s ]
INFO: [ app_begin ] --END-- [ RunTime:0.000674s ]
NOTIC: [2048] Only variables should be passed by reference /www/web/sy_pro_youzewang_com/public_html/application/Api/Controller/CommonApiController.class.php 第 63 行.
INFO: [ app_end ] --START--
INFO: Run Behavior\ShowPageTraceBehavior [ RunTime:0.000253s ]
INFO: [ app_end ] --END-- [ RunTime:0.000280s ]

[ 2018-11-04T16:00:41+08:00 ] 116.231.128.238 /index.php?g=Api&m=CommonApi&a=uploadFile
INFO: [ app_init ] --START--
INFO: Run Behavior\BuildLiteBehavior [ RunTime:0.000012s ]
INFO: Run Common\Behavior\InitHookBehavior [ RunTime:0.000666s ]
INFO: [ app_init ] --END-- [ RunTime:0.000907s ]
INFO: [ app_begin ] --START--
INFO: Run Behavior\ReadHtmlCacheBehavior [ RunTime:0.000251s ]
INFO: Run Behavior\CheckLangBehavior [ RunTime:0.000257s ]
INFO: Run Common\Behavior\UrldecodeGetBehavior [ RunTime:0.000085s ]
INFO: [ app_begin ] --END-- [ RunTime:0.000677s ]
NOTIC: [2048] Only variables should be passed by reference /www/web/sy_pro_youzewang_com/public_html/application/Api/Controller/CommonApiController.class.php 第 63 行.
INFO: [ app_end ] --START--
INFO: Run Behavior\ShowPageTraceBehavior [ RunTime:0.000278s ]
INFO: [ app_end ] --END-- [ RunTime:0.000307s ]

[ 2018-11-04T16:00:45+08:00 ] 116.231.128.238 /index.php?g=Api&m=CommonApi&a=uploadFile
INFO: [ app_init ] --START--
INFO: Run Behavior\BuildLiteBehavior [ RunTime:0.000015s ]
INFO: Run Common\Behavior\InitHookBehavior [ RunTime:0.000666s ]
INFO: [ app_init ] --END-- [ RunTime:0.000912s ]
INFO: [ app_begin ] --START--
INFO: Run Behavior\ReadHtmlCacheBehavior [ RunTime:0.000268s ]
INFO: Run Behavior\CheckLangBehavior [ RunTime:0.000296s ]
INFO: Run Common\Behavior\UrldecodeGetBehavior [ RunTime:0.000067s ]
INFO: [ app_begin ] --END-- [ RunTime:0.000692s ]
NOTIC: [2048] Only variables should be passed by reference /www/web/sy_pro_youzewang_com/public_html/application/Api/Controller/CommonApiController.class.php 第 63 行.
INFO: [ app_end ] --START--
INFO: Run Behavior\ShowPageTraceBehavior [ RunTime:0.000255s ]
INFO: [ app_end ] --END-- [ RunTime:0.000282s ]

[ 2018-11-04T17:43:31+08:00 ] 116.231.128.238 /index.php?g=Api&m=CommonApi&a=test
INFO: [ app_init ] --START--
INFO: Run Behavior\BuildLiteBehavior [ RunTime:0.000011s ]
INFO: Run Common\Behavior\InitHookBehavior [ RunTime:0.000721s ]
INFO: [ app_init ] --END-- [ RunTime:0.000955s ]
INFO: [ app_begin ] --START--
INFO: Run Behavior\ReadHtmlCacheBehavior [ RunTime:0.000262s ]
INFO: Run Behavior\CheckLangBehavior [ RunTime:0.000309s ]
INFO: Run Common\Behavior\UrldecodeGetBehavior [ RunTime:0.000070s ]
INFO: [ app_begin ] --END-- [ RunTime:0.000704s ]
INFO: [ app_end ] --START--
INFO: Run Behavior\ShowPageTraceBehavior [ RunTime:0.000292s ]
INFO: [ app_end ] --END-- [ RunTime:0.000326s ]

[ 2018-11-04T18:31:59+08:00 ] 116.231.128.238 /index.php?g=Api&m=CommonApi&a=uploadFile
INFO: [ app_init ] --START--
INFO: Run Behavior\BuildLiteBehavior [ RunTime:0.000011s ]
INFO: Run Common\Behavior\InitHookBehavior [ RunTime:0.000687s ]
INFO: [ app_init ] --END-- [ RunTime:0.000911s ]
INFO: [ app_begin ] --START--
INFO: Run Behavior\ReadHtmlCacheBehavior [ RunTime:0.000259s ]
INFO: Run Behavior\CheckLangBehavior [ RunTime:0.000265s ]
INFO: Run Common\Behavior\UrldecodeGetBehavior [ RunTime:0.000100s ]
INFO: [ app_begin ] --END-- [ RunTime:0.000689s ]
NOTIC: [2048] Only variables should be passed by reference /www/web/sy_pro_youzewang_com/public_html/application/Api/Controller/CommonApiController.class.php 第 63 行.
NOTIC: [2] move_uploaded_file(https://sy.pro.youzewang.com/data/upload/1541327519.jpg): failed to open stream: HTTP wrapper does not support writeable connections /www/web/sy_pro_youzewang_com/public_html/application/Api/Controller/CommonApiController.class.php 第 89 行.
NOTIC: [2] move_uploaded_file(): Unable to move '/tmp/phpk7iILq' to 'https://sy.pro.youzewang.com/data/upload/1541327519.jpg' /www/web/sy_pro_youzewang_com/public_html/application/Api/Controller/CommonApiController.class.php 第 89 行.
INFO: [ app_end ] --START--
INFO: Run Behavior\ShowPageTraceBehavior [ RunTime:0.000300s ]
INFO: [ app_end ] --END-- [ RunTime:0.000328s ]

[ 2018-11-04T18:33:01+08:00 ] 116.231.128.238 /index.php?g=Api&m=CommonApi&a=uploadFile
INFO: [ app_init ] --START--
INFO: Run Behavior\BuildLiteBehavior [ RunTime:0.000012s ]
INFO: Run Common\Behavior\InitHookBehavior [ RunTime:0.000684s ]
INFO: [ app_init ] --END-- [ RunTime:0.000903s ]
INFO: [ app_begin ] --START--
INFO: Run Behavior\ReadHtmlCacheBehavior [ RunTime:0.000263s ]
INFO: Run Behavior\CheckLangBehavior [ RunTime:0.000289s ]
INFO: Run Common\Behavior\UrldecodeGetBehavior [ RunTime:0.000068s ]
INFO: [ app_begin ] --END-- [ RunTime:0.000683s ]
NOTIC: [2048] Only variables should be passed by reference /www/web/sy_pro_youzewang_com/public_html/application/Api/Controller/CommonApiController.class.php 第 63 行.
INFO: [ app_end ] --START--
INFO: Run Behavior\ShowPageTraceBehavior [ RunTime:0.000266s ]
INFO: [ app_end ] --END-- [ RunTime:0.000296s ]

[ 2018-11-04T18:33:12+08:00 ] 116.231.128.238 /index.php?g=Api&m=CommonApi&a=uploadFile
INFO: [ app_init ] --START--
INFO: Run Behavior\BuildLiteBehavior [ RunTime:0.000012s ]
INFO: Run Common\Behavior\InitHookBehavior [ RunTime:0.000697s ]
INFO: [ app_init ] --END-- [ RunTime:0.000938s ]
INFO: [ app_begin ] --START--
INFO: Run Behavior\ReadHtmlCacheBehavior [ RunTime:0.000265s ]
INFO: Run Behavior\CheckLangBehavior [ RunTime:0.000266s ]
INFO: Run Common\Behavior\UrldecodeGetBehavior [ RunTime:0.000067s ]
INFO: [ app_begin ] --END-- [ RunTime:0.000655s ]
NOTIC: [2048] Only variables should be passed by reference /www/web/sy_pro_youzewang_com/public_html/application/Api/Controller/CommonApiController.class.php 第 63 行.
INFO: [ app_end ] --START--
INFO: Run Behavior\ShowPageTraceBehavior [ RunTime:0.000301s ]
INFO: [ app_end ] --END-- [ RunTime:0.000336s ]

[ 2018-11-04T18:40:41+08:00 ] 116.231.128.238 /index.php?g=Api&m=CommonApi&a=uploadFile
INFO: [ app_init ] --START--
INFO: Run Behavior\BuildLiteBehavior [ RunTime:0.000011s ]
INFO: Run Common\Behavior\InitHookBehavior [ RunTime:0.000693s ]
INFO: [ app_init ] --END-- [ RunTime:0.000913s ]
INFO: [ app_begin ] --START--
INFO: Run Behavior\ReadHtmlCacheBehavior [ RunTime:0.000265s ]
INFO: Run Behavior\CheckLangBehavior [ RunTime:0.000309s ]
INFO: Run Common\Behavior\UrldecodeGetBehavior [ RunTime:0.000077s ]
INFO: [ app_begin ] --END-- [ RunTime:0.000712s ]
NOTIC: [2048] Only variables should be passed by reference /www/web/sy_pro_youzewang_com/public_html/application/Api/Controller/CommonApiController.class.php 第 63 行.
INFO: [ app_end ] --START--
INFO: Run Behavior\ShowPageTraceBehavior [ RunTime:0.000265s ]
INFO: [ app_end ] --END-- [ RunTime:0.000294s ]

[ 2018-11-04T18:45:13+08:00 ] 116.231.128.238 /index.php?g=Api&m=CommonApi&a=uploadFile
INFO: [ app_init ] --START--
INFO: Run Behavior\BuildLiteBehavior [ RunTime:0.000012s ]
INFO: Run Common\Behavior\InitHookBehavior [ RunTime:0.000713s ]
INFO: [ app_init ] --END-- [ RunTime:0.000944s ]
INFO: [ app_begin ] --START--
INFO: Run Behavior\ReadHtmlCacheBehavior [ RunTime:0.000314s ]
INFO: Run Behavior\CheckLangBehavior [ RunTime:0.000297s ]
INFO: Run Common\Behavior\UrldecodeGetBehavior [ RunTime:0.000069s ]
INFO: [ app_begin ] --END-- [ RunTime:0.000745s ]
NOTIC: [2048] Only variables should be passed by reference /www/web/sy_pro_youzewang_com/public_html/application/Api/Controller/CommonApiController.class.php 第 63 行.
INFO: [ app_end ] --START--
INFO: Run Behavior\ShowPageTraceBehavior [ RunTime:0.000263s ]
INFO: [ app_end ] --END-- [ RunTime:0.000291s ]

[ 2018-11-04T18:45:32+08:00 ] 116.231.128.238 /index.php?g=Api&m=CommonApi&a=uploadFile
INFO: [ app_init ] --START--
INFO: Run Behavior\BuildLiteBehavior [ RunTime:0.000013s ]
INFO: Run Common\Behavior\InitHookBehavior [ RunTime:0.000706s ]
INFO: [ app_init ] --END-- [ RunTime:0.000985s ]
INFO: [ app_begin ] --START--
INFO: Run Behavior\ReadHtmlCacheBehavior [ RunTime:0.000276s ]
INFO: Run Behavior\CheckLangBehavior [ RunTime:0.000271s ]
INFO: Run Common\Behavior\UrldecodeGetBehavior [ RunTime:0.000069s ]
INFO: [ app_begin ] --END-- [ RunTime:0.000688s ]
NOTIC: [2048] Only variables should be passed by reference /www/web/sy_pro_youzewang_com/public_html/application/Api/Controller/CommonApiController.class.php 第 63 行.
INFO: [ app_end ] --START--
INFO: Run Behavior\ShowPageTraceBehavior [ RunTime:0.000261s ]
INFO: [ app_end ] --END-- [ RunTime:0.000290s ]

[ 2018-11-04T18:46:46+08:00 ] 116.231.128.238 /index.php?g=Api&m=CommonApi&a=uploadFile
INFO: [ app_init ] --START--
INFO: Run Behavior\BuildLiteBehavior [ RunTime:0.000020s ]
INFO: Run Common\Behavior\InitHookBehavior [ RunTime:0.000669s ]
INFO: [ app_init ] --END-- [ RunTime:0.000938s ]
INFO: [ app_begin ] --START--
INFO: Run Behavior\ReadHtmlCacheBehavior [ RunTime:0.000261s ]
INFO: Run Behavior\CheckLangBehavior [ RunTime:0.000282s ]
INFO: Run Common\Behavior\UrldecodeGetBehavior [ RunTime:0.000064s ]
INFO: [ app_begin ] --END-- [ RunTime:0.000669s ]
NOTIC: [2048] Only variables should be passed by reference /www/web/sy_pro_youzewang_com/public_html/application/Api/Controller/CommonApiController.class.php 第 63 行.
INFO: [ app_end ] --START--
INFO: Run Behavior\ShowPageTraceBehavior [ RunTime:0.000262s ]
INFO: [ app_end ] --END-- [ RunTime:0.000290s ]

[ 2018-11-04T18:47:00+08:00 ] 116.231.128.238 /index.php?g=Api&m=CommonApi&a=uploadFile
INFO: [ app_init ] --START--
INFO: Run Behavior\BuildLiteBehavior [ RunTime:0.000011s ]
INFO: Run Common\Behavior\InitHookBehavior [ RunTime:0.000692s ]
INFO: [ app_init ] --END-- [ RunTime:0.000915s ]
INFO: [ app_begin ] --START--
INFO: Run Behavior\ReadHtmlCacheBehavior [ RunTime:0.000265s ]
INFO: Run Behavior\CheckLangBehavior [ RunTime:0.000266s ]
INFO: Run Common\Behavior\UrldecodeGetBehavior [ RunTime:0.000077s ]
INFO: [ app_begin ] --END-- [ RunTime:0.000667s ]
NOTIC: [2048] Only variables should be passed by reference /www/web/sy_pro_youzewang_com/public_html/application/Api/Controller/CommonApiController.class.php 第 63 行.
INFO: [ app_end ] --START--
INFO: Run Behavior\ShowPageTraceBehavior [ RunTime:0.000305s ]
INFO: [ app_end ] --END-- [ RunTime:0.000335s ]

[ 2018-11-04T18:47:03+08:00 ] 116.231.128.238 /index.php?g=Api&m=CommonApi&a=uploadFile
INFO: [ app_init ] --START--
INFO: Run Behavior\BuildLiteBehavior [ RunTime:0.000012s ]
INFO: Run Common\Behavior\InitHookBehavior [ RunTime:0.000700s ]
INFO: [ app_init ] --END-- [ RunTime:0.000925s ]
INFO: [ app_begin ] --START--
INFO: Run Behavior\ReadHtmlCacheBehavior [ RunTime:0.000263s ]
INFO: Run Behavior\CheckLangBehavior [ RunTime:0.000289s ]
INFO: Run Common\Behavior\UrldecodeGetBehavior [ RunTime:0.000066s ]
INFO: [ app_begin ] --END-- [ RunTime:0.000679s ]
NOTIC: [2048] Only variables should be passed by reference /www/web/sy_pro_youzewang_com/public_html/application/Api/Controller/CommonApiController.class.php 第 63 行.
INFO: [ app_end ] --START--
INFO: Run Behavior\ShowPageTraceBehavior [ RunTime:0.000263s ]
INFO: [ app_end ] --END-- [ RunTime:0.000291s ]

[ 2018-11-04T18:47:16+08:00 ] 116.231.128.238 /index.php?g=Api&m=CommonApi&a=uploadFile
INFO: [ app_init ] --START--
INFO: Run Behavior\BuildLiteBehavior [ RunTime:0.000012s ]
INFO: Run Common\Behavior\InitHookBehavior [ RunTime:0.000642s ]
INFO: [ app_init ] --END-- [ RunTime:0.000882s ]
INFO: [ app_begin ] --START--
INFO: Run Behavior\ReadHtmlCacheBehavior [ RunTime:0.000269s ]
INFO: Run Behavior\CheckLangBehavior [ RunTime:0.000260s ]
INFO: Run Common\Behavior\UrldecodeGetBehavior [ RunTime:0.000064s ]
INFO: [ app_begin ] --END-- [ RunTime:0.000655s ]
NOTIC: [2048] Only variables should be passed by reference /www/web/sy_pro_youzewang_com/public_html/application/Api/Controller/CommonApiController.class.php 第 63 行.
INFO: [ app_end ] --START--
INFO: Run Behavior\ShowPageTraceBehavior [ RunTime:0.000258s ]
INFO: [ app_end ] --END-- [ RunTime:0.000286s ]

[ 2018-11-04T18:47:29+08:00 ] 116.231.128.238 /index.php?g=Api&m=CommonApi&a=uploadFile
INFO: [ app_init ] --START--
INFO: Run Behavior\BuildLiteBehavior [ RunTime:0.000012s ]
INFO: Run Common\Behavior\InitHookBehavior [ RunTime:0.000709s ]
INFO: [ app_init ] --END-- [ RunTime:0.000959s ]
INFO: [ app_begin ] --START--
INFO: Run Behavior\ReadHtmlCacheBehavior [ RunTime:0.000269s ]
INFO: Run Behavior\CheckLangBehavior [ RunTime:0.000304s ]
INFO: Run Common\Behavior\UrldecodeGetBehavior [ RunTime:0.000069s ]
INFO: [ app_begin ] --END-- [ RunTime:0.000704s ]
NOTIC: [2048] Only variables should be passed by reference /www/web/sy_pro_youzewang_com/public_html/application/Api/Controller/CommonApiController.class.php 第 63 行.
INFO: [ app_end ] --START--
INFO: Run Behavior\ShowPageTraceBehavior [ RunTime:0.000260s ]
INFO: [ app_end ] --END-- [ RunTime:0.000288s ]

[ 2018-11-04T19:39:52+08:00 ] 116.231.128.238 /index.php?g=Api&m=CommonApi&a=uploadFile
INFO: [ app_init ] --START--
INFO: Run Behavior\BuildLiteBehavior [ RunTime:0.000012s ]
INFO: Run Common\Behavior\InitHookBehavior [ RunTime:0.000708s ]
INFO: [ app_init ] --END-- [ RunTime:0.000933s ]
INFO: [ app_begin ] --START--
INFO: Run Behavior\ReadHtmlCacheBehavior [ RunTime:0.000263s ]
INFO: Run Behavior\CheckLangBehavior [ RunTime:0.000289s ]
INFO: Run Common\Behavior\UrldecodeGetBehavior [ RunTime:0.000070s ]
INFO: [ app_begin ] --END-- [ RunTime:0.000684s ]
NOTIC: [2048] Only variables should be passed by reference /www/web/sy_pro_youzewang_com/public_html/application/Api/Controller/CommonApiController.class.php 第 63 行.
INFO: [ app_end ] --START--
INFO: Run Behavior\ShowPageTraceBehavior [ RunTime:0.000277s ]
INFO: [ app_end ] --END-- [ RunTime:0.000322s ]

[ 2018-11-04T19:42:00+08:00 ] 116.231.128.238 /index.php?g=Api&m=CommonApi&a=uploadFile
INFO: [ app_init ] --START--
INFO: Run Behavior\BuildLiteBehavior [ RunTime:0.000012s ]
INFO: Run Common\Behavior\InitHookBehavior [ RunTime:0.000643s ]
INFO: [ app_init ] --END-- [ RunTime:0.000872s ]
INFO: [ app_begin ] --START--
INFO: Run Behavior\ReadHtmlCacheBehavior [ RunTime:0.000299s ]
INFO: Run Behavior\CheckLangBehavior [ RunTime:0.000261s ]
INFO: Run Common\Behavior\UrldecodeGetBehavior [ RunTime:0.000064s ]
INFO: [ app_begin ] --END-- [ RunTime:0.000686s ]
NOTIC: [2048] Only variables should be passed by reference /www/web/sy_pro_youzewang_com/public_html/application/Api/Controller/CommonApiController.class.php 第 63 行.
INFO: [ app_end ] --START--
INFO: Run Behavior\ShowPageTraceBehavior [ RunTime:0.000254s ]
INFO: [ app_end ] --END-- [ RunTime:0.000282s ]

[ 2018-11-04T19:42:06+08:00 ] 116.231.128.238 /index.php?g=Api&m=CommonApi&a=uploadFile
INFO: [ app_init ] --START--
INFO: Run Behavior\BuildLiteBehavior [ RunTime:0.000011s ]
INFO: Run Common\Behavior\InitHookBehavior [ RunTime:0.000678s ]
INFO: [ app_init ] --END-- [ RunTime:0.000894s ]
INFO: [ app_begin ] --START--
INFO: Run Behavior\ReadHtmlCacheBehavior [ RunTime:0.000253s ]
INFO: Run Behavior\CheckLangBehavior [ RunTime:0.000283s ]
INFO: Run Common\Behavior\UrldecodeGetBehavior [ RunTime:0.000069s ]
INFO: [ app_begin ] --END-- [ RunTime:0.000663s ]
NOTIC: [2048] Only variables should be passed by reference /www/web/sy_pro_youzewang_com/public_html/application/Api/Controller/CommonApiController.class.php 第 63 行.
INFO: [ app_end ] --START--
INFO: Run Behavior\ShowPageTraceBehavior [ RunTime:0.000258s ]
INFO: [ app_end ] --END-- [ RunTime:0.000288s ]

[ 2018-11-04T19:47:02+08:00 ] 116.231.128.238 /index.php?g=Api&m=CommonApi&a=test
INFO: [ app_init ] --START--
INFO: Run Behavior\BuildLiteBehavior [ RunTime:0.000013s ]
INFO: Run Common\Behavior\InitHookBehavior [ RunTime:0.000667s ]
INFO: [ app_init ] --END-- [ RunTime:0.000895s ]
INFO: [ app_begin ] --START--
INFO: Run Behavior\ReadHtmlCacheBehavior [ RunTime:0.000272s ]
INFO: Run Behavior\CheckLangBehavior [ RunTime:0.000297s ]
INFO: Run Common\Behavior\UrldecodeGetBehavior [ RunTime:0.000068s ]
INFO: [ app_begin ] --END-- [ RunTime:0.000700s ]
ERR: 非法操作:test

[ 2018-11-04T19:47:04+08:00 ] 116.231.128.238 /index.php?g=Api&m=CommonApi&a=getImgList
INFO: [ app_init ] --START--
INFO: Run Behavior\BuildLiteBehavior [ RunTime:0.000012s ]
INFO: Run Common\Behavior\InitHookBehavior [ RunTime:0.000747s ]
INFO: [ app_init ] --END-- [ RunTime:0.000978s ]
INFO: [ app_begin ] --START--
INFO: Run Behavior\ReadHtmlCacheBehavior [ RunTime:0.000268s ]
INFO: Run Behavior\CheckLangBehavior [ RunTime:0.000266s ]
INFO: Run Common\Behavior\UrldecodeGetBehavior [ RunTime:0.000080s ]
INFO: [ app_begin ] --END-- [ RunTime:0.000689s ]
SQL: SHOW COLUMNS FROM `tb_auto_lunbo` [ RunTime:0.0005s ]
SQL: SELECT * FROM `tb_auto_lunbo`  [ RunTime:0.0002s ]
INFO: [ app_end ] --START--
INFO: Run Behavior\ShowPageTraceBehavior [ RunTime:0.000287s ]
INFO: [ app_end ] --END-- [ RunTime:0.000314s ]

[ 2018-11-04T19:47:18+08:00 ] 116.231.128.238 /index.php?g=Api&m=CommonApi&a=getImgList
INFO: [ app_init ] --START--
INFO: Run Behavior\BuildLiteBehavior [ RunTime:0.000016s ]
INFO: Run Common\Behavior\InitHookBehavior [ RunTime:0.000962s ]
INFO: [ app_init ] --END-- [ RunTime:0.001284s ]
INFO: [ app_begin ] --START--
INFO: Run Behavior\ReadHtmlCacheBehavior [ RunTime:0.000377s ]
INFO: Run Behavior\CheckLangBehavior [ RunTime:0.000385s ]
INFO: Run Common\Behavior\UrldecodeGetBehavior [ RunTime:0.000085s ]
INFO: [ app_begin ] --END-- [ RunTime:0.000930s ]
SQL: SHOW COLUMNS FROM `tb_auto_lunbo` [ RunTime:0.0004s ]
SQL: SELECT * FROM `tb_auto_lunbo`  [ RunTime:0.0001s ]
INFO: [ app_end ] --START--
INFO: Run Behavior\ShowPageTraceBehavior [ RunTime:0.000312s ]
INFO: [ app_end ] --END-- [ RunTime:0.000339s ]

[ 2018-11-04T19:47:35+08:00 ] 116.231.128.238 /index.php?g=Api&m=CommonApi&a=uploadFile
INFO: [ app_init ] --START--
INFO: Run Behavior\BuildLiteBehavior [ RunTime:0.000011s ]
INFO: Run Common\Behavior\InitHookBehavior [ RunTime:0.000630s ]
INFO: [ app_init ] --END-- [ RunTime:0.000862s ]
INFO: [ app_begin ] --START--
INFO: Run Behavior\ReadHtmlCacheBehavior [ RunTime:0.000295s ]
INFO: Run Behavior\CheckLangBehavior [ RunTime:0.000265s ]
INFO: Run Common\Behavior\UrldecodeGetBehavior [ RunTime:0.000065s ]
INFO: [ app_begin ] --END-- [ RunTime:0.000683s ]
NOTIC: [2048] Only variables should be passed by reference /www/web/sy_pro_youzewang_com/public_html/application/Api/Controller/CommonApiController.class.php 第 63 行.
INFO: [ app_end ] --START--
INFO: Run Behavior\ShowPageTraceBehavior [ RunTime:0.000255s ]
INFO: [ app_end ] --END-- [ RunTime:0.000282s ]

[ 2018-11-04T19:47:48+08:00 ] 116.231.128.238 /index.php?g=Api&m=CommonApi&a=uploadFile
INFO: [ app_init ] --START--
INFO: Run Behavior\BuildLiteBehavior [ RunTime:0.000012s ]
INFO: Run Common\Behavior\InitHookBehavior [ RunTime:0.000630s ]
INFO: [ app_init ] --END-- [ RunTime:0.000867s ]
INFO: [ app_begin ] --START--
INFO: Run Behavior\ReadHtmlCacheBehavior [ RunTime:0.000257s ]
INFO: Run Behavior\CheckLangBehavior [ RunTime:0.000296s ]
INFO: Run Common\Behavior\UrldecodeGetBehavior [ RunTime:0.000063s ]
INFO: [ app_begin ] --END-- [ RunTime:0.000678s ]
NOTIC: [2048] Only variables should be passed by reference /www/web/sy_pro_youzewang_com/public_html/application/Api/Controller/CommonApiController.class.php 第 63 行.
INFO: [ app_end ] --START--
INFO: Run Behavior\ShowPageTraceBehavior [ RunTime:0.000248s ]
INFO: [ app_end ] --END-- [ RunTime:0.000275s ]

[ 2018-11-04T19:47:53+08:00 ] 116.231.128.238 /index.php?g=Api&m=CommonApi&a=getImgList
INFO: [ app_init ] --START--
INFO: Run Behavior\BuildLiteBehavior [ RunTime:0.000013s ]
INFO: Run Common\Behavior\InitHookBehavior [ RunTime:0.000913s ]
INFO: [ app_init ] --END-- [ RunTime:0.001206s ]
INFO: [ app_begin ] --START--
INFO: Run Behavior\ReadHtmlCacheBehavior [ RunTime:0.000334s ]
INFO: Run Behavior\CheckLangBehavior [ RunTime:0.000275s ]
INFO: Run Common\Behavior\UrldecodeGetBehavior [ RunTime:0.000067s ]
INFO: [ app_begin ] --END-- [ RunTime:0.000746s ]
SQL: SHOW COLUMNS FROM `tb_auto_lunbo` [ RunTime:0.0004s ]
SQL: SELECT * FROM `tb_auto_lunbo`  [ RunTime:0.0002s ]
INFO: [ app_end ] --START--
INFO: Run Behavior\ShowPageTraceBehavior [ RunTime:0.000279s ]
INFO: [ app_end ] --END-- [ RunTime:0.000306s ]

[ 2018-11-04T19:53:21+08:00 ] 116.231.128.238 /index.php?g=Api&m=CommonApi&a=getTypeList
INFO: [ app_init ] --START--
INFO: Run Behavior\BuildLiteBehavior [ RunTime:0.000027s ]
INFO: Run Common\Behavior\InitHookBehavior [ RunTime:0.000649s ]
INFO: [ app_init ] --END-- [ RunTime:0.000903s ]
INFO: [ app_begin ] --START--
INFO: Run Behavior\ReadHtmlCacheBehavior [ RunTime:0.000272s ]
INFO: Run Behavior\CheckLangBehavior [ RunTime:0.000324s ]
INFO: Run Common\Behavior\UrldecodeGetBehavior [ RunTime:0.000070s ]
INFO: [ app_begin ] --END-- [ RunTime:0.000731s ]
SQL: SHOW COLUMNS FROM `tb_auto_type` [ RunTime:0.0005s ]
SQL: SELECT * FROM `tb_auto_type`  [ RunTime:0.0002s ]
INFO: [ app_end ] --START--
INFO: Run Behavior\ShowPageTraceBehavior [ RunTime:0.000284s ]
INFO: [ app_end ] --END-- [ RunTime:0.000312s ]

[ 2018-11-04T19:53:28+08:00 ] 116.231.128.238 /index.php?g=Api&m=CommonApi&a=getTypeList
INFO: [ app_init ] --START--
INFO: Run Behavior\BuildLiteBehavior [ RunTime:0.000011s ]
INFO: Run Common\Behavior\InitHookBehavior [ RunTime:0.000700s ]
INFO: [ app_init ] --END-- [ RunTime:0.000922s ]
INFO: [ app_begin ] --START--
INFO: Run Behavior\ReadHtmlCacheBehavior [ RunTime:0.000273s ]
INFO: Run Behavior\CheckLangBehavior [ RunTime:0.000255s ]
INFO: Run Common\Behavior\UrldecodeGetBehavior [ RunTime:0.000065s ]
INFO: [ app_begin ] --END-- [ RunTime:0.000657s ]
SQL: SHOW COLUMNS FROM `tb_auto_type` [ RunTime:0.0005s ]
SQL: SELECT * FROM `tb_auto_type`  [ RunTime:0.0001s ]
INFO: [ app_end ] --START--
INFO: Run Behavior\ShowPageTraceBehavior [ RunTime:0.000279s ]
INFO: [ app_end ] --END-- [ RunTime:0.000306s ]

[ 2018-11-04T19:55:45+08:00 ] 116.231.128.238 /index.php?g=Api&m=CommonApi&a=getTypeList
INFO: [ app_init ] --START--
INFO: Run Behavior\BuildLiteBehavior [ RunTime:0.000013s ]
INFO: Run Common\Behavior\InitHookBehavior [ RunTime:0.000705s ]
INFO: [ app_init ] --END-- [ RunTime:0.000933s ]
INFO: [ app_begin ] --START--
INFO: Run Behavior\ReadHtmlCacheBehavior [ RunTime:0.000272s ]
INFO: Run Behavior\CheckLangBehavior [ RunTime:0.000313s ]
INFO: Run Common\Behavior\UrldecodeGetBehavior [ RunTime:0.000075s ]
INFO: [ app_begin ] --END-- [ RunTime:0.000727s ]
SQL: SHOW COLUMNS FROM `tb_auto_type` [ RunTime:0.0005s ]
SQL: SELECT * FROM `tb_auto_type`  [ RunTime:0.0001s ]

[ 2018-11-04T19:56:04+08:00 ] 101.89.239.230 /index.php?g=Api&m=CommonApi&a=getTypeList
INFO: [ app_init ] --START--
INFO: Run Behavior\BuildLiteBehavior [ RunTime:0.000011s ]
INFO: Run Common\Behavior\InitHookBehavior [ RunTime:0.000720s ]
INFO: [ app_init ] --END-- [ RunTime:0.000951s ]
INFO: [ app_begin ] --START--
INFO: Run Behavior\ReadHtmlCacheBehavior [ RunTime:0.000262s ]
INFO: Run Behavior\CheckLangBehavior [ RunTime:0.000375s ]
INFO: Run Common\Behavior\UrldecodeGetBehavior [ RunTime:0.000069s ]
INFO: [ app_begin ] --END-- [ RunTime:0.000769s ]
SQL: SHOW COLUMNS FROM `tb_auto_type` [ RunTime:0.0005s ]
SQL: SELECT * FROM `tb_auto_type`  [ RunTime:0.0001s ]

[ 2018-11-04T19:56:04+08:00 ] 61.151.178.165 /index.php?g=Api
INFO: [ app_init ] --START--
INFO: Run Behavior\BuildLiteBehavior [ RunTime:0.000013s ]
INFO: Run Common\Behavior\InitHookBehavior [ RunTime:0.000743s ]
INFO: [ app_init ] --END-- [ RunTime:0.001016s ]
INFO: [ app_begin ] --START--
INFO: Run Behavior\ReadHtmlCacheBehavior [ RunTime:0.000264s ]
INFO: Run Behavior\CheckLangBehavior [ RunTime:0.000322s ]
INFO: Run Common\Behavior\UrldecodeGetBehavior [ RunTime:0.000071s ]
INFO: [ app_begin ] --END-- [ RunTime:0.000721s ]
ERR: 无法加载控制器:Index

[ 2018-11-04T19:56:40+08:00 ] 116.231.128.238 /index.php?g=Api&m=CommonApi&a=getTypeList
INFO: [ app_init ] --START--
INFO: Run Behavior\BuildLiteBehavior [ RunTime:0.000012s ]
INFO: Run Common\Behavior\InitHookBehavior [ RunTime:0.000717s ]
INFO: [ app_init ] --END-- [ RunTime:0.000947s ]
INFO: [ app_begin ] --START--
INFO: Run Behavior\ReadHtmlCacheBehavior [ RunTime:0.000272s ]
INFO: Run Behavior\CheckLangBehavior [ RunTime:0.000261s ]
INFO: Run Common\Behavior\UrldecodeGetBehavior [ RunTime:0.000067s ]
INFO: [ app_begin ] --END-- [ RunTime:0.000662s ]
SQL: SHOW COLUMNS FROM `tb_auto_type` [ RunTime:0.0005s ]
SQL: SELECT * FROM `tb_auto_type`  [ RunTime:0.0001s ]
INFO: [ app_end ] --START--
INFO: Run Behavior\ShowPageTraceBehavior [ RunTime:0.000297s ]
INFO: [ app_end ] --END-- [ RunTime:0.000330s ]

[ 2018-11-04T19:56:44+08:00 ] 116.231.128.238 /index.php?g=Api&m=CommonApi&a=getTypeList
INFO: [ app_init ] --START--
INFO: Run Behavior\BuildLiteBehavior [ RunTime:0.000012s ]
INFO: Run Common\Behavior\InitHookBehavior [ RunTime:0.000695s ]
INFO: [ app_init ] --END-- [ RunTime:0.000936s ]
INFO: [ app_begin ] --START--
INFO: Run Behavior\ReadHtmlCacheBehavior [ RunTime:0.000263s ]
INFO: Run Behavior\CheckLangBehavior [ RunTime:0.000281s ]
INFO: Run Common\Behavior\UrldecodeGetBehavior [ RunTime:0.000067s ]
INFO: [ app_begin ] --END-- [ RunTime:0.000676s ]
SQL: SHOW COLUMNS FROM `tb_auto_type` [ RunTime:0.0006s ]
SQL: SELECT * FROM `tb_auto_type`  [ RunTime:0.0001s ]
INFO: [ app_end ] --START--
INFO: Run Behavior\ShowPageTraceBehavior [ RunTime:0.000406s ]
INFO: [ app_end ] --END-- [ RunTime:0.000442s ]

[ 2018-11-04T19:57:42+08:00 ] 116.231.128.238 /index.php?g=Api&m=CommonApi&a=getTypeList
INFO: [ app_init ] --START--
INFO: Run Behavior\BuildLiteBehavior [ RunTime:0.000013s ]
INFO: Run Common\Behavior\InitHookBehavior [ RunTime:0.000748s ]
INFO: [ app_init ] --END-- [ RunTime:0.000995s ]
INFO: [ app_begin ] --START--
INFO: Run Behavior\ReadHtmlCacheBehavior [ RunTime:0.000274s ]
INFO: Run Behavior\CheckLangBehavior [ RunTime:0.000264s ]
INFO: Run Common\Behavior\UrldecodeGetBehavior [ RunTime:0.000067s ]
INFO: [ app_begin ] --END-- [ RunTime:0.000668s ]
SQL: SHOW COLUMNS FROM `tb_auto_type` [ RunTime:0.0005s ]
SQL: SELECT * FROM `tb_auto_type`  [ RunTime:0.0001s ]

[ 2018-11-04T19:57:45+08:00 ] 116.231.128.238 /index.php?g=Api&m=CommonApi&a=getTypeList
INFO: [ app_init ] --START--
INFO: Run Behavior\BuildLiteBehavior [ RunTime:0.000013s ]
INFO: Run Common\Behavior\InitHookBehavior [ RunTime:0.000746s ]
INFO: [ app_init ] --END-- [ RunTime:0.000982s ]
INFO: [ app_begin ] --START--
INFO: Run Behavior\ReadHtmlCacheBehavior [ RunTime:0.000274s ]
INFO: Run Behavior\CheckLangBehavior [ RunTime:0.000297s ]
INFO: Run Common\Behavior\UrldecodeGetBehavior [ RunTime:0.000077s ]
INFO: [ app_begin ] --END-- [ RunTime:0.000724s ]
SQL: SHOW COLUMNS FROM `tb_auto_type` [ RunTime:0.0005s ]
SQL: SELECT * FROM `tb_auto_type`  [ RunTime:0.0001s ]

[ 2018-11-04T19:57:46+08:00 ] 116.231.128.238 /index.php?g=Api&m=CommonApi&a=getTypeList
INFO: [ app_init ] --START--
INFO: Run Behavior\BuildLiteBehavior [ RunTime:0.000013s ]
INFO: Run Common\Behavior\InitHookBehavior [ RunTime:0.000720s ]
INFO: [ app_init ] --END-- [ RunTime:0.000956s ]
INFO: [ app_begin ] --START--
INFO: Run Behavior\ReadHtmlCacheBehavior [ RunTime:0.000268s ]
INFO: Run Behavior\CheckLangBehavior [ RunTime:0.000261s ]
INFO: Run Common\Behavior\UrldecodeGetBehavior [ RunTime:0.000067s ]
INFO: [ app_begin ] --END-- [ RunTime:0.000660s ]
SQL: SHOW COLUMNS FROM `tb_auto_type` [ RunTime:0.0005s ]
SQL: SELECT * FROM `tb_auto_type`  [ RunTime:0.0001s ]

[ 2018-11-04T19:57:56+08:00 ] 116.231.128.238 /index.php?g=Api&m=CommonApi&a=getTypeList
INFO: [ app_init ] --START--
INFO: Run Behavior\BuildLiteBehavior [ RunTime:0.000012s ]
INFO: Run Common\Behavior\InitHookBehavior [ RunTime:0.000778s ]
INFO: [ app_init ] --END-- [ RunTime:0.001012s ]
INFO: [ app_begin ] --START--
INFO: Run Behavior\ReadHtmlCacheBehavior [ RunTime:0.000269s ]
INFO: Run Behavior\CheckLangBehavior [ RunTime:0.000293s ]
INFO: Run Common\Behavior\UrldecodeGetBehavior [ RunTime:0.000070s ]
INFO: [ app_begin ] --END-- [ RunTime:0.000697s ]
SQL: SHOW COLUMNS FROM `tb_auto_type` [ RunTime:0.0005s ]
SQL: SELECT * FROM `tb_auto_type`  [ RunTime:0.0001s ]

[ 2018-11-04T20:01:09+08:00 ] 116.231.128.238 /index.php?g=Api&m=CommonApi&a=getTypeList
INFO: [ app_init ] --START--
INFO: Run Behavior\BuildLiteBehavior [ RunTime:0.000011s ]
INFO: Run Common\Behavior\InitHookBehavior [ RunTime:0.000644s ]
INFO: [ app_init ] --END-- [ RunTime:0.000892s ]
INFO: [ app_begin ] --START--
INFO: Run Behavior\ReadHtmlCacheBehavior [ RunTime:0.000259s ]
INFO: Run Behavior\CheckLangBehavior [ RunTime:0.000291s ]
INFO: Run Common\Behavior\UrldecodeGetBehavior [ RunTime:0.000067s ]
INFO: [ app_begin ] --END-- [ RunTime:0.000692s ]
SQL: SHOW COLUMNS FROM `tb_auto_type` [ RunTime:0.0005s ]
SQL: SELECT * FROM `tb_auto_type`  [ RunTime:0.0001s ]

[ 2018-11-04T20:03:25+08:00 ] 116.231.128.238 /index.php?g=Api&m=CommonApi&a=getTypeList
INFO: [ app_init ] --START--
INFO: Run Behavior\BuildLiteBehavior [ RunTime:0.000011s ]
INFO: Run Common\Behavior\InitHookBehavior [ RunTime:0.000647s ]
INFO: [ app_init ] --END-- [ RunTime:0.000861s ]
INFO: [ app_begin ] --START--
INFO: Run Behavior\ReadHtmlCacheBehavior [ RunTime:0.000262s ]
INFO: Run Behavior\CheckLangBehavior [ RunTime:0.000255s ]
INFO: Run Common\Behavior\UrldecodeGetBehavior [ RunTime:0.000076s ]
INFO: [ app_begin ] --END-- [ RunTime:0.000656s ]
SQL: SHOW COLUMNS FROM `tb_auto_type` [ RunTime:0.0005s ]
SQL: SELECT * FROM `tb_auto_type`  [ RunTime:0.0001s ]

[ 2018-11-04T20:06:28+08:00 ] 116.231.128.238 /index.php?g=Api&m=CommonApi&a=getTypeList
INFO: [ app_init ] --START--
INFO: Run Behavior\BuildLiteBehavior [ RunTime:0.000014s ]
INFO: Run Common\Behavior\InitHookBehavior [ RunTime:0.000734s ]
INFO: [ app_init ] --END-- [ RunTime:0.001001s ]
INFO: [ app_begin ] --START--
INFO: Run Behavior\ReadHtmlCacheBehavior [ RunTime:0.000293s ]
INFO: Run Behavior\CheckLangBehavior [ RunTime:0.000275s ]
INFO: Run Common\Behavior\UrldecodeGetBehavior [ RunTime:0.000070s ]
INFO: [ app_begin ] --END-- [ RunTime:0.000704s ]
SQL: SHOW COLUMNS FROM `tb_auto_type` [ RunTime:0.0005s ]
SQL: SELECT * FROM `tb_auto_type`  [ RunTime:0.0001s ]

[ 2018-11-04T20:06:58+08:00 ] 116.231.128.238 /index.php?g=Api&m=CommonApi&a=getTypeList
INFO: [ app_init ] --START--
INFO: Run Behavior\BuildLiteBehavior [ RunTime:0.000023s ]
INFO: Run Common\Behavior\InitHookBehavior [ RunTime:0.000916s ]
INFO: [ app_init ] --END-- [ RunTime:0.001237s ]
INFO: [ app_begin ] --START--
INFO: Run Behavior\ReadHtmlCacheBehavior [ RunTime:0.000388s ]
INFO: Run Behavior\CheckLangBehavior [ RunTime:0.000424s ]
INFO: Run Common\Behavior\UrldecodeGetBehavior [ RunTime:0.000090s ]
INFO: [ app_begin ] --END-- [ RunTime:0.000986s ]
SQL: SHOW COLUMNS FROM `tb_auto_type` [ RunTime:0.0005s ]
SQL: SELECT * FROM `tb_auto_type`  [ RunTime:0.0001s ]

[ 2018-11-04T20:06:58+08:00 ] 116.231.128.238 /index.php?g=Api&m=CommonApi&a=getTypeList
INFO: [ app_init ] --START--
INFO: Run Behavior\BuildLiteBehavior [ RunTime:0.000015s ]
INFO: Run Common\Behavior\InitHookBehavior [ RunTime:0.000921s ]
INFO: [ app_init ] --END-- [ RunTime:0.001233s ]
INFO: [ app_begin ] --START--
INFO: Run Behavior\ReadHtmlCacheBehavior [ RunTime:0.000379s ]
INFO: Run Behavior\CheckLangBehavior [ RunTime:0.000403s ]
INFO: Run Common\Behavior\UrldecodeGetBehavior [ RunTime:0.000090s ]
INFO: [ app_begin ] --END-- [ RunTime:0.000954s ]
SQL: SHOW COLUMNS FROM `tb_auto_type` [ RunTime:0.0005s ]
SQL: SELECT * FROM `tb_auto_type`  [ RunTime:0.0001s ]

[ 2018-11-04T20:06:58+08:00 ] 116.231.128.238 /index.php?g=Api&m=CommonApi&a=getTypeList
INFO: [ app_init ] --START--
INFO: Run Behavior\BuildLiteBehavior [ RunTime:0.000014s ]
INFO: Run Common\Behavior\InitHookBehavior [ RunTime:0.000934s ]
INFO: [ app_init ] --END-- [ RunTime:0.001243s ]
INFO: [ app_begin ] --START--
INFO: Run Behavior\ReadHtmlCacheBehavior [ RunTime:0.000373s ]
INFO: Run Behavior\CheckLangBehavior [ RunTime:0.000402s ]
INFO: Run Common\Behavior\UrldecodeGetBehavior [ RunTime:0.000087s ]
INFO: [ app_begin ] --END-- [ RunTime:0.000943s ]
SQL: SHOW COLUMNS FROM `tb_auto_type` [ RunTime:0.0004s ]
SQL: SELECT * FROM `tb_auto_type`  [ RunTime:0.0001s ]

[ 2018-11-04T20:07:00+08:00 ] 116.231.128.238 /index.php?g=Api&m=CommonApi&a=getTypeList
INFO: [ app_init ] --START--
INFO: Run Behavior\BuildLiteBehavior [ RunTime:0.000013s ]
INFO: Run Common\Behavior\InitHookBehavior [ RunTime:0.000731s ]
INFO: [ app_init ] --END-- [ RunTime:0.001003s ]
INFO: [ app_begin ] --START--
INFO: Run Behavior\ReadHtmlCacheBehavior [ RunTime:0.000270s ]
INFO: Run Behavior\CheckLangBehavior [ RunTime:0.000289s ]
INFO: Run Common\Behavior\UrldecodeGetBehavior [ RunTime:0.000068s ]
INFO: [ app_begin ] --END-- [ RunTime:0.000690s ]
SQL: SHOW COLUMNS FROM `tb_auto_type` [ RunTime:0.0005s ]
SQL: SELECT * FROM `tb_auto_type`  [ RunTime:0.0001s ]

[ 2018-11-04T20:07:02+08:00 ] 116.231.128.238 /index.php?g=Api&m=CommonApi&a=getTypeList
INFO: [ app_init ] --START--
INFO: Run Behavior\BuildLiteBehavior [ RunTime:0.000012s ]
INFO: Run Common\Behavior\InitHookBehavior [ RunTime:0.000722s ]
INFO: [ app_init ] --END-- [ RunTime:0.000959s ]
INFO: [ app_begin ] --START--
INFO: Run Behavior\ReadHtmlCacheBehavior [ RunTime:0.000281s ]
INFO: Run Behavior\CheckLangBehavior [ RunTime:0.000283s ]
INFO: Run Common\Behavior\UrldecodeGetBehavior [ RunTime:0.000083s ]
INFO: [ app_begin ] --END-- [ RunTime:0.000733s ]
SQL: SHOW COLUMNS FROM `tb_auto_type` [ RunTime:0.0005s ]
SQL: SELECT * FROM `tb_auto_type`  [ RunTime:0.0001s ]

[ 2018-11-04T20:07:03+08:00 ] 116.231.128.238 /index.php?g=Api&m=CommonApi&a=getTypeList
INFO: [ app_init ] --START--
INFO: Run Behavior\BuildLiteBehavior [ RunTime:0.000011s ]
INFO: Run Common\Behavior\InitHookBehavior [ RunTime:0.000717s ]
INFO: [ app_init ] --END-- [ RunTime:0.000963s ]
INFO: [ app_begin ] --START--
INFO: Run Behavior\ReadHtmlCacheBehavior [ RunTime:0.000269s ]
INFO: Run Behavior\CheckLangBehavior [ RunTime:0.000258s ]
INFO: Run Common\Behavior\UrldecodeGetBehavior [ RunTime:0.000067s ]
INFO: [ app_begin ] --END-- [ RunTime:0.000655s ]
SQL: SHOW COLUMNS FROM `tb_auto_type` [ RunTime:0.0013s ]
SQL: SELECT * FROM `tb_auto_type`  [ RunTime:0.0001s ]

[ 2018-11-04T20:07:04+08:00 ] 116.231.128.238 /index.php?g=Api&m=CommonApi&a=getTypeList
INFO: [ app_init ] --START--
INFO: Run Behavior\BuildLiteBehavior [ RunTime:0.000012s ]
INFO: Run Common\Behavior\InitHookBehavior [ RunTime:0.000715s ]
INFO: [ app_init ] --END-- [ RunTime:0.000944s ]
INFO: [ app_begin ] --START--
INFO: Run Behavior\ReadHtmlCacheBehavior [ RunTime:0.000273s ]
INFO: Run Behavior\CheckLangBehavior [ RunTime:0.000306s ]
INFO: Run Common\Behavior\UrldecodeGetBehavior [ RunTime:0.000074s ]
INFO: [ app_begin ] --END-- [ RunTime:0.000718s ]
SQL: SHOW COLUMNS FROM `tb_auto_type` [ RunTime:0.0005s ]
SQL: SELECT * FROM `tb_auto_type`  [ RunTime:0.0001s ]

[ 2018-11-04T20:07:05+08:00 ] 116.231.128.238 /index.php?g=Api&m=CommonApi&a=getTypeList
INFO: [ app_init ] --START--
INFO: Run Behavior\BuildLiteBehavior [ RunTime:0.000012s ]
INFO: Run Common\Behavior\InitHookBehavior [ RunTime:0.000717s ]
INFO: [ app_init ] --END-- [ RunTime:0.000949s ]
INFO: [ app_begin ] --START--
INFO: Run Behavior\ReadHtmlCacheBehavior [ RunTime:0.000267s ]
INFO: Run Behavior\CheckLangBehavior [ RunTime:0.000262s ]
INFO: Run Common\Behavior\UrldecodeGetBehavior [ RunTime:0.000079s ]
INFO: [ app_begin ] --END-- [ RunTime:0.000671s ]
SQL: SHOW COLUMNS FROM `tb_auto_type` [ RunTime:0.0005s ]
SQL: SELECT * FROM `tb_auto_type`  [ RunTime:0.0001s ]

[ 2018-11-04T20:07:44+08:00 ] 116.231.128.238 /index.php?g=Api&m=CommonApi&a=getTypeList
INFO: [ app_init ] --START--
INFO: Run Behavior\BuildLiteBehavior [ RunTime:0.000015s ]
INFO: Run Common\Behavior\InitHookBehavior [ RunTime:0.000981s ]
INFO: [ app_init ] --END-- [ RunTime:0.001239s ]
INFO: [ app_begin ] --START--
INFO: Run Behavior\ReadHtmlCacheBehavior [ RunTime:0.000373s ]
INFO: Run Behavior\CheckLangBehavior [ RunTime:0.000398s ]
INFO: Run Common\Behavior\UrldecodeGetBehavior [ RunTime:0.000093s ]
INFO: [ app_begin ] --END-- [ RunTime:0.000946s ]
SQL: SHOW COLUMNS FROM `tb_auto_type` [ RunTime:0.0005s ]
SQL: SELECT * FROM `tb_auto_type`  [ RunTime:0.0001s ]

[ 2018-11-04T20:08:07+08:00 ] 116.231.128.238 /index.php?g=Api&m=CommonApi&a=getTypeList
INFO: [ app_init ] --START--
INFO: Run Behavior\BuildLiteBehavior [ RunTime:0.000012s ]
INFO: Run Common\Behavior\InitHookBehavior [ RunTime:0.000707s ]
INFO: [ app_init ] --END-- [ RunTime:0.000943s ]
INFO: [ app_begin ] --START--
INFO: Run Behavior\ReadHtmlCacheBehavior [ RunTime:0.000263s ]
INFO: Run Behavior\CheckLangBehavior [ RunTime:0.000264s ]
INFO: Run Common\Behavior\UrldecodeGetBehavior [ RunTime:0.000067s ]
INFO: [ app_begin ] --END-- [ RunTime:0.000658s ]
SQL: SHOW COLUMNS FROM `tb_auto_type` [ RunTime:0.0005s ]
SQL: SELECT * FROM `tb_auto_type`  [ RunTime:0.0001s ]

[ 2018-11-04T20:09:41+08:00 ] 116.231.128.238 /index.php?g=Api&m=CommonApi&a=getTypeList
INFO: [ app_init ] --START--
INFO: Run Behavior\BuildLiteBehavior [ RunTime:0.000013s ]
INFO: Run Common\Behavior\InitHookBehavior [ RunTime:0.000713s ]
INFO: [ app_init ] --END-- [ RunTime:0.000945s ]
INFO: [ app_begin ] --START--
INFO: Run Behavior\ReadHtmlCacheBehavior [ RunTime:0.000266s ]
INFO: Run Behavior\CheckLangBehavior [ RunTime:0.000285s ]
INFO: Run Common\Behavior\UrldecodeGetBehavior [ RunTime:0.000069s ]
INFO: [ app_begin ] --END-- [ RunTime:0.000683s ]
SQL: SHOW COLUMNS FROM `tb_auto_type` [ RunTime:0.0005s ]
SQL: SELECT * FROM `tb_auto_type`  [ RunTime:0.0001s ]

[ 2018-11-04T20:11:25+08:00 ] 116.231.128.238 /index.php?g=Api&m=CommonApi&a=getTypeList
INFO: [ app_init ] --START--
INFO: Run Behavior\BuildLiteBehavior [ RunTime:0.000012s ]
INFO: Run Common\Behavior\InitHookBehavior [ RunTime:0.000645s ]
INFO: [ app_init ] --END-- [ RunTime:0.000869s ]
INFO: [ app_begin ] --START--
INFO: Run Behavior\ReadHtmlCacheBehavior [ RunTime:0.000264s ]
INFO: Run Behavior\CheckLangBehavior [ RunTime:0.000257s ]
INFO: Run Common\Behavior\UrldecodeGetBehavior [ RunTime:0.000065s ]
INFO: [ app_begin ] --END-- [ RunTime:0.000646s ]
SQL: SHOW COLUMNS FROM `tb_auto_type` [ RunTime:0.0005s ]
SQL: SELECT * FROM `tb_auto_type`  [ RunTime:0.0001s ]

[ 2018-11-04T20:11:33+08:00 ] 116.231.128.238 /index.php?g=Api&m=CommonApi&a=getTypeList
INFO: [ app_init ] --START--
INFO: Run Behavior\BuildLiteBehavior [ RunTime:0.000012s ]
INFO: Run Common\Behavior\InitHookBehavior [ RunTime:0.000703s ]
INFO: [ app_init ] --END-- [ RunTime:0.000941s ]
INFO: [ app_begin ] --START--
INFO: Run Behavior\ReadHtmlCacheBehavior [ RunTime:0.000267s ]
INFO: Run Behavior\CheckLangBehavior [ RunTime:0.000264s ]
INFO: Run Common\Behavior\UrldecodeGetBehavior [ RunTime:0.000067s ]
INFO: [ app_begin ] --END-- [ RunTime:0.000660s ]
SQL: SHOW COLUMNS FROM `tb_auto_type` [ RunTime:0.0005s ]
SQL: SELECT * FROM `tb_auto_type`  [ RunTime:0.0001s ]
INFO: [ app_end ] --START--
INFO: Run Behavior\ShowPageTraceBehavior [ RunTime:0.000320s ]
INFO: [ app_end ] --END-- [ RunTime:0.000352s ]

[ 2018-11-04T20:12:01+08:00 ] 116.231.128.238 /index.php?g=Api&m=CommonApi&a=getTypeList
INFO: [ app_init ] --START--
INFO: Run Behavior\BuildLiteBehavior [ RunTime:0.000012s ]
INFO: Run Common\Behavior\InitHookBehavior [ RunTime:0.000683s ]
INFO: [ app_init ] --END-- [ RunTime:0.000912s ]
INFO: [ app_begin ] --START--
INFO: Run Behavior\ReadHtmlCacheBehavior [ RunTime:0.000265s ]
INFO: Run Behavior\CheckLangBehavior [ RunTime:0.000255s ]
INFO: Run Common\Behavior\UrldecodeGetBehavior [ RunTime:0.000103s ]
INFO: [ app_begin ] --END-- [ RunTime:0.000688s ]
SQL: SHOW COLUMNS FROM `tb_auto_type` [ RunTime:0.0005s ]
SQL: SELECT * FROM `tb_auto_type`  [ RunTime:0.0001s ]
INFO: [ app_end ] --START--
INFO: Run Behavior\ShowPageTraceBehavior [ RunTime:0.000310s ]
INFO: [ app_end ] --END-- [ RunTime:0.000339s ]

[ 2018-11-04T20:12:09+08:00 ] 116.231.128.238 /index.php?g=Api&m=CommonApi&a=getTypeList
INFO: [ app_init ] --START--
INFO: Run Behavior\BuildLiteBehavior [ RunTime:0.000011s ]
INFO: Run Common\Behavior\InitHookBehavior [ RunTime:0.000693s ]
INFO: [ app_init ] --END-- [ RunTime:0.000920s ]
INFO: [ app_begin ] --START--
INFO: Run Behavior\ReadHtmlCacheBehavior [ RunTime:0.000265s ]
INFO: Run Behavior\CheckLangBehavior [ RunTime:0.000260s ]
INFO: Run Common\Behavior\UrldecodeGetBehavior [ RunTime:0.000067s ]
INFO: [ app_begin ] --END-- [ RunTime:0.000665s ]
SQL: SHOW COLUMNS FROM `tb_auto_type` [ RunTime:0.0005s ]
SQL: SELECT * FROM `tb_auto_type`  [ RunTime:0.0001s ]
INFO: [ app_end ] --START--
INFO: Run Behavior\ShowPageTraceBehavior [ RunTime:0.000278s ]
INFO: [ app_end ] --END-- [ RunTime:0.000307s ]

[ 2018-11-04T20:12:43+08:00 ] 116.231.128.238 /index.php?g=Api&m=CommonApi&a=getTypeList
INFO: [ app_init ] --START--
INFO: Run Behavior\BuildLiteBehavior [ RunTime:0.000012s ]
INFO: Run Common\Behavior\InitHookBehavior [ RunTime:0.000690s ]
INFO: [ app_init ] --END-- [ RunTime:0.000923s ]
INFO: [ app_begin ] --START--
INFO: Run Behavior\ReadHtmlCacheBehavior [ RunTime:0.000279s ]
INFO: Run Behavior\CheckLangBehavior [ RunTime:0.000269s ]
INFO: Run Common\Behavior\UrldecodeGetBehavior [ RunTime:0.000068s ]
INFO: [ app_begin ] --END-- [ RunTime:0.000682s ]
SQL: SHOW COLUMNS FROM `tb_auto_type` [ RunTime:0.0005s ]
SQL: SELECT * FROM `tb_auto_type`  [ RunTime:0.0001s ]
INFO: [ app_end ] --START--
INFO: Run Behavior\ShowPageTraceBehavior [ RunTime:0.000319s ]
INFO: [ app_end ] --END-- [ RunTime:0.000349s ]

[ 2018-11-04T20:12:54+08:00 ] 116.231.128.238 /index.php?g=Api&m=CommonApi&a=getTypeList
INFO: [ app_init ] --START--
INFO: Run Behavior\BuildLiteBehavior [ RunTime:0.000012s ]
INFO: Run Common\Behavior\InitHookBehavior [ RunTime:0.000710s ]
INFO: [ app_init ] --END-- [ RunTime:0.000948s ]
INFO: [ app_begin ] --START--
INFO: Run Behavior\ReadHtmlCacheBehavior [ RunTime:0.000279s ]
INFO: Run Behavior\CheckLangBehavior [ RunTime:0.000268s ]
INFO: Run Common\Behavior\UrldecodeGetBehavior [ RunTime:0.000068s ]
INFO: [ app_begin ] --END-- [ RunTime:0.000691s ]
SQL: SHOW COLUMNS FROM `tb_auto_type` [ RunTime:0.0005s ]
SQL: SELECT * FROM `tb_auto_type`  [ RunTime:0.0001s ]
INFO: [ app_end ] --START--
INFO: Run Behavior\ShowPageTraceBehavior [ RunTime:0.000282s ]
INFO: [ app_end ] --END-- [ RunTime:0.000311s ]

[ 2018-11-04T20:51:13+08:00 ] 116.231.128.238 /index.php?g=Api&m=Project&a=getImgList
INFO: [ app_init ] --START--
INFO: Run Behavior\BuildLiteBehavior [ RunTime:0.000011s ]
INFO: Run Common\Behavior\InitHookBehavior [ RunTime:0.000668s ]
INFO: [ app_init ] --END-- [ RunTime:0.000892s ]
INFO: [ app_begin ] --START--
INFO: Run Behavior\ReadHtmlCacheBehavior [ RunTime:0.000294s ]
INFO: Run Behavior\CheckLangBehavior [ RunTime:0.000309s ]
INFO: Run Common\Behavior\UrldecodeGetBehavior [ RunTime:0.000070s ]
INFO: [ app_begin ] --END-- [ RunTime:0.000736s ]
SQL: SHOW COLUMNS FROM `tb_auto_lunbo` [ RunTime:0.0004s ]
SQL: SELECT * FROM `tb_auto_lunbo`  [ RunTime:0.0001s ]
INFO: [ app_end ] --START--
INFO: Run Behavior\ShowPageTraceBehavior [ RunTime:0.000283s ]
INFO: [ app_end ] --END-- [ RunTime:0.000308s ]

[ 2018-11-04T20:51:31+08:00 ] 116.231.128.238 /index.php?g=Api&m=Project&a=getTypeList
INFO: [ app_init ] --START--
INFO: Run Behavior\BuildLiteBehavior [ RunTime:0.000013s ]
INFO: Run Common\Behavior\InitHookBehavior [ RunTime:0.000676s ]
INFO: [ app_init ] --END-- [ RunTime:0.000907s ]
INFO: [ app_begin ] --START--
INFO: Run Behavior\ReadHtmlCacheBehavior [ RunTime:0.000277s ]
INFO: Run Behavior\CheckLangBehavior [ RunTime:0.000299s ]
INFO: Run Common\Behavior\UrldecodeGetBehavior [ RunTime:0.000125s ]
INFO: [ app_begin ] --END-- [ RunTime:0.000771s ]
SQL: SHOW COLUMNS FROM `tb_auto_type` [ RunTime:0.0006s ]
SQL: SELECT * FROM `tb_auto_type`  [ RunTime:0.0001s ]
INFO: [ app_end ] --START--
INFO: Run Behavior\ShowPageTraceBehavior [ RunTime:0.000378s ]
INFO: [ app_end ] --END-- [ RunTime:0.000413s ]

[ 2018-11-04T20:55:25+08:00 ] 116.231.128.238 /index.php?g=Api&m=Project&a=getTypeList
INFO: [ app_init ] --START--
INFO: Run Behavior\BuildLiteBehavior [ RunTime:0.000012s ]
INFO: Run Common\Behavior\InitHookBehavior [ RunTime:0.000660s ]
INFO: [ app_init ] --END-- [ RunTime:0.000920s ]
INFO: [ app_begin ] --START--
INFO: Run Behavior\ReadHtmlCacheBehavior [ RunTime:0.000301s ]
INFO: Run Behavior\CheckLangBehavior [ RunTime:0.000267s ]
INFO: Run Common\Behavior\UrldecodeGetBehavior [ RunTime:0.000068s ]
INFO: [ app_begin ] --END-- [ RunTime:0.000701s ]
SQL: SHOW COLUMNS FROM `tb_auto_type` [ RunTime:0.0019s ]
SQL: SELECT * FROM `tb_auto_type`  [ RunTime:0.0001s ]
INFO: [ app_end ] --START--
INFO: Run Behavior\ShowPageTraceBehavior [ RunTime:0.000315s ]
INFO: [ app_end ] --END-- [ RunTime:0.000343s ]

