[ 2018-11-02T07:42:16+08:00 ] 116.231.128.238 /index.php?g=admin&m=public&a=login
INFO: [ app_init ] --START--
INFO: Run Behavior\BuildLiteBehavior [ RunTime:0.000014s ]
INFO: Run Common\Behavior\InitHookBehavior [ RunTime:0.000954s ]
INFO: [ app_init ] --END-- [ RunTime:0.001265s ]
INFO: [ app_begin ] --START--
INFO: Run Behavior\ReadHtmlCacheBehavior [ RunTime:0.000394s ]
INFO: Run Behavior\CheckLangBehavior [ RunTime:0.000482s ]
INFO: Run Common\Behavior\UrldecodeGetBehavior [ RunTime:0.000100s ]
INFO: [ app_begin ] --END-- [ RunTime:0.001073s ]
INFO: [ admin_begin ] --START--
INFO: Run Common\Behavior\AdminDefaultLangBehavior [ RunTime:0.000325s ]
INFO: [ admin_begin ] --END-- [ RunTime:0.000361s ]
SQL: SHOW COLUMNS FROM `tb_options` [ RunTime:0.0004s ]
SQL: SELECT `option_value` FROM `tb_options` WHERE `option_name` = 'cdn_settings' LIMIT 1   [ RunTime:0.0001s ]
INFO: [ view_parse ] --START--
INFO: [ template_filter ] --START--
INFO: Run Behavior\ContentReplaceBehavior [ RunTime:0.000041s ]
INFO: [ template_filter ] --END-- [ RunTime:0.000070s ]
INFO: Run Behavior\ParseTemplateBehavior [ RunTime:0.003613s ]
INFO: [ view_parse ] --END-- [ RunTime:0.003640s ]
INFO: [ view_filter ] --START--
INFO: Run Behavior\WriteHtmlCacheBehavior [ RunTime:0.000081s ]
INFO: Run Common\Behavior\TmplStripSpaceBehavior [ RunTime:0.000079s ]
INFO: [ view_filter ] --END-- [ RunTime:0.000191s ]
INFO: [ app_end ] --START--
INFO: Run Behavior\ShowPageTraceBehavior [ RunTime:0.000264s ]
INFO: [ app_end ] --END-- [ RunTime:0.000285s ]

[ 2018-11-02T07:42:23+08:00 ] 116.231.128.238 /index.php?g=Admin&m=public&a=dologin
INFO: [ app_init ] --START--
INFO: Run Behavior\BuildLiteBehavior [ RunTime:0.000012s ]
INFO: Run Common\Behavior\InitHookBehavior [ RunTime:0.000745s ]
INFO: [ app_init ] --END-- [ RunTime:0.000978s ]
INFO: [ app_begin ] --START--
INFO: Run Behavior\ReadHtmlCacheBehavior [ RunTime:0.000269s ]
INFO: Run Behavior\CheckLangBehavior [ RunTime:0.000400s ]
INFO: Run Common\Behavior\UrldecodeGetBehavior [ RunTime:0.000081s ]
INFO: [ app_begin ] --END-- [ RunTime:0.000817s ]
INFO: [ admin_begin ] --START--
INFO: Run Common\Behavior\AdminDefaultLangBehavior [ RunTime:0.000321s ]
INFO: [ admin_begin ] --END-- [ RunTime:0.000354s ]
SQL: SHOW COLUMNS FROM `tb_users` [ RunTime:0.0006s ]
SQL: SELECT * FROM `tb_users` WHERE `user_login` = 'admin' LIMIT 1   [ RunTime:0.0002s ]
SQL: SHOW COLUMNS FROM `tb_role_user` [ RunTime:0.0004s ]
SQL: SELECT `role_id` FROM tb_role_user a INNER JOIN tb_role as b on a.role_id =b.id  WHERE `user_id` = '1' AND `status` = 1  [ RunTime:0.0002s ]
SQL: UPDATE `tb_users` SET `user_login`='admin',`user_pass`='###9441c6fc947a78c8a3d00e64f81833be',`user_nicename`='admin',`user_email`='450175465@qq.com',`user_url`='',`avatar`=NULL,`sex`='0',`birthday`='2000-01-01',`signature`=NULL,`last_login_ip`='116.231.128.238',`last_login_time`='2018-11-02 07:42:23',`create_time`='2018-06-04 10:08:03',`user_activation_key`='',`user_status`='1',`score`='0',`user_type`='1',`coin`='0',`mobile`='' WHERE `id` = '1' [ RunTime:0.0002s ]

[ 2018-11-02T07:42:23+08:00 ] 116.231.128.238 /index.php?g=Admin&m=Index&a=index
INFO: [ app_init ] --START--
INFO: Run Behavior\BuildLiteBehavior [ RunTime:0.000010s ]
INFO: Run Common\Behavior\InitHookBehavior [ RunTime:0.000643s ]
INFO: [ app_init ] --END-- [ RunTime:0.000854s ]
INFO: [ app_begin ] --START--
INFO: Run Behavior\ReadHtmlCacheBehavior [ RunTime:0.000278s ]
INFO: Run Behavior\CheckLangBehavior [ RunTime:0.000301s ]
INFO: Run Common\Behavior\UrldecodeGetBehavior [ RunTime:0.000095s ]
INFO: [ app_begin ] --END-- [ RunTime:0.000745s ]
INFO: [ admin_begin ] --START--
INFO: Run Common\Behavior\AdminDefaultLangBehavior [ RunTime:0.000318s ]
INFO: [ admin_begin ] --END-- [ RunTime:0.000359s ]
SQL: SHOW COLUMNS FROM `tb_users` [ RunTime:0.0005s ]
SQL: SELECT * FROM `tb_users` WHERE `id` = '1' LIMIT 1   [ RunTime:0.0002s ]
SQL: SHOW COLUMNS FROM `tb_menu` [ RunTime:0.0004s ]
SQL: SELECT * FROM `tb_menu` WHERE `parentid` = 0 AND `status` = 1 ORDER BY `listorder` ASC  [ RunTime:0.0003s ]
SQL: SELECT * FROM `tb_menu` WHERE `parentid` = 140 AND `status` = 1 ORDER BY `listorder` ASC  [ RunTime:0.0002s ]
SQL: SELECT * FROM `tb_menu` WHERE `parentid` = 149 AND `status` = 1 ORDER BY `listorder` ASC  [ RunTime:0.0002s ]
SQL: SELECT * FROM `tb_menu` WHERE `parentid` = 188 AND `status` = 1 ORDER BY `listorder` ASC  [ RunTime:0.0001s ]
SQL: SELECT * FROM `tb_menu` WHERE `parentid` = 85 AND `status` = 1 ORDER BY `listorder` ASC  [ RunTime:0.0002s ]
SQL: SELECT * FROM `tb_menu` WHERE `parentid` = 86 AND `status` = 1 ORDER BY `listorder` ASC  [ RunTime:0.0002s ]
SQL: SELECT * FROM `tb_menu` WHERE `parentid` = 87 AND `status` = 1 ORDER BY `listorder` ASC  [ RunTime:0.0002s ]
SQL: SELECT * FROM `tb_menu` WHERE `parentid` = 94 AND `status` = 1 ORDER BY `listorder` ASC  [ RunTime:0.0002s ]
SQL: SELECT * FROM `tb_menu` WHERE `parentid` = 100 AND `status` = 1 ORDER BY `listorder` ASC  [ RunTime:0.0002s ]
SQL: SHOW COLUMNS FROM `tb_options` [ RunTime:0.0003s ]
SQL: SELECT `option_value` FROM `tb_options` WHERE `option_name` = 'cdn_settings' LIMIT 1   [ RunTime:0.0001s ]
INFO: [ view_parse ] --START--
INFO: [ template_filter ] --START--
INFO: Run Behavior\ContentReplaceBehavior [ RunTime:0.000094s ]
INFO: [ template_filter ] --END-- [ RunTime:0.000122s ]
INFO: Run Behavior\ParseTemplateBehavior [ RunTime:0.007712s ]
INFO: [ view_parse ] --END-- [ RunTime:0.007742s ]
INFO: [ view_filter ] --START--
INFO: Run Behavior\WriteHtmlCacheBehavior [ RunTime:0.000079s ]
INFO: Run Common\Behavior\TmplStripSpaceBehavior [ RunTime:0.000095s ]
INFO: [ view_filter ] --END-- [ RunTime:0.000208s ]
INFO: [ app_end ] --START--
INFO: Run Behavior\ShowPageTraceBehavior [ RunTime:0.000272s ]
INFO: [ app_end ] --END-- [ RunTime:0.000302s ]

[ 2018-11-02T07:42:23+08:00 ] 116.231.128.238 /index.php?g=Admin&m=Main&a=index
INFO: [ app_init ] --START--
INFO: Run Behavior\BuildLiteBehavior [ RunTime:0.000011s ]
INFO: Run Common\Behavior\InitHookBehavior [ RunTime:0.000724s ]
INFO: [ app_init ] --END-- [ RunTime:0.000953s ]
INFO: [ app_begin ] --START--
INFO: Run Behavior\ReadHtmlCacheBehavior [ RunTime:0.000290s ]
INFO: Run Behavior\CheckLangBehavior [ RunTime:0.000415s ]
INFO: Run Common\Behavior\UrldecodeGetBehavior [ RunTime:0.000074s ]
INFO: [ app_begin ] --END-- [ RunTime:0.000848s ]
INFO: [ admin_begin ] --START--
INFO: Run Common\Behavior\AdminDefaultLangBehavior [ RunTime:0.000402s ]
INFO: [ admin_begin ] --END-- [ RunTime:0.000438s ]
SQL: SHOW COLUMNS FROM `tb_users` [ RunTime:0.0005s ]
SQL: SELECT * FROM `tb_users` WHERE `id` = '1' LIMIT 1   [ RunTime:0.0001s ]
SQL: select VERSION() as version [ RunTime:0.0001s ]
SQL: SHOW COLUMNS FROM `tb_options` [ RunTime:0.0003s ]
SQL: SELECT `option_value` FROM `tb_options` WHERE `option_name` = 'cdn_settings' LIMIT 1   [ RunTime:0.0001s ]
INFO: [ view_parse ] --START--
INFO: [ template_filter ] --START--
INFO: Run Behavior\ContentReplaceBehavior [ RunTime:0.000042s ]
INFO: [ template_filter ] --END-- [ RunTime:0.000078s ]
INFO: Run Behavior\ParseTemplateBehavior [ RunTime:0.004363s ]
INFO: [ view_parse ] --END-- [ RunTime:0.004388s ]
INFO: [ view_filter ] --START--
INFO: Run Behavior\WriteHtmlCacheBehavior [ RunTime:0.000076s ]
INFO: Run Common\Behavior\TmplStripSpaceBehavior [ RunTime:0.000065s ]
INFO: [ view_filter ] --END-- [ RunTime:0.000172s ]
INFO: [ app_end ] --START--
INFO: Run Behavior\ShowPageTraceBehavior [ RunTime:0.000282s ]
INFO: [ app_end ] --END-- [ RunTime:0.000305s ]

[ 2018-11-02T07:43:26+08:00 ] 116.231.128.238 /index.php?g=Admin&m=AutoLunbo&a=index
INFO: [ app_init ] --START--
INFO: Run Behavior\BuildLiteBehavior [ RunTime:0.000012s ]
INFO: Run Common\Behavior\InitHookBehavior [ RunTime:0.000691s ]
INFO: [ app_init ] --END-- [ RunTime:0.000913s ]
INFO: [ app_begin ] --START--
INFO: Run Behavior\ReadHtmlCacheBehavior [ RunTime:0.000260s ]
INFO: Run Behavior\CheckLangBehavior [ RunTime:0.000323s ]
INFO: Run Common\Behavior\UrldecodeGetBehavior [ RunTime:0.000082s ]
INFO: [ app_begin ] --END-- [ RunTime:0.000730s ]
INFO: [ admin_begin ] --START--
INFO: Run Common\Behavior\AdminDefaultLangBehavior [ RunTime:0.000308s ]
INFO: [ admin_begin ] --END-- [ RunTime:0.000342s ]
SQL: SHOW COLUMNS FROM `tb_users` [ RunTime:0.0005s ]
SQL: SELECT * FROM `tb_users` WHERE `id` = '1' LIMIT 1   [ RunTime:0.0001s ]
NOTIC: D方法实例化没找到模型类Admin\Model\AutoLunboModel
SQL: SHOW COLUMNS FROM `tb_auto_lunbo` [ RunTime:0.0003s ]
SQL: SHOW COLUMNS FROM `tb_terms` [ RunTime:0.0004s ]
SQL: SHOW COLUMNS FROM `tb_term_relationships` [ RunTime:0.0004s ]
NOTIC: [8] Undefined index: post /www/web/sy_pro_youzewang_com/public_html/application/Admin/Controller/AutoLunboController.class.php 第 28 行.
NOTIC: [2] Invalid argument supplied for foreach() /www/web/sy_pro_youzewang_com/public_html/application/Admin/Controller/AutoLunboController.class.php 第 109 行.
NOTIC: [8] Undefined variable: where /www/web/sy_pro_youzewang_com/public_html/application/Admin/Controller/AutoLunboController.class.php 第 136 行.
SQL: SELECT COUNT(*) AS tp_count FROM tb_auto_lunbo a LIMIT 1   [ RunTime:0.0002s ]
NOTIC: [8] Undefined variable: where /www/web/sy_pro_youzewang_com/public_html/application/Admin/Controller/AutoLunboController.class.php 第 143 行.
SQL: SELECT * FROM tb_auto_lunbo a ORDER BY a.t_id desc LIMIT 0,20   [ RunTime:0.0001s ]
SQL: SHOW COLUMNS FROM `tb_options` [ RunTime:0.0003s ]
SQL: SELECT `option_value` FROM `tb_options` WHERE `option_name` = 'cdn_settings' LIMIT 1   [ RunTime:0.0001s ]
INFO: [ view_parse ] --START--
INFO: [ template_filter ] --START--
INFO: Run Behavior\ContentReplaceBehavior [ RunTime:0.000044s ]
INFO: [ template_filter ] --END-- [ RunTime:0.000071s ]
INFO: Run Behavior\ParseTemplateBehavior [ RunTime:0.004895s ]
INFO: [ view_parse ] --END-- [ RunTime:0.004921s ]
INFO: [ view_filter ] --START--
INFO: Run Behavior\WriteHtmlCacheBehavior [ RunTime:0.000079s ]
INFO: Run Common\Behavior\TmplStripSpaceBehavior [ RunTime:0.000065s ]
INFO: [ view_filter ] --END-- [ RunTime:0.000177s ]
INFO: [ app_end ] --START--
INFO: Run Behavior\ShowPageTraceBehavior [ RunTime:0.000259s ]
INFO: [ app_end ] --END-- [ RunTime:0.000279s ]

[ 2018-11-02T07:43:37+08:00 ] 116.231.128.238 /index.php?g=admin&m=index&a=index
INFO: [ app_init ] --START--
INFO: Run Behavior\BuildLiteBehavior [ RunTime:0.000012s ]
INFO: Run Common\Behavior\InitHookBehavior [ RunTime:0.000659s ]
INFO: [ app_init ] --END-- [ RunTime:0.000914s ]
INFO: [ app_begin ] --START--
INFO: Run Behavior\ReadHtmlCacheBehavior [ RunTime:0.000290s ]
INFO: Run Behavior\CheckLangBehavior [ RunTime:0.000333s ]
INFO: Run Common\Behavior\UrldecodeGetBehavior [ RunTime:0.000069s ]
INFO: [ app_begin ] --END-- [ RunTime:0.000772s ]
INFO: [ admin_begin ] --START--
INFO: Run Common\Behavior\AdminDefaultLangBehavior [ RunTime:0.000312s ]
INFO: [ admin_begin ] --END-- [ RunTime:0.000346s ]
SQL: SHOW COLUMNS FROM `tb_users` [ RunTime:0.0005s ]
SQL: SELECT * FROM `tb_users` WHERE `id` = '1' LIMIT 1   [ RunTime:0.0001s ]
SQL: SHOW COLUMNS FROM `tb_menu` [ RunTime:0.0004s ]
SQL: SELECT * FROM `tb_menu` WHERE `parentid` = 0 AND `status` = 1 ORDER BY `listorder` ASC  [ RunTime:0.0001s ]
SQL: SELECT * FROM `tb_menu` WHERE `parentid` = 140 AND `status` = 1 ORDER BY `listorder` ASC  [ RunTime:0.0001s ]
SQL: SELECT * FROM `tb_menu` WHERE `parentid` = 149 AND `status` = 1 ORDER BY `listorder` ASC  [ RunTime:0.0001s ]
SQL: SELECT * FROM `tb_menu` WHERE `parentid` = 188 AND `status` = 1 ORDER BY `listorder` ASC  [ RunTime:0.0001s ]
SQL: SELECT * FROM `tb_menu` WHERE `parentid` = 85 AND `status` = 1 ORDER BY `listorder` ASC  [ RunTime:0.0001s ]
SQL: SELECT * FROM `tb_menu` WHERE `parentid` = 86 AND `status` = 1 ORDER BY `listorder` ASC  [ RunTime:0.0001s ]
SQL: SELECT * FROM `tb_menu` WHERE `parentid` = 87 AND `status` = 1 ORDER BY `listorder` ASC  [ RunTime:0.0001s ]
SQL: SELECT * FROM `tb_menu` WHERE `parentid` = 94 AND `status` = 1 ORDER BY `listorder` ASC  [ RunTime:0.0001s ]
SQL: SELECT * FROM `tb_menu` WHERE `parentid` = 100 AND `status` = 1 ORDER BY `listorder` ASC  [ RunTime:0.0001s ]
SQL: SHOW COLUMNS FROM `tb_options` [ RunTime:0.0003s ]
SQL: SELECT `option_value` FROM `tb_options` WHERE `option_name` = 'cdn_settings' LIMIT 1   [ RunTime:0.0001s ]
INFO: [ view_parse ] --START--
INFO: [ template_filter ] --START--
INFO: Run Behavior\ContentReplaceBehavior [ RunTime:0.000095s ]
INFO: [ template_filter ] --END-- [ RunTime:0.000123s ]
INFO: Run Behavior\ParseTemplateBehavior [ RunTime:0.007816s ]
INFO: [ view_parse ] --END-- [ RunTime:0.007844s ]
INFO: [ view_filter ] --START--
INFO: Run Behavior\WriteHtmlCacheBehavior [ RunTime:0.000081s ]
INFO: Run Common\Behavior\TmplStripSpaceBehavior [ RunTime:0.000068s ]
INFO: [ view_filter ] --END-- [ RunTime:0.000182s ]
INFO: [ app_end ] --START--
INFO: Run Behavior\ShowPageTraceBehavior [ RunTime:0.000267s ]
INFO: [ app_end ] --END-- [ RunTime:0.000313s ]

[ 2018-11-02T07:43:38+08:00 ] 116.231.128.238 /index.php?g=Admin&m=Main&a=index
INFO: [ app_init ] --START--
INFO: Run Behavior\BuildLiteBehavior [ RunTime:0.000010s ]
INFO: Run Common\Behavior\InitHookBehavior [ RunTime:0.000681s ]
INFO: [ app_init ] --END-- [ RunTime:0.000920s ]
INFO: [ app_begin ] --START--
INFO: Run Behavior\ReadHtmlCacheBehavior [ RunTime:0.000266s ]
INFO: Run Behavior\CheckLangBehavior [ RunTime:0.000408s ]
INFO: Run Common\Behavior\UrldecodeGetBehavior [ RunTime:0.000068s ]
INFO: [ app_begin ] --END-- [ RunTime:0.000825s ]
INFO: [ admin_begin ] --START--
INFO: Run Common\Behavior\AdminDefaultLangBehavior [ RunTime:0.000385s ]
INFO: [ admin_begin ] --END-- [ RunTime:0.000422s ]
SQL: SHOW COLUMNS FROM `tb_users` [ RunTime:0.0005s ]
SQL: SELECT * FROM `tb_users` WHERE `id` = '1' LIMIT 1   [ RunTime:0.0001s ]
SQL: select VERSION() as version [ RunTime:0.0001s ]
SQL: SHOW COLUMNS FROM `tb_options` [ RunTime:0.0003s ]
SQL: SELECT `option_value` FROM `tb_options` WHERE `option_name` = 'cdn_settings' LIMIT 1   [ RunTime:0.0001s ]
INFO: [ view_parse ] --START--
INFO: [ template_filter ] --START--
INFO: Run Behavior\ContentReplaceBehavior [ RunTime:0.000042s ]
INFO: [ template_filter ] --END-- [ RunTime:0.000070s ]
INFO: Run Behavior\ParseTemplateBehavior [ RunTime:0.004320s ]
INFO: [ view_parse ] --END-- [ RunTime:0.004343s ]
INFO: [ view_filter ] --START--
INFO: Run Behavior\WriteHtmlCacheBehavior [ RunTime:0.000075s ]
INFO: Run Common\Behavior\TmplStripSpaceBehavior [ RunTime:0.000065s ]
INFO: [ view_filter ] --END-- [ RunTime:0.000170s ]
INFO: [ app_end ] --START--
INFO: Run Behavior\ShowPageTraceBehavior [ RunTime:0.000287s ]
INFO: [ app_end ] --END-- [ RunTime:0.000310s ]

[ 2018-11-02T07:43:41+08:00 ] 116.231.128.238 /index.php?g=admin&m=createPage&a=index
INFO: [ app_init ] --START--
INFO: Run Behavior\BuildLiteBehavior [ RunTime:0.000011s ]
INFO: Run Common\Behavior\InitHookBehavior [ RunTime:0.000631s ]
INFO: [ app_init ] --END-- [ RunTime:0.000858s ]
INFO: [ app_begin ] --START--
INFO: Run Behavior\ReadHtmlCacheBehavior [ RunTime:0.000258s ]
INFO: Run Behavior\CheckLangBehavior [ RunTime:0.000344s ]
INFO: Run Common\Behavior\UrldecodeGetBehavior [ RunTime:0.000066s ]
INFO: [ app_begin ] --END-- [ RunTime:0.000734s ]
INFO: [ admin_begin ] --START--
INFO: Run Common\Behavior\AdminDefaultLangBehavior [ RunTime:0.000322s ]
INFO: [ admin_begin ] --END-- [ RunTime:0.000358s ]
SQL: SHOW COLUMNS FROM `tb_users` [ RunTime:0.0005s ]
SQL: SELECT * FROM `tb_users` WHERE `id` = '1' LIMIT 1   [ RunTime:0.0001s ]
SQL: select database() as db_name [ RunTime:0.0001s ]
SQL: show tables [ RunTime:0.0002s ]
SQL: SHOW COLUMNS FROM `tb_options` [ RunTime:0.0004s ]
SQL: SELECT `option_value` FROM `tb_options` WHERE `option_name` = 'cdn_settings' LIMIT 1   [ RunTime:0.0001s ]
INFO: [ view_parse ] --START--
INFO: [ template_filter ] --START--
INFO: Run Behavior\ContentReplaceBehavior [ RunTime:0.000048s ]
INFO: [ template_filter ] --END-- [ RunTime:0.000075s ]
INFO: Run Behavior\ParseTemplateBehavior [ RunTime:0.004815s ]
INFO: [ view_parse ] --END-- [ RunTime:0.004841s ]
INFO: [ view_filter ] --START--
INFO: Run Behavior\WriteHtmlCacheBehavior [ RunTime:0.000080s ]
INFO: Run Common\Behavior\TmplStripSpaceBehavior [ RunTime:0.000065s ]
INFO: [ view_filter ] --END-- [ RunTime:0.000176s ]
INFO: [ app_end ] --START--
INFO: Run Behavior\ShowPageTraceBehavior [ RunTime:0.000253s ]
INFO: [ app_end ] --END-- [ RunTime:0.000274s ]

[ 2018-11-02T07:43:43+08:00 ] 116.231.128.238 /index.php?g=Admin&m=CreatePage&a=add_post
INFO: [ app_init ] --START--
INFO: Run Behavior\BuildLiteBehavior [ RunTime:0.000012s ]
INFO: Run Common\Behavior\InitHookBehavior [ RunTime:0.000721s ]
INFO: [ app_init ] --END-- [ RunTime:0.000954s ]
INFO: [ app_begin ] --START--
INFO: Run Behavior\ReadHtmlCacheBehavior [ RunTime:0.000266s ]
INFO: Run Behavior\CheckLangBehavior [ RunTime:0.000372s ]
INFO: Run Common\Behavior\UrldecodeGetBehavior [ RunTime:0.000079s ]
INFO: [ app_begin ] --END-- [ RunTime:0.000779s ]
INFO: [ admin_begin ] --START--
INFO: Run Common\Behavior\AdminDefaultLangBehavior [ RunTime:0.000359s ]
INFO: [ admin_begin ] --END-- [ RunTime:0.000394s ]
SQL: SHOW COLUMNS FROM `tb_users` [ RunTime:0.0005s ]
SQL: SELECT * FROM `tb_users` WHERE `id` = '1' LIMIT 1   [ RunTime:0.0001s ]
SQL: select COLUMN_NAME as ziduan,column_comment as zhushi from INFORMATION_SCHEMA.Columns where table_name='tb_auto_lunbo' [ RunTime:0.0005s ]
NOTIC: [8] Undefined index: table_hide /www/web/sy_pro_youzewang_com/public_html/application/Admin/Controller/CreatePageController.class.php 第 112 行.
NOTIC: [8] Undefined index: upload /www/web/sy_pro_youzewang_com/public_html/application/Admin/Controller/CreatePageController.class.php 第 119 行.
NOTIC: [8] Undefined index: upload /www/web/sy_pro_youzewang_com/public_html/application/Admin/Controller/CreatePageController.class.php 第 127 行.
NOTIC: [8] Undefined index: search /www/web/sy_pro_youzewang_com/public_html/application/Admin/Controller/CreatePageController.class.php 第 146 行.
NOTIC: [8] Undefined index: form_hide /www/web/sy_pro_youzewang_com/public_html/application/Admin/Controller/CreatePageController.class.php 第 199 行.
NOTIC: [8] Undefined index: create_time /www/web/sy_pro_youzewang_com/public_html/application/Admin/Controller/CreatePageController.class.php 第 199 行.
NOTIC: [8] Undefined index: select /www/web/sy_pro_youzewang_com/public_html/application/Admin/Controller/CreatePageController.class.php 第 202 行.
NOTIC: [8] Undefined index: checkbox /www/web/sy_pro_youzewang_com/public_html/application/Admin/Controller/CreatePageController.class.php 第 220 行.
NOTIC: [8] Undefined index: radio /www/web/sy_pro_youzewang_com/public_html/application/Admin/Controller/CreatePageController.class.php 第 240 行.
NOTIC: [8] Undefined index: upload /www/web/sy_pro_youzewang_com/public_html/application/Admin/Controller/CreatePageController.class.php 第 260 行.
NOTIC: [8] Undefined index: date /www/web/sy_pro_youzewang_com/public_html/application/Admin/Controller/CreatePageController.class.php 第 288 行.
NOTIC: [8] Undefined index: textarea /www/web/sy_pro_youzewang_com/public_html/application/Admin/Controller/CreatePageController.class.php 第 300 行.
NOTIC: [8] Undefined index: editor /www/web/sy_pro_youzewang_com/public_html/application/Admin/Controller/CreatePageController.class.php 第 312 行.
NOTIC: [8] Undefined index: table_hide /www/web/sy_pro_youzewang_com/public_html/application/Admin/Controller/CreatePageController.class.php 第 112 行.
NOTIC: [8] Undefined index: search /www/web/sy_pro_youzewang_com/public_html/application/Admin/Controller/CreatePageController.class.php 第 146 行.
NOTIC: [8] Undefined index: form_hide /www/web/sy_pro_youzewang_com/public_html/application/Admin/Controller/CreatePageController.class.php 第 199 行.
NOTIC: [8] Undefined index: create_time /www/web/sy_pro_youzewang_com/public_html/application/Admin/Controller/CreatePageController.class.php 第 199 行.
NOTIC: [8] Undefined index: select /www/web/sy_pro_youzewang_com/public_html/application/Admin/Controller/CreatePageController.class.php 第 202 行.
NOTIC: [8] Undefined index: checkbox /www/web/sy_pro_youzewang_com/public_html/application/Admin/Controller/CreatePageController.class.php 第 220 行.
NOTIC: [8] Undefined index: radio /www/web/sy_pro_youzewang_com/public_html/application/Admin/Controller/CreatePageController.class.php 第 240 行.
NOTIC: [8] Undefined variable: where /www/web/sy_pro_youzewang_com/public_html/application/Admin/Controller/CreatePageController.class.php 第 550 行.
NOTIC: [4096] Object of class Admin\Controller\CreatePageController could not be converted to string /www/web/sy_pro_youzewang_com/public_html/application/Admin/Controller/CreatePageController.class.php 第 566 行.
NOTIC: [8] Undefined variable: ids /www/web/sy_pro_youzewang_com/public_html/application/Admin/Controller/CreatePageController.class.php 第 610 行.
NOTIC: [8] Undefined variable: ids /www/web/sy_pro_youzewang_com/public_html/application/Admin/Controller/CreatePageController.class.php 第 623 行.
NOTIC: [8] Undefined variable: ids /www/web/sy_pro_youzewang_com/public_html/application/Admin/Controller/CreatePageController.class.php 第 646 行.
NOTIC: [8] Undefined variable: ids /www/web/sy_pro_youzewang_com/public_html/application/Admin/Controller/CreatePageController.class.php 第 655 行.
NOTIC: [8] Undefined variable: data /www/web/sy_pro_youzewang_com/public_html/application/Admin/Controller/CreatePageController.class.php 第 751 行.
NOTIC: [8] Undefined variable: new_terms /www/web/sy_pro_youzewang_com/public_html/application/Admin/Controller/CreatePageController.class.php 第 772 行.
NOTIC: [8] Undefined variable: form /www/web/sy_pro_youzewang_com/public_html/application/Admin/Controller/CreatePageController.class.php 第 1006 行.
NOTIC: [8] Undefined variable: form /www/web/sy_pro_youzewang_com/public_html/application/Admin/Controller/CreatePageController.class.php 第 1223 行.

[ 2018-11-02T07:43:43+08:00 ] 116.231.128.238 /index.php?g=Admin&m=CreatePage&a=index
INFO: [ app_init ] --START--
INFO: Run Behavior\BuildLiteBehavior [ RunTime:0.000010s ]
INFO: Run Common\Behavior\InitHookBehavior [ RunTime:0.000696s ]
INFO: [ app_init ] --END-- [ RunTime:0.000920s ]
INFO: [ app_begin ] --START--
INFO: Run Behavior\ReadHtmlCacheBehavior [ RunTime:0.000261s ]
INFO: Run Behavior\CheckLangBehavior [ RunTime:0.000302s ]
INFO: Run Common\Behavior\UrldecodeGetBehavior [ RunTime:0.000077s ]
INFO: [ app_begin ] --END-- [ RunTime:0.000701s ]
INFO: [ admin_begin ] --START--
INFO: Run Common\Behavior\AdminDefaultLangBehavior [ RunTime:0.000341s ]
INFO: [ admin_begin ] --END-- [ RunTime:0.000378s ]
SQL: SHOW COLUMNS FROM `tb_users` [ RunTime:0.0005s ]
SQL: SELECT * FROM `tb_users` WHERE `id` = '1' LIMIT 1   [ RunTime:0.0001s ]
SQL: select database() as db_name [ RunTime:0.0001s ]
SQL: show tables [ RunTime:0.0002s ]
SQL: SHOW COLUMNS FROM `tb_options` [ RunTime:0.0003s ]
SQL: SELECT `option_value` FROM `tb_options` WHERE `option_name` = 'cdn_settings' LIMIT 1   [ RunTime:0.0001s ]
INFO: [ view_parse ] --START--
INFO: [ template_filter ] --START--
INFO: Run Behavior\ContentReplaceBehavior [ RunTime:0.000049s ]
INFO: [ template_filter ] --END-- [ RunTime:0.000076s ]
INFO: Run Behavior\ParseTemplateBehavior [ RunTime:0.005010s ]
INFO: [ view_parse ] --END-- [ RunTime:0.005037s ]
INFO: [ view_filter ] --START--
INFO: Run Behavior\WriteHtmlCacheBehavior [ RunTime:0.000094s ]
INFO: Run Common\Behavior\TmplStripSpaceBehavior [ RunTime:0.000069s ]
INFO: [ view_filter ] --END-- [ RunTime:0.000194s ]
INFO: [ app_end ] --START--
INFO: Run Behavior\ShowPageTraceBehavior [ RunTime:0.000267s ]
INFO: [ app_end ] --END-- [ RunTime:0.000292s ]

[ 2018-11-02T07:43:45+08:00 ] 116.231.128.238 /index.php?g=admin&m=index&a=index
INFO: [ app_init ] --START--
INFO: Run Behavior\BuildLiteBehavior [ RunTime:0.000010s ]
INFO: Run Common\Behavior\InitHookBehavior [ RunTime:0.000668s ]
INFO: [ app_init ] --END-- [ RunTime:0.000918s ]
INFO: [ app_begin ] --START--
INFO: Run Behavior\ReadHtmlCacheBehavior [ RunTime:0.000277s ]
INFO: Run Behavior\CheckLangBehavior [ RunTime:0.000303s ]
INFO: Run Common\Behavior\UrldecodeGetBehavior [ RunTime:0.000066s ]
INFO: [ app_begin ] --END-- [ RunTime:0.000709s ]
INFO: [ admin_begin ] --START--
INFO: Run Common\Behavior\AdminDefaultLangBehavior [ RunTime:0.000313s ]
INFO: [ admin_begin ] --END-- [ RunTime:0.000348s ]
SQL: SHOW COLUMNS FROM `tb_users` [ RunTime:0.0005s ]
SQL: SELECT * FROM `tb_users` WHERE `id` = '1' LIMIT 1   [ RunTime:0.0001s ]
SQL: SHOW COLUMNS FROM `tb_menu` [ RunTime:0.0004s ]
SQL: SELECT * FROM `tb_menu` WHERE `parentid` = 0 AND `status` = 1 ORDER BY `listorder` ASC  [ RunTime:0.0001s ]
SQL: SELECT * FROM `tb_menu` WHERE `parentid` = 140 AND `status` = 1 ORDER BY `listorder` ASC  [ RunTime:0.0001s ]
SQL: SELECT * FROM `tb_menu` WHERE `parentid` = 149 AND `status` = 1 ORDER BY `listorder` ASC  [ RunTime:0.0001s ]
SQL: SELECT * FROM `tb_menu` WHERE `parentid` = 188 AND `status` = 1 ORDER BY `listorder` ASC  [ RunTime:0.0001s ]
SQL: SELECT * FROM `tb_menu` WHERE `parentid` = 85 AND `status` = 1 ORDER BY `listorder` ASC  [ RunTime:0.0001s ]
SQL: SELECT * FROM `tb_menu` WHERE `parentid` = 86 AND `status` = 1 ORDER BY `listorder` ASC  [ RunTime:0.0001s ]
SQL: SELECT * FROM `tb_menu` WHERE `parentid` = 87 AND `status` = 1 ORDER BY `listorder` ASC  [ RunTime:0.0001s ]
SQL: SELECT * FROM `tb_menu` WHERE `parentid` = 94 AND `status` = 1 ORDER BY `listorder` ASC  [ RunTime:0.0001s ]
SQL: SELECT * FROM `tb_menu` WHERE `parentid` = 100 AND `status` = 1 ORDER BY `listorder` ASC  [ RunTime:0.0001s ]
SQL: SHOW COLUMNS FROM `tb_options` [ RunTime:0.0003s ]
SQL: SELECT `option_value` FROM `tb_options` WHERE `option_name` = 'cdn_settings' LIMIT 1   [ RunTime:0.0001s ]
INFO: [ view_parse ] --START--
INFO: [ template_filter ] --START--
INFO: Run Behavior\ContentReplaceBehavior [ RunTime:0.000087s ]
INFO: [ template_filter ] --END-- [ RunTime:0.000115s ]
INFO: Run Behavior\ParseTemplateBehavior [ RunTime:0.007362s ]
INFO: [ view_parse ] --END-- [ RunTime:0.007388s ]
INFO: [ view_filter ] --START--
INFO: Run Behavior\WriteHtmlCacheBehavior [ RunTime:0.000081s ]
INFO: Run Common\Behavior\TmplStripSpaceBehavior [ RunTime:0.000079s ]
INFO: [ view_filter ] --END-- [ RunTime:0.000193s ]
INFO: [ app_end ] --START--
INFO: Run Behavior\ShowPageTraceBehavior [ RunTime:0.000285s ]
INFO: [ app_end ] --END-- [ RunTime:0.000324s ]

[ 2018-11-02T07:43:45+08:00 ] 116.231.128.238 /index.php?g=Admin&m=Main&a=index
INFO: [ app_init ] --START--
INFO: Run Behavior\BuildLiteBehavior [ RunTime:0.000009s ]
INFO: Run Common\Behavior\InitHookBehavior [ RunTime:0.000635s ]
INFO: [ app_init ] --END-- [ RunTime:0.000842s ]
INFO: [ app_begin ] --START--
INFO: Run Behavior\ReadHtmlCacheBehavior [ RunTime:0.000260s ]
INFO: Run Behavior\CheckLangBehavior [ RunTime:0.000384s ]
INFO: Run Common\Behavior\UrldecodeGetBehavior [ RunTime:0.000067s ]
INFO: [ app_begin ] --END-- [ RunTime:0.000773s ]
INFO: [ admin_begin ] --START--
INFO: Run Common\Behavior\AdminDefaultLangBehavior [ RunTime:0.000397s ]
INFO: [ admin_begin ] --END-- [ RunTime:0.000431s ]
SQL: SHOW COLUMNS FROM `tb_users` [ RunTime:0.0005s ]
SQL: SELECT * FROM `tb_users` WHERE `id` = '1' LIMIT 1   [ RunTime:0.0001s ]
SQL: select VERSION() as version [ RunTime:0.0001s ]
SQL: SHOW COLUMNS FROM `tb_options` [ RunTime:0.0003s ]
SQL: SELECT `option_value` FROM `tb_options` WHERE `option_name` = 'cdn_settings' LIMIT 1   [ RunTime:0.0001s ]
INFO: [ view_parse ] --START--
INFO: [ template_filter ] --START--
INFO: Run Behavior\ContentReplaceBehavior [ RunTime:0.000042s ]
INFO: [ template_filter ] --END-- [ RunTime:0.000069s ]
INFO: Run Behavior\ParseTemplateBehavior [ RunTime:0.004314s ]
INFO: [ view_parse ] --END-- [ RunTime:0.004340s ]
INFO: [ view_filter ] --START--
INFO: Run Behavior\WriteHtmlCacheBehavior [ RunTime:0.000075s ]
INFO: Run Common\Behavior\TmplStripSpaceBehavior [ RunTime:0.000064s ]
INFO: [ view_filter ] --END-- [ RunTime:0.000170s ]
INFO: [ app_end ] --START--
INFO: Run Behavior\ShowPageTraceBehavior [ RunTime:0.000242s ]
INFO: [ app_end ] --END-- [ RunTime:0.000263s ]

[ 2018-11-02T07:43:46+08:00 ] 116.231.128.238 /index.php?g=Admin&m=AutoLunbo&a=index
INFO: [ app_init ] --START--
INFO: Run Behavior\BuildLiteBehavior [ RunTime:0.000012s ]
INFO: Run Common\Behavior\InitHookBehavior [ RunTime:0.000715s ]
INFO: [ app_init ] --END-- [ RunTime:0.000946s ]
INFO: [ app_begin ] --START--
INFO: Run Behavior\ReadHtmlCacheBehavior [ RunTime:0.000265s ]
INFO: Run Behavior\CheckLangBehavior [ RunTime:0.000308s ]
INFO: Run Common\Behavior\UrldecodeGetBehavior [ RunTime:0.000067s ]
INFO: [ app_begin ] --END-- [ RunTime:0.000705s ]
INFO: [ admin_begin ] --START--
INFO: Run Common\Behavior\AdminDefaultLangBehavior [ RunTime:0.000323s ]
INFO: [ admin_begin ] --END-- [ RunTime:0.000369s ]
SQL: SHOW COLUMNS FROM `tb_users` [ RunTime:0.0005s ]
SQL: SELECT * FROM `tb_users` WHERE `id` = '1' LIMIT 1   [ RunTime:0.0001s ]
NOTIC: D方法实例化没找到模型类Admin\Model\AutoLunboModel
SQL: SHOW COLUMNS FROM `tb_auto_lunbo` [ RunTime:0.0003s ]
SQL: SHOW COLUMNS FROM `tb_terms` [ RunTime:0.0004s ]
SQL: SHOW COLUMNS FROM `tb_term_relationships` [ RunTime:0.0003s ]
NOTIC: [8] Undefined index: post /www/web/sy_pro_youzewang_com/public_html/application/Admin/Controller/AutoLunboController.class.php 第 28 行.
NOTIC: [2] Invalid argument supplied for foreach() /www/web/sy_pro_youzewang_com/public_html/application/Admin/Controller/AutoLunboController.class.php 第 109 行.
NOTIC: [8] Undefined variable: where /www/web/sy_pro_youzewang_com/public_html/application/Admin/Controller/AutoLunboController.class.php 第 136 行.
SQL: SELECT COUNT(*) AS tp_count FROM tb_auto_lunbo a LIMIT 1   [ RunTime:0.0001s ]
NOTIC: [8] Undefined variable: where /www/web/sy_pro_youzewang_com/public_html/application/Admin/Controller/AutoLunboController.class.php 第 143 行.
SQL: SELECT * FROM tb_auto_lunbo a ORDER BY a.t_id desc LIMIT 0,20   [ RunTime:0.0001s ]
SQL: SHOW COLUMNS FROM `tb_options` [ RunTime:0.0003s ]
SQL: SELECT `option_value` FROM `tb_options` WHERE `option_name` = 'cdn_settings' LIMIT 1   [ RunTime:0.0001s ]
INFO: [ view_parse ] --START--
INFO: [ template_filter ] --START--
INFO: Run Behavior\ContentReplaceBehavior [ RunTime:0.000045s ]
INFO: [ template_filter ] --END-- [ RunTime:0.000079s ]
INFO: Run Behavior\ParseTemplateBehavior [ RunTime:0.004882s ]
INFO: [ view_parse ] --END-- [ RunTime:0.004907s ]
INFO: [ view_filter ] --START--
INFO: Run Behavior\WriteHtmlCacheBehavior [ RunTime:0.000075s ]
INFO: Run Common\Behavior\TmplStripSpaceBehavior [ RunTime:0.000064s ]
INFO: [ view_filter ] --END-- [ RunTime:0.000171s ]
INFO: [ app_end ] --START--
INFO: Run Behavior\ShowPageTraceBehavior [ RunTime:0.000285s ]
INFO: [ app_end ] --END-- [ RunTime:0.000309s ]

[ 2018-11-02T07:44:53+08:00 ] 116.231.128.238 /index.php?g=Admin&m=CreatePage&a=add_post
INFO: [ app_init ] --START--
INFO: Run Behavior\BuildLiteBehavior [ RunTime:0.000012s ]
INFO: Run Common\Behavior\InitHookBehavior [ RunTime:0.000713s ]
INFO: [ app_init ] --END-- [ RunTime:0.000962s ]
INFO: [ app_begin ] --START--
INFO: Run Behavior\ReadHtmlCacheBehavior [ RunTime:0.000290s ]
INFO: Run Behavior\CheckLangBehavior [ RunTime:0.000332s ]
INFO: Run Common\Behavior\UrldecodeGetBehavior [ RunTime:0.000070s ]
INFO: [ app_begin ] --END-- [ RunTime:0.000753s ]
INFO: [ admin_begin ] --START--
INFO: Run Common\Behavior\AdminDefaultLangBehavior [ RunTime:0.000318s ]
INFO: [ admin_begin ] --END-- [ RunTime:0.000352s ]
SQL: SHOW COLUMNS FROM `tb_users` [ RunTime:0.0005s ]
SQL: SELECT * FROM `tb_users` WHERE `id` = '1' LIMIT 1   [ RunTime:0.0001s ]
SQL: select COLUMN_NAME as ziduan,column_comment as zhushi from INFORMATION_SCHEMA.Columns where table_name='tb_auto_lunbo' [ RunTime:0.0005s ]
NOTIC: [8] Undefined index: table_hide /www/web/sy_pro_youzewang_com/public_html/application/Admin/Controller/CreatePageController.class.php 第 112 行.
NOTIC: [8] Undefined index: upload /www/web/sy_pro_youzewang_com/public_html/application/Admin/Controller/CreatePageController.class.php 第 119 行.
NOTIC: [8] Undefined index: upload /www/web/sy_pro_youzewang_com/public_html/application/Admin/Controller/CreatePageController.class.php 第 127 行.
NOTIC: [8] Undefined index: date /www/web/sy_pro_youzewang_com/public_html/application/Admin/Controller/CreatePageController.class.php 第 149 行.
NOTIC: [8] Undefined index: select /www/web/sy_pro_youzewang_com/public_html/application/Admin/Controller/CreatePageController.class.php 第 160 行.
NOTIC: [8] Undefined index: form_hide /www/web/sy_pro_youzewang_com/public_html/application/Admin/Controller/CreatePageController.class.php 第 199 行.
NOTIC: [8] Undefined index: create_time /www/web/sy_pro_youzewang_com/public_html/application/Admin/Controller/CreatePageController.class.php 第 199 行.
NOTIC: [8] Undefined index: select /www/web/sy_pro_youzewang_com/public_html/application/Admin/Controller/CreatePageController.class.php 第 202 行.
NOTIC: [8] Undefined index: checkbox /www/web/sy_pro_youzewang_com/public_html/application/Admin/Controller/CreatePageController.class.php 第 220 行.
NOTIC: [8] Undefined index: radio /www/web/sy_pro_youzewang_com/public_html/application/Admin/Controller/CreatePageController.class.php 第 240 行.
NOTIC: [8] Undefined index: upload /www/web/sy_pro_youzewang_com/public_html/application/Admin/Controller/CreatePageController.class.php 第 260 行.
NOTIC: [8] Undefined index: date /www/web/sy_pro_youzewang_com/public_html/application/Admin/Controller/CreatePageController.class.php 第 288 行.
NOTIC: [8] Undefined index: textarea /www/web/sy_pro_youzewang_com/public_html/application/Admin/Controller/CreatePageController.class.php 第 300 行.
NOTIC: [8] Undefined index: editor /www/web/sy_pro_youzewang_com/public_html/application/Admin/Controller/CreatePageController.class.php 第 312 行.
NOTIC: [8] Undefined index: table_hide /www/web/sy_pro_youzewang_com/public_html/application/Admin/Controller/CreatePageController.class.php 第 112 行.
NOTIC: [8] Undefined index: search /www/web/sy_pro_youzewang_com/public_html/application/Admin/Controller/CreatePageController.class.php 第 146 行.
NOTIC: [8] Undefined index: form_hide /www/web/sy_pro_youzewang_com/public_html/application/Admin/Controller/CreatePageController.class.php 第 199 行.
NOTIC: [8] Undefined index: create_time /www/web/sy_pro_youzewang_com/public_html/application/Admin/Controller/CreatePageController.class.php 第 199 行.
NOTIC: [8] Undefined index: select /www/web/sy_pro_youzewang_com/public_html/application/Admin/Controller/CreatePageController.class.php 第 202 行.
NOTIC: [8] Undefined index: checkbox /www/web/sy_pro_youzewang_com/public_html/application/Admin/Controller/CreatePageController.class.php 第 220 行.
NOTIC: [8] Undefined index: radio /www/web/sy_pro_youzewang_com/public_html/application/Admin/Controller/CreatePageController.class.php 第 240 行.
NOTIC: [8] Undefined variable: where /www/web/sy_pro_youzewang_com/public_html/application/Admin/Controller/CreatePageController.class.php 第 550 行.
NOTIC: [4096] Object of class Admin\Controller\CreatePageController could not be converted to string /www/web/sy_pro_youzewang_com/public_html/application/Admin/Controller/CreatePageController.class.php 第 566 行.
NOTIC: [8] Undefined variable: ids /www/web/sy_pro_youzewang_com/public_html/application/Admin/Controller/CreatePageController.class.php 第 610 行.
NOTIC: [8] Undefined variable: ids /www/web/sy_pro_youzewang_com/public_html/application/Admin/Controller/CreatePageController.class.php 第 623 行.
NOTIC: [8] Undefined variable: ids /www/web/sy_pro_youzewang_com/public_html/application/Admin/Controller/CreatePageController.class.php 第 646 行.
NOTIC: [8] Undefined variable: ids /www/web/sy_pro_youzewang_com/public_html/application/Admin/Controller/CreatePageController.class.php 第 655 行.
NOTIC: [8] Undefined variable: data /www/web/sy_pro_youzewang_com/public_html/application/Admin/Controller/CreatePageController.class.php 第 751 行.
NOTIC: [8] Undefined variable: new_terms /www/web/sy_pro_youzewang_com/public_html/application/Admin/Controller/CreatePageController.class.php 第 772 行.
NOTIC: [8] Undefined variable: form /www/web/sy_pro_youzewang_com/public_html/application/Admin/Controller/CreatePageController.class.php 第 1006 行.
NOTIC: [8] Undefined variable: form /www/web/sy_pro_youzewang_com/public_html/application/Admin/Controller/CreatePageController.class.php 第 1223 行.

[ 2018-11-02T07:44:54+08:00 ] 116.231.128.238 /index.php?g=Admin&m=CreatePage&a=index
INFO: [ app_init ] --START--
INFO: Run Behavior\BuildLiteBehavior [ RunTime:0.000011s ]
INFO: Run Common\Behavior\InitHookBehavior [ RunTime:0.000723s ]
INFO: [ app_init ] --END-- [ RunTime:0.000955s ]
INFO: [ app_begin ] --START--
INFO: Run Behavior\ReadHtmlCacheBehavior [ RunTime:0.000266s ]
INFO: Run Behavior\CheckLangBehavior [ RunTime:0.000307s ]
INFO: Run Common\Behavior\UrldecodeGetBehavior [ RunTime:0.000073s ]
INFO: [ app_begin ] --END-- [ RunTime:0.000725s ]
INFO: [ admin_begin ] --START--
INFO: Run Common\Behavior\AdminDefaultLangBehavior [ RunTime:0.000364s ]
INFO: [ admin_begin ] --END-- [ RunTime:0.000402s ]
SQL: SHOW COLUMNS FROM `tb_users` [ RunTime:0.0005s ]
SQL: SELECT * FROM `tb_users` WHERE `id` = '1' LIMIT 1   [ RunTime:0.0001s ]
SQL: select database() as db_name [ RunTime:0.0001s ]
SQL: show tables [ RunTime:0.0002s ]
SQL: SHOW COLUMNS FROM `tb_options` [ RunTime:0.0003s ]
SQL: SELECT `option_value` FROM `tb_options` WHERE `option_name` = 'cdn_settings' LIMIT 1   [ RunTime:0.0001s ]
INFO: [ view_parse ] --START--
INFO: [ template_filter ] --START--
INFO: Run Behavior\ContentReplaceBehavior [ RunTime:0.000048s ]
INFO: [ template_filter ] --END-- [ RunTime:0.000074s ]
INFO: Run Behavior\ParseTemplateBehavior [ RunTime:0.004859s ]
INFO: [ view_parse ] --END-- [ RunTime:0.004891s ]
INFO: [ view_filter ] --START--
INFO: Run Behavior\WriteHtmlCacheBehavior [ RunTime:0.000079s ]
INFO: Run Common\Behavior\TmplStripSpaceBehavior [ RunTime:0.000068s ]
INFO: [ view_filter ] --END-- [ RunTime:0.000178s ]
INFO: [ app_end ] --START--
INFO: Run Behavior\ShowPageTraceBehavior [ RunTime:0.000258s ]
INFO: [ app_end ] --END-- [ RunTime:0.000281s ]

[ 2018-11-02T07:44:55+08:00 ] 116.231.128.238 /index.php?g=admin&m=index&a=index
INFO: [ app_init ] --START--
INFO: Run Behavior\BuildLiteBehavior [ RunTime:0.000013s ]
INFO: Run Common\Behavior\InitHookBehavior [ RunTime:0.000668s ]
INFO: [ app_init ] --END-- [ RunTime:0.000932s ]
INFO: [ app_begin ] --START--
INFO: Run Behavior\ReadHtmlCacheBehavior [ RunTime:0.000282s ]
INFO: Run Behavior\CheckLangBehavior [ RunTime:0.000310s ]
INFO: Run Common\Behavior\UrldecodeGetBehavior [ RunTime:0.000069s ]
INFO: [ app_begin ] --END-- [ RunTime:0.000725s ]
INFO: [ admin_begin ] --START--
INFO: Run Common\Behavior\AdminDefaultLangBehavior [ RunTime:0.000380s ]
INFO: [ admin_begin ] --END-- [ RunTime:0.000423s ]
SQL: SHOW COLUMNS FROM `tb_users` [ RunTime:0.0006s ]
SQL: SELECT * FROM `tb_users` WHERE `id` = '1' LIMIT 1   [ RunTime:0.0001s ]
SQL: SHOW COLUMNS FROM `tb_menu` [ RunTime:0.0004s ]
SQL: SELECT * FROM `tb_menu` WHERE `parentid` = 0 AND `status` = 1 ORDER BY `listorder` ASC  [ RunTime:0.0001s ]
SQL: SELECT * FROM `tb_menu` WHERE `parentid` = 140 AND `status` = 1 ORDER BY `listorder` ASC  [ RunTime:0.0001s ]
SQL: SELECT * FROM `tb_menu` WHERE `parentid` = 149 AND `status` = 1 ORDER BY `listorder` ASC  [ RunTime:0.0001s ]
SQL: SELECT * FROM `tb_menu` WHERE `parentid` = 188 AND `status` = 1 ORDER BY `listorder` ASC  [ RunTime:0.0001s ]
SQL: SELECT * FROM `tb_menu` WHERE `parentid` = 85 AND `status` = 1 ORDER BY `listorder` ASC  [ RunTime:0.0001s ]
SQL: SELECT * FROM `tb_menu` WHERE `parentid` = 86 AND `status` = 1 ORDER BY `listorder` ASC  [ RunTime:0.0001s ]
SQL: SELECT * FROM `tb_menu` WHERE `parentid` = 87 AND `status` = 1 ORDER BY `listorder` ASC  [ RunTime:0.0001s ]
SQL: SELECT * FROM `tb_menu` WHERE `parentid` = 94 AND `status` = 1 ORDER BY `listorder` ASC  [ RunTime:0.0001s ]
SQL: SELECT * FROM `tb_menu` WHERE `parentid` = 100 AND `status` = 1 ORDER BY `listorder` ASC  [ RunTime:0.0001s ]
SQL: SHOW COLUMNS FROM `tb_options` [ RunTime:0.0003s ]
SQL: SELECT `option_value` FROM `tb_options` WHERE `option_name` = 'cdn_settings' LIMIT 1   [ RunTime:0.0001s ]
INFO: [ view_parse ] --START--
INFO: [ template_filter ] --START--
INFO: Run Behavior\ContentReplaceBehavior [ RunTime:0.000123s ]
INFO: [ template_filter ] --END-- [ RunTime:0.000161s ]
INFO: Run Behavior\ParseTemplateBehavior [ RunTime:0.011484s ]
INFO: [ view_parse ] --END-- [ RunTime:0.011521s ]
INFO: [ view_filter ] --START--
INFO: Run Behavior\WriteHtmlCacheBehavior [ RunTime:0.000108s ]
INFO: Run Common\Behavior\TmplStripSpaceBehavior [ RunTime:0.000090s ]
INFO: [ view_filter ] --END-- [ RunTime:0.000244s ]
INFO: [ app_end ] --START--
INFO: Run Behavior\ShowPageTraceBehavior [ RunTime:0.000384s ]
INFO: [ app_end ] --END-- [ RunTime:0.000419s ]

[ 2018-11-02T07:44:55+08:00 ] 116.231.128.238 /index.php?g=Admin&m=Main&a=index
INFO: [ app_init ] --START--
INFO: Run Behavior\BuildLiteBehavior [ RunTime:0.000011s ]
INFO: Run Common\Behavior\InitHookBehavior [ RunTime:0.000675s ]
INFO: [ app_init ] --END-- [ RunTime:0.000908s ]
INFO: [ app_begin ] --START--
INFO: Run Behavior\ReadHtmlCacheBehavior [ RunTime:0.000294s ]
INFO: Run Behavior\CheckLangBehavior [ RunTime:0.000385s ]
INFO: Run Common\Behavior\UrldecodeGetBehavior [ RunTime:0.000073s ]
INFO: [ app_begin ] --END-- [ RunTime:0.000818s ]
INFO: [ admin_begin ] --START--
INFO: Run Common\Behavior\AdminDefaultLangBehavior [ RunTime:0.000382s ]
INFO: [ admin_begin ] --END-- [ RunTime:0.000416s ]
SQL: SHOW COLUMNS FROM `tb_users` [ RunTime:0.0005s ]
SQL: SELECT * FROM `tb_users` WHERE `id` = '1' LIMIT 1   [ RunTime:0.0001s ]
SQL: select VERSION() as version [ RunTime:0.0001s ]
SQL: SHOW COLUMNS FROM `tb_options` [ RunTime:0.0003s ]
SQL: SELECT `option_value` FROM `tb_options` WHERE `option_name` = 'cdn_settings' LIMIT 1   [ RunTime:0.0001s ]
INFO: [ view_parse ] --START--
INFO: [ template_filter ] --START--
INFO: Run Behavior\ContentReplaceBehavior [ RunTime:0.000043s ]
INFO: [ template_filter ] --END-- [ RunTime:0.000071s ]
INFO: Run Behavior\ParseTemplateBehavior [ RunTime:0.004281s ]
INFO: [ view_parse ] --END-- [ RunTime:0.004307s ]
INFO: [ view_filter ] --START--
INFO: Run Behavior\WriteHtmlCacheBehavior [ RunTime:0.000075s ]
INFO: Run Common\Behavior\TmplStripSpaceBehavior [ RunTime:0.000088s ]
INFO: [ view_filter ] --END-- [ RunTime:0.000199s ]
INFO: [ app_end ] --START--
INFO: Run Behavior\ShowPageTraceBehavior [ RunTime:0.000279s ]
INFO: [ app_end ] --END-- [ RunTime:0.000318s ]

[ 2018-11-02T07:44:56+08:00 ] 116.231.128.238 /index.php?g=Admin&m=User&a=index
INFO: [ app_init ] --START--
INFO: Run Behavior\BuildLiteBehavior [ RunTime:0.000012s ]
INFO: Run Common\Behavior\InitHookBehavior [ RunTime:0.000659s ]
INFO: [ app_init ] --END-- [ RunTime:0.000912s ]
INFO: [ app_begin ] --START--
INFO: Run Behavior\ReadHtmlCacheBehavior [ RunTime:0.000299s ]
INFO: Run Behavior\CheckLangBehavior [ RunTime:0.000387s ]
INFO: Run Common\Behavior\UrldecodeGetBehavior [ RunTime:0.000068s ]
INFO: [ app_begin ] --END-- [ RunTime:0.000820s ]
INFO: [ admin_begin ] --START--
INFO: Run Common\Behavior\AdminDefaultLangBehavior [ RunTime:0.000423s ]
INFO: [ admin_begin ] --END-- [ RunTime:0.000458s ]
SQL: SHOW COLUMNS FROM `tb_users` [ RunTime:0.0005s ]
SQL: SELECT * FROM `tb_users` WHERE `id` = '1' LIMIT 1   [ RunTime:0.0001s ]
SQL: SHOW COLUMNS FROM `tb_users` [ RunTime:0.0004s ]
SQL: SHOW COLUMNS FROM `tb_role` [ RunTime:0.0003s ]
SQL: SELECT COUNT(*) AS tp_count FROM `tb_users` WHERE `user_type` = 1 LIMIT 1   [ RunTime:0.0002s ]
SQL: SELECT * FROM `tb_users` WHERE `user_type` = 1 ORDER BY create_time DESC LIMIT 0,20   [ RunTime:0.0002s ]
SQL: SELECT * FROM `tb_role`  [ RunTime:0.0001s ]
SQL: SHOW COLUMNS FROM `tb_options` [ RunTime:0.0003s ]
SQL: SELECT `option_value` FROM `tb_options` WHERE `option_name` = 'cdn_settings' LIMIT 1   [ RunTime:0.0001s ]
INFO: [ view_parse ] --START--
INFO: [ template_filter ] --START--
INFO: Run Behavior\ContentReplaceBehavior [ RunTime:0.000051s ]
INFO: [ template_filter ] --END-- [ RunTime:0.000078s ]
INFO: Run Behavior\ParseTemplateBehavior [ RunTime:0.006144s ]
INFO: [ view_parse ] --END-- [ RunTime:0.006171s ]
INFO: [ view_filter ] --START--
INFO: Run Behavior\WriteHtmlCacheBehavior [ RunTime:0.000082s ]
INFO: Run Common\Behavior\TmplStripSpaceBehavior [ RunTime:0.000067s ]
INFO: [ view_filter ] --END-- [ RunTime:0.000179s ]
INFO: [ app_end ] --START--
INFO: Run Behavior\ShowPageTraceBehavior [ RunTime:0.000289s ]
INFO: [ app_end ] --END-- [ RunTime:0.000313s ]

[ 2018-11-02T07:44:57+08:00 ] 116.231.128.238 /index.php?g=Admin&m=AutoLunbo&a=index
INFO: [ app_init ] --START--
INFO: Run Behavior\BuildLiteBehavior [ RunTime:0.000011s ]
INFO: Run Common\Behavior\InitHookBehavior [ RunTime:0.000708s ]
INFO: [ app_init ] --END-- [ RunTime:0.000934s ]
INFO: [ app_begin ] --START--
INFO: Run Behavior\ReadHtmlCacheBehavior [ RunTime:0.000267s ]
INFO: Run Behavior\CheckLangBehavior [ RunTime:0.000304s ]
INFO: Run Common\Behavior\UrldecodeGetBehavior [ RunTime:0.000077s ]
INFO: [ app_begin ] --END-- [ RunTime:0.000713s ]
INFO: [ admin_begin ] --START--
INFO: Run Common\Behavior\AdminDefaultLangBehavior [ RunTime:0.000337s ]
INFO: [ admin_begin ] --END-- [ RunTime:0.000375s ]
SQL: SHOW COLUMNS FROM `tb_users` [ RunTime:0.0005s ]
SQL: SELECT * FROM `tb_users` WHERE `id` = '1' LIMIT 1   [ RunTime:0.0001s ]
NOTIC: D方法实例化没找到模型类Admin\Model\AutoLunboModel
SQL: SHOW COLUMNS FROM `tb_auto_lunbo` [ RunTime:0.0003s ]
SQL: SHOW COLUMNS FROM `tb_terms` [ RunTime:0.0004s ]
SQL: SHOW COLUMNS FROM `tb_term_relationships` [ RunTime:0.0003s ]
NOTIC: [8] Undefined index: post /www/web/sy_pro_youzewang_com/public_html/application/Admin/Controller/AutoLunboController.class.php 第 28 行.
NOTIC: [2] Invalid argument supplied for foreach() /www/web/sy_pro_youzewang_com/public_html/application/Admin/Controller/AutoLunboController.class.php 第 109 行.
NOTIC: [8] Undefined variable: where /www/web/sy_pro_youzewang_com/public_html/application/Admin/Controller/AutoLunboController.class.php 第 136 行.
SQL: SELECT COUNT(*) AS tp_count FROM tb_auto_lunbo a LIMIT 1   [ RunTime:0.0002s ]
NOTIC: [8] Undefined variable: where /www/web/sy_pro_youzewang_com/public_html/application/Admin/Controller/AutoLunboController.class.php 第 143 行.
SQL: SELECT * FROM tb_auto_lunbo a ORDER BY a.t_id desc LIMIT 0,20   [ RunTime:0.0001s ]
SQL: SHOW COLUMNS FROM `tb_options` [ RunTime:0.0003s ]
SQL: SELECT `option_value` FROM `tb_options` WHERE `option_name` = 'cdn_settings' LIMIT 1   [ RunTime:0.0001s ]
INFO: [ view_parse ] --START--
INFO: [ template_filter ] --START--
INFO: Run Behavior\ContentReplaceBehavior [ RunTime:0.000045s ]
INFO: [ template_filter ] --END-- [ RunTime:0.000072s ]
INFO: Run Behavior\ParseTemplateBehavior [ RunTime:0.004958s ]
INFO: [ view_parse ] --END-- [ RunTime:0.004994s ]
INFO: [ view_filter ] --START--
INFO: Run Behavior\WriteHtmlCacheBehavior [ RunTime:0.000079s ]
INFO: Run Common\Behavior\TmplStripSpaceBehavior [ RunTime:0.000064s ]
INFO: [ view_filter ] --END-- [ RunTime:0.000175s ]
INFO: [ app_end ] --START--
INFO: Run Behavior\ShowPageTraceBehavior [ RunTime:0.000265s ]
INFO: [ app_end ] --END-- [ RunTime:0.000287s ]

[ 2018-11-02T07:45:02+08:00 ] 116.231.128.238 /index.php?g=Admin&m=AutoLunbo&a=add
INFO: [ app_init ] --START--
INFO: Run Behavior\BuildLiteBehavior [ RunTime:0.000014s ]
INFO: Run Common\Behavior\InitHookBehavior [ RunTime:0.000726s ]
INFO: [ app_init ] --END-- [ RunTime:0.000959s ]
INFO: [ app_begin ] --START--
INFO: Run Behavior\ReadHtmlCacheBehavior [ RunTime:0.000267s ]
INFO: Run Behavior\CheckLangBehavior [ RunTime:0.000339s ]
INFO: Run Common\Behavior\UrldecodeGetBehavior [ RunTime:0.000069s ]
INFO: [ app_begin ] --END-- [ RunTime:0.000753s ]
INFO: [ admin_begin ] --START--
INFO: Run Common\Behavior\AdminDefaultLangBehavior [ RunTime:0.000343s ]
INFO: [ admin_begin ] --END-- [ RunTime:0.000382s ]
SQL: SHOW COLUMNS FROM `tb_users` [ RunTime:0.0005s ]
SQL: SELECT * FROM `tb_users` WHERE `id` = '1' LIMIT 1   [ RunTime:0.0001s ]
NOTIC: D方法实例化没找到模型类Admin\Model\AutoLunboModel
SQL: SHOW COLUMNS FROM `tb_auto_lunbo` [ RunTime:0.0003s ]
SQL: SHOW COLUMNS FROM `tb_terms` [ RunTime:0.0004s ]
SQL: SHOW COLUMNS FROM `tb_term_relationships` [ RunTime:0.0003s ]
SQL: SHOW COLUMNS FROM `tb_options` [ RunTime:0.0003s ]
SQL: SELECT `option_value` FROM `tb_options` WHERE `option_name` = 'cdn_settings' LIMIT 1   [ RunTime:0.0001s ]
INFO: [ view_parse ] --START--
INFO: [ template_filter ] --START--
INFO: Run Behavior\ContentReplaceBehavior [ RunTime:0.000052s ]
INFO: [ template_filter ] --END-- [ RunTime:0.000079s ]
NOTIC: [8] Undefined variable: post /www/web/sy_pro_youzewang_com/public_html/data/runtime/Cache/Admin/619d6a7db8d4bc3ae3913ab5aa095558.php 第 76 行.
NOTIC: [8] Undefined variable: post /www/web/sy_pro_youzewang_com/public_html/data/runtime/Cache/Admin/619d6a7db8d4bc3ae3913ab5aa095558.php 第 80 行.
NOTIC: [8] Undefined variable: post /www/web/sy_pro_youzewang_com/public_html/data/runtime/Cache/Admin/619d6a7db8d4bc3ae3913ab5aa095558.php 第 87 行.
NOTIC: [8] Undefined variable: post /www/web/sy_pro_youzewang_com/public_html/data/runtime/Cache/Admin/619d6a7db8d4bc3ae3913ab5aa095558.php 第 87 行.
INFO: Run Behavior\ParseTemplateBehavior [ RunTime:0.004581s ]
INFO: [ view_parse ] --END-- [ RunTime:0.004603s ]
INFO: [ view_filter ] --START--
INFO: Run Behavior\WriteHtmlCacheBehavior [ RunTime:0.000074s ]
INFO: Run Common\Behavior\TmplStripSpaceBehavior [ RunTime:0.000062s ]
INFO: [ view_filter ] --END-- [ RunTime:0.000166s ]
INFO: [ app_end ] --START--
INFO: Run Behavior\ShowPageTraceBehavior [ RunTime:0.000280s ]
INFO: [ app_end ] --END-- [ RunTime:0.000309s ]

[ 2018-11-02T07:47:11+08:00 ] 116.231.128.238 /index.php?g=Admin&m=AutoLunbo&a=add
INFO: [ app_init ] --START--
INFO: Run Behavior\BuildLiteBehavior [ RunTime:0.000012s ]
INFO: Run Common\Behavior\InitHookBehavior [ RunTime:0.000665s ]
INFO: [ app_init ] --END-- [ RunTime:0.000903s ]
INFO: [ app_begin ] --START--
INFO: Run Behavior\ReadHtmlCacheBehavior [ RunTime:0.000296s ]
INFO: Run Behavior\CheckLangBehavior [ RunTime:0.000325s ]
INFO: Run Common\Behavior\UrldecodeGetBehavior [ RunTime:0.000072s ]
INFO: [ app_begin ] --END-- [ RunTime:0.000760s ]
INFO: [ admin_begin ] --START--
INFO: Run Common\Behavior\AdminDefaultLangBehavior [ RunTime:0.000394s ]
INFO: [ admin_begin ] --END-- [ RunTime:0.000432s ]
SQL: SHOW COLUMNS FROM `tb_users` [ RunTime:0.0005s ]
SQL: SELECT * FROM `tb_users` WHERE `id` = '1' LIMIT 1   [ RunTime:0.0001s ]
NOTIC: D方法实例化没找到模型类Admin\Model\AutoLunboModel
SQL: SHOW COLUMNS FROM `tb_auto_lunbo` [ RunTime:0.0003s ]
SQL: SHOW COLUMNS FROM `tb_terms` [ RunTime:0.0004s ]
SQL: SHOW COLUMNS FROM `tb_term_relationships` [ RunTime:0.0003s ]
SQL: SHOW COLUMNS FROM `tb_options` [ RunTime:0.0003s ]
SQL: SELECT `option_value` FROM `tb_options` WHERE `option_name` = 'cdn_settings' LIMIT 1   [ RunTime:0.0001s ]
INFO: [ view_parse ] --START--
INFO: [ template_filter ] --START--
INFO: Run Behavior\ContentReplaceBehavior [ RunTime:0.000051s ]
INFO: [ template_filter ] --END-- [ RunTime:0.000078s ]
NOTIC: [8] Undefined variable: post /www/web/sy_pro_youzewang_com/public_html/data/runtime/Cache/Admin/619d6a7db8d4bc3ae3913ab5aa095558.php 第 76 行.
NOTIC: [8] Undefined variable: post /www/web/sy_pro_youzewang_com/public_html/data/runtime/Cache/Admin/619d6a7db8d4bc3ae3913ab5aa095558.php 第 80 行.
NOTIC: [8] Undefined variable: post /www/web/sy_pro_youzewang_com/public_html/data/runtime/Cache/Admin/619d6a7db8d4bc3ae3913ab5aa095558.php 第 87 行.
NOTIC: [8] Undefined variable: post /www/web/sy_pro_youzewang_com/public_html/data/runtime/Cache/Admin/619d6a7db8d4bc3ae3913ab5aa095558.php 第 87 行.
INFO: Run Behavior\ParseTemplateBehavior [ RunTime:0.004697s ]
INFO: [ view_parse ] --END-- [ RunTime:0.004720s ]
INFO: [ view_filter ] --START--
INFO: Run Behavior\WriteHtmlCacheBehavior [ RunTime:0.000078s ]
INFO: Run Common\Behavior\TmplStripSpaceBehavior [ RunTime:0.000068s ]
INFO: [ view_filter ] --END-- [ RunTime:0.000177s ]
INFO: [ app_end ] --START--
INFO: Run Behavior\ShowPageTraceBehavior [ RunTime:0.000301s ]
INFO: [ app_end ] --END-- [ RunTime:0.000330s ]

[ 2018-11-02T07:47:12+08:00 ] 116.231.128.238 /index.php?g=Admin&m=AutoLunbo&a=add
INFO: [ app_init ] --START--
INFO: Run Behavior\BuildLiteBehavior [ RunTime:0.000015s ]
INFO: Run Common\Behavior\InitHookBehavior [ RunTime:0.000669s ]
INFO: [ app_init ] --END-- [ RunTime:0.000908s ]
INFO: [ app_begin ] --START--
INFO: Run Behavior\ReadHtmlCacheBehavior [ RunTime:0.000255s ]
INFO: Run Behavior\CheckLangBehavior [ RunTime:0.000346s ]
INFO: Run Common\Behavior\UrldecodeGetBehavior [ RunTime:0.000070s ]
INFO: [ app_begin ] --END-- [ RunTime:0.000733s ]
INFO: [ admin_begin ] --START--
INFO: Run Common\Behavior\AdminDefaultLangBehavior [ RunTime:0.000306s ]
INFO: [ admin_begin ] --END-- [ RunTime:0.000340s ]
SQL: SHOW COLUMNS FROM `tb_users` [ RunTime:0.0005s ]
SQL: SELECT * FROM `tb_users` WHERE `id` = '1' LIMIT 1   [ RunTime:0.0001s ]
NOTIC: D方法实例化没找到模型类Admin\Model\AutoLunboModel
SQL: SHOW COLUMNS FROM `tb_auto_lunbo` [ RunTime:0.0003s ]
SQL: SHOW COLUMNS FROM `tb_terms` [ RunTime:0.0004s ]
SQL: SHOW COLUMNS FROM `tb_term_relationships` [ RunTime:0.0003s ]
SQL: SHOW COLUMNS FROM `tb_options` [ RunTime:0.0003s ]
SQL: SELECT `option_value` FROM `tb_options` WHERE `option_name` = 'cdn_settings' LIMIT 1   [ RunTime:0.0001s ]
INFO: [ view_parse ] --START--
INFO: [ template_filter ] --START--
INFO: Run Behavior\ContentReplaceBehavior [ RunTime:0.000073s ]
INFO: [ template_filter ] --END-- [ RunTime:0.000101s ]
NOTIC: [8] Undefined variable: post /www/web/sy_pro_youzewang_com/public_html/data/runtime/Cache/Admin/619d6a7db8d4bc3ae3913ab5aa095558.php 第 76 行.
NOTIC: [8] Undefined variable: post /www/web/sy_pro_youzewang_com/public_html/data/runtime/Cache/Admin/619d6a7db8d4bc3ae3913ab5aa095558.php 第 80 行.
NOTIC: [8] Undefined variable: post /www/web/sy_pro_youzewang_com/public_html/data/runtime/Cache/Admin/619d6a7db8d4bc3ae3913ab5aa095558.php 第 87 行.
NOTIC: [8] Undefined variable: post /www/web/sy_pro_youzewang_com/public_html/data/runtime/Cache/Admin/619d6a7db8d4bc3ae3913ab5aa095558.php 第 87 行.
INFO: Run Behavior\ParseTemplateBehavior [ RunTime:0.004676s ]
INFO: [ view_parse ] --END-- [ RunTime:0.004698s ]
INFO: [ view_filter ] --START--
INFO: Run Behavior\WriteHtmlCacheBehavior [ RunTime:0.000077s ]
INFO: Run Common\Behavior\TmplStripSpaceBehavior [ RunTime:0.000065s ]
INFO: [ view_filter ] --END-- [ RunTime:0.000174s ]
INFO: [ app_end ] --START--
INFO: Run Behavior\ShowPageTraceBehavior [ RunTime:0.000316s ]
INFO: [ app_end ] --END-- [ RunTime:0.000346s ]

[ 2018-11-02T07:47:12+08:00 ] 116.231.128.238 /index.php?g=Admin&m=AutoLunbo&a=add
INFO: [ app_init ] --START--
INFO: Run Behavior\BuildLiteBehavior [ RunTime:0.000012s ]
INFO: Run Common\Behavior\InitHookBehavior [ RunTime:0.000637s ]
INFO: [ app_init ] --END-- [ RunTime:0.000860s ]
INFO: [ app_begin ] --START--
INFO: Run Behavior\ReadHtmlCacheBehavior [ RunTime:0.000296s ]
INFO: Run Behavior\CheckLangBehavior [ RunTime:0.000302s ]
INFO: Run Common\Behavior\UrldecodeGetBehavior [ RunTime:0.000065s ]
INFO: [ app_begin ] --END-- [ RunTime:0.000727s ]
INFO: [ admin_begin ] --START--
INFO: Run Common\Behavior\AdminDefaultLangBehavior [ RunTime:0.000341s ]
INFO: [ admin_begin ] --END-- [ RunTime:0.000376s ]
SQL: SHOW COLUMNS FROM `tb_users` [ RunTime:0.0005s ]
SQL: SELECT * FROM `tb_users` WHERE `id` = '1' LIMIT 1   [ RunTime:0.0001s ]
NOTIC: D方法实例化没找到模型类Admin\Model\AutoLunboModel
SQL: SHOW COLUMNS FROM `tb_auto_lunbo` [ RunTime:0.0003s ]
SQL: SHOW COLUMNS FROM `tb_terms` [ RunTime:0.0003s ]
SQL: SHOW COLUMNS FROM `tb_term_relationships` [ RunTime:0.0003s ]
SQL: SHOW COLUMNS FROM `tb_options` [ RunTime:0.0003s ]
SQL: SELECT `option_value` FROM `tb_options` WHERE `option_name` = 'cdn_settings' LIMIT 1   [ RunTime:0.0001s ]
INFO: [ view_parse ] --START--
INFO: [ template_filter ] --START--
INFO: Run Behavior\ContentReplaceBehavior [ RunTime:0.000058s ]
INFO: [ template_filter ] --END-- [ RunTime:0.000085s ]
NOTIC: [8] Undefined variable: post /www/web/sy_pro_youzewang_com/public_html/data/runtime/Cache/Admin/619d6a7db8d4bc3ae3913ab5aa095558.php 第 76 行.
NOTIC: [8] Undefined variable: post /www/web/sy_pro_youzewang_com/public_html/data/runtime/Cache/Admin/619d6a7db8d4bc3ae3913ab5aa095558.php 第 80 行.
NOTIC: [8] Undefined variable: post /www/web/sy_pro_youzewang_com/public_html/data/runtime/Cache/Admin/619d6a7db8d4bc3ae3913ab5aa095558.php 第 87 行.
NOTIC: [8] Undefined variable: post /www/web/sy_pro_youzewang_com/public_html/data/runtime/Cache/Admin/619d6a7db8d4bc3ae3913ab5aa095558.php 第 87 行.
INFO: Run Behavior\ParseTemplateBehavior [ RunTime:0.004648s ]
INFO: [ view_parse ] --END-- [ RunTime:0.004670s ]
INFO: [ view_filter ] --START--
INFO: Run Behavior\WriteHtmlCacheBehavior [ RunTime:0.000082s ]
INFO: Run Common\Behavior\TmplStripSpaceBehavior [ RunTime:0.000066s ]
INFO: [ view_filter ] --END-- [ RunTime:0.000180s ]
INFO: [ app_end ] --START--
INFO: Run Behavior\ShowPageTraceBehavior [ RunTime:0.000293s ]
INFO: [ app_end ] --END-- [ RunTime:0.000324s ]

[ 2018-11-02T07:47:14+08:00 ] 116.231.128.238 /index.php?g=admin&m=index&a=index
INFO: [ app_init ] --START--
INFO: Run Behavior\BuildLiteBehavior [ RunTime:0.000011s ]
INFO: Run Common\Behavior\InitHookBehavior [ RunTime:0.000670s ]
INFO: [ app_init ] --END-- [ RunTime:0.000888s ]
INFO: [ app_begin ] --START--
INFO: Run Behavior\ReadHtmlCacheBehavior [ RunTime:0.000254s ]
INFO: Run Behavior\CheckLangBehavior [ RunTime:0.000401s ]
INFO: Run Common\Behavior\UrldecodeGetBehavior [ RunTime:0.000098s ]
INFO: [ app_begin ] --END-- [ RunTime:0.000836s ]
INFO: [ admin_begin ] --START--
INFO: Run Common\Behavior\AdminDefaultLangBehavior [ RunTime:0.000314s ]
INFO: [ admin_begin ] --END-- [ RunTime:0.000353s ]
SQL: SHOW COLUMNS FROM `tb_users` [ RunTime:0.0005s ]
SQL: SELECT * FROM `tb_users` WHERE `id` = '1' LIMIT 1   [ RunTime:0.0001s ]
SQL: SHOW COLUMNS FROM `tb_menu` [ RunTime:0.0004s ]
SQL: SELECT * FROM `tb_menu` WHERE `parentid` = 0 AND `status` = 1 ORDER BY `listorder` ASC  [ RunTime:0.0001s ]
SQL: SELECT * FROM `tb_menu` WHERE `parentid` = 140 AND `status` = 1 ORDER BY `listorder` ASC  [ RunTime:0.0001s ]
SQL: SELECT * FROM `tb_menu` WHERE `parentid` = 149 AND `status` = 1 ORDER BY `listorder` ASC  [ RunTime:0.0001s ]
SQL: SELECT * FROM `tb_menu` WHERE `parentid` = 188 AND `status` = 1 ORDER BY `listorder` ASC  [ RunTime:0.0001s ]
SQL: SELECT * FROM `tb_menu` WHERE `parentid` = 85 AND `status` = 1 ORDER BY `listorder` ASC  [ RunTime:0.0001s ]
SQL: SELECT * FROM `tb_menu` WHERE `parentid` = 86 AND `status` = 1 ORDER BY `listorder` ASC  [ RunTime:0.0001s ]
SQL: SELECT * FROM `tb_menu` WHERE `parentid` = 87 AND `status` = 1 ORDER BY `listorder` ASC  [ RunTime:0.0001s ]
SQL: SELECT * FROM `tb_menu` WHERE `parentid` = 94 AND `status` = 1 ORDER BY `listorder` ASC  [ RunTime:0.0001s ]
SQL: SELECT * FROM `tb_menu` WHERE `parentid` = 100 AND `status` = 1 ORDER BY `listorder` ASC  [ RunTime:0.0001s ]
SQL: SHOW COLUMNS FROM `tb_options` [ RunTime:0.0003s ]
SQL: SELECT `option_value` FROM `tb_options` WHERE `option_name` = 'cdn_settings' LIMIT 1   [ RunTime:0.0001s ]
INFO: [ view_parse ] --START--
INFO: [ template_filter ] --START--
INFO: Run Behavior\ContentReplaceBehavior [ RunTime:0.000086s ]
INFO: [ template_filter ] --END-- [ RunTime:0.000114s ]
INFO: Run Behavior\ParseTemplateBehavior [ RunTime:0.007385s ]
INFO: [ view_parse ] --END-- [ RunTime:0.007412s ]
INFO: [ view_filter ] --START--
INFO: Run Behavior\WriteHtmlCacheBehavior [ RunTime:0.000077s ]
INFO: Run Common\Behavior\TmplStripSpaceBehavior [ RunTime:0.000066s ]
INFO: [ view_filter ] --END-- [ RunTime:0.000174s ]
INFO: [ app_end ] --START--
INFO: Run Behavior\ShowPageTraceBehavior [ RunTime:0.000295s ]
INFO: [ app_end ] --END-- [ RunTime:0.000323s ]

[ 2018-11-02T07:47:14+08:00 ] 116.231.128.238 /index.php?g=Admin&m=Main&a=index
INFO: [ app_init ] --START--
INFO: Run Behavior\BuildLiteBehavior [ RunTime:0.000012s ]
INFO: Run Common\Behavior\InitHookBehavior [ RunTime:0.000713s ]
INFO: [ app_init ] --END-- [ RunTime:0.000938s ]
INFO: [ app_begin ] --START--
INFO: Run Behavior\ReadHtmlCacheBehavior [ RunTime:0.000267s ]
INFO: Run Behavior\CheckLangBehavior [ RunTime:0.000393s ]
INFO: Run Common\Behavior\UrldecodeGetBehavior [ RunTime:0.000071s ]
INFO: [ app_begin ] --END-- [ RunTime:0.000795s ]
INFO: [ admin_begin ] --START--
INFO: Run Common\Behavior\AdminDefaultLangBehavior [ RunTime:0.000398s ]
INFO: [ admin_begin ] --END-- [ RunTime:0.000434s ]
SQL: SHOW COLUMNS FROM `tb_users` [ RunTime:0.0005s ]
SQL: SELECT * FROM `tb_users` WHERE `id` = '1' LIMIT 1   [ RunTime:0.0001s ]
SQL: select VERSION() as version [ RunTime:0.0001s ]
SQL: SHOW COLUMNS FROM `tb_options` [ RunTime:0.0003s ]
SQL: SELECT `option_value` FROM `tb_options` WHERE `option_name` = 'cdn_settings' LIMIT 1   [ RunTime:0.0001s ]
INFO: [ view_parse ] --START--
INFO: [ template_filter ] --START--
INFO: Run Behavior\ContentReplaceBehavior [ RunTime:0.000042s ]
INFO: [ template_filter ] --END-- [ RunTime:0.000069s ]
INFO: Run Behavior\ParseTemplateBehavior [ RunTime:0.004256s ]
INFO: [ view_parse ] --END-- [ RunTime:0.004281s ]
INFO: [ view_filter ] --START--
INFO: Run Behavior\WriteHtmlCacheBehavior [ RunTime:0.000075s ]
INFO: Run Common\Behavior\TmplStripSpaceBehavior [ RunTime:0.000067s ]
INFO: [ view_filter ] --END-- [ RunTime:0.000172s ]
INFO: [ app_end ] --START--
INFO: Run Behavior\ShowPageTraceBehavior [ RunTime:0.000290s ]
INFO: [ app_end ] --END-- [ RunTime:0.000314s ]

[ 2018-11-02T07:47:16+08:00 ] 116.231.128.238 /index.php?g=Admin&m=AutoLunbo&a=index
INFO: [ app_init ] --START--
INFO: Run Behavior\BuildLiteBehavior [ RunTime:0.000014s ]
INFO: Run Common\Behavior\InitHookBehavior [ RunTime:0.000704s ]
INFO: [ app_init ] --END-- [ RunTime:0.000979s ]
INFO: [ app_begin ] --START--
INFO: Run Behavior\ReadHtmlCacheBehavior [ RunTime:0.000327s ]
INFO: Run Behavior\CheckLangBehavior [ RunTime:0.000324s ]
INFO: Run Common\Behavior\UrldecodeGetBehavior [ RunTime:0.000076s ]
INFO: [ app_begin ] --END-- [ RunTime:0.000798s ]
INFO: [ admin_begin ] --START--
INFO: Run Common\Behavior\AdminDefaultLangBehavior [ RunTime:0.000381s ]
INFO: [ admin_begin ] --END-- [ RunTime:0.000420s ]
SQL: SHOW COLUMNS FROM `tb_users` [ RunTime:0.0005s ]
SQL: SELECT * FROM `tb_users` WHERE `id` = '1' LIMIT 1   [ RunTime:0.0001s ]
NOTIC: D方法实例化没找到模型类Admin\Model\AutoLunboModel
SQL: SHOW COLUMNS FROM `tb_auto_lunbo` [ RunTime:0.0003s ]
SQL: SHOW COLUMNS FROM `tb_terms` [ RunTime:0.0004s ]
SQL: SHOW COLUMNS FROM `tb_term_relationships` [ RunTime:0.0003s ]
NOTIC: [8] Undefined index: post /www/web/sy_pro_youzewang_com/public_html/application/Admin/Controller/AutoLunboController.class.php 第 28 行.
NOTIC: [2] Invalid argument supplied for foreach() /www/web/sy_pro_youzewang_com/public_html/application/Admin/Controller/AutoLunboController.class.php 第 109 行.
NOTIC: [8] Undefined variable: where /www/web/sy_pro_youzewang_com/public_html/application/Admin/Controller/AutoLunboController.class.php 第 136 行.
SQL: SELECT COUNT(*) AS tp_count FROM tb_auto_lunbo a LIMIT 1   [ RunTime:0.0001s ]
NOTIC: [8] Undefined variable: where /www/web/sy_pro_youzewang_com/public_html/application/Admin/Controller/AutoLunboController.class.php 第 143 行.
SQL: SELECT * FROM tb_auto_lunbo a ORDER BY a.t_id desc LIMIT 0,20   [ RunTime:0.0001s ]
SQL: SHOW COLUMNS FROM `tb_options` [ RunTime:0.0003s ]
SQL: SELECT `option_value` FROM `tb_options` WHERE `option_name` = 'cdn_settings' LIMIT 1   [ RunTime:0.0001s ]
INFO: [ view_parse ] --START--
INFO: [ template_filter ] --START--
INFO: Run Behavior\ContentReplaceBehavior [ RunTime:0.000056s ]
INFO: [ template_filter ] --END-- [ RunTime:0.000083s ]
INFO: Run Behavior\ParseTemplateBehavior [ RunTime:0.005010s ]
INFO: [ view_parse ] --END-- [ RunTime:0.005036s ]
INFO: [ view_filter ] --START--
INFO: Run Behavior\WriteHtmlCacheBehavior [ RunTime:0.000078s ]
INFO: Run Common\Behavior\TmplStripSpaceBehavior [ RunTime:0.000069s ]
INFO: [ view_filter ] --END-- [ RunTime:0.000178s ]
INFO: [ app_end ] --START--
INFO: Run Behavior\ShowPageTraceBehavior [ RunTime:0.000288s ]
INFO: [ app_end ] --END-- [ RunTime:0.000314s ]

[ 2018-11-02T07:47:17+08:00 ] 116.231.128.238 /index.php?g=Admin&m=AutoLunbo&a=add
INFO: [ app_init ] --START--
INFO: Run Behavior\BuildLiteBehavior [ RunTime:0.000013s ]
INFO: Run Common\Behavior\InitHookBehavior [ RunTime:0.000682s ]
INFO: [ app_init ] --END-- [ RunTime:0.000925s ]
INFO: [ app_begin ] --START--
INFO: Run Behavior\ReadHtmlCacheBehavior [ RunTime:0.000301s ]
INFO: Run Behavior\CheckLangBehavior [ RunTime:0.000329s ]
INFO: Run Common\Behavior\UrldecodeGetBehavior [ RunTime:0.000070s ]
INFO: [ app_begin ] --END-- [ RunTime:0.000767s ]
INFO: [ admin_begin ] --START--
INFO: Run Common\Behavior\AdminDefaultLangBehavior [ RunTime:0.000359s ]
INFO: [ admin_begin ] --END-- [ RunTime:0.000403s ]
SQL: SHOW COLUMNS FROM `tb_users` [ RunTime:0.0005s ]
SQL: SELECT * FROM `tb_users` WHERE `id` = '1' LIMIT 1   [ RunTime:0.0001s ]
NOTIC: D方法实例化没找到模型类Admin\Model\AutoLunboModel
SQL: SHOW COLUMNS FROM `tb_auto_lunbo` [ RunTime:0.0003s ]
SQL: SHOW COLUMNS FROM `tb_terms` [ RunTime:0.0004s ]
SQL: SHOW COLUMNS FROM `tb_term_relationships` [ RunTime:0.0003s ]
SQL: SHOW COLUMNS FROM `tb_options` [ RunTime:0.0003s ]
SQL: SELECT `option_value` FROM `tb_options` WHERE `option_name` = 'cdn_settings' LIMIT 1   [ RunTime:0.0001s ]
INFO: [ view_parse ] --START--
INFO: [ template_filter ] --START--
INFO: Run Behavior\ContentReplaceBehavior [ RunTime:0.000055s ]
INFO: [ template_filter ] --END-- [ RunTime:0.000083s ]
NOTIC: [8] Undefined variable: post /www/web/sy_pro_youzewang_com/public_html/data/runtime/Cache/Admin/619d6a7db8d4bc3ae3913ab5aa095558.php 第 76 行.
NOTIC: [8] Undefined variable: post /www/web/sy_pro_youzewang_com/public_html/data/runtime/Cache/Admin/619d6a7db8d4bc3ae3913ab5aa095558.php 第 80 行.
NOTIC: [8] Undefined variable: post /www/web/sy_pro_youzewang_com/public_html/data/runtime/Cache/Admin/619d6a7db8d4bc3ae3913ab5aa095558.php 第 87 行.
NOTIC: [8] Undefined variable: post /www/web/sy_pro_youzewang_com/public_html/data/runtime/Cache/Admin/619d6a7db8d4bc3ae3913ab5aa095558.php 第 87 行.
INFO: Run Behavior\ParseTemplateBehavior [ RunTime:0.004985s ]
INFO: [ view_parse ] --END-- [ RunTime:0.005009s ]
INFO: [ view_filter ] --START--
INFO: Run Behavior\WriteHtmlCacheBehavior [ RunTime:0.000080s ]
INFO: Run Common\Behavior\TmplStripSpaceBehavior [ RunTime:0.000068s ]
INFO: [ view_filter ] --END-- [ RunTime:0.000179s ]
INFO: [ app_end ] --START--
INFO: Run Behavior\ShowPageTraceBehavior [ RunTime:0.000319s ]
INFO: [ app_end ] --END-- [ RunTime:0.000355s ]

[ 2018-11-02T07:55:08+08:00 ] 116.231.128.238 /index.php?g=Admin&m=AutoLunbo&a=index
INFO: [ app_init ] --START--
INFO: Run Behavior\BuildLiteBehavior [ RunTime:0.000012s ]
INFO: Run Common\Behavior\InitHookBehavior [ RunTime:0.000782s ]
INFO: [ app_init ] --END-- [ RunTime:0.001024s ]
INFO: [ app_begin ] --START--
INFO: Run Behavior\ReadHtmlCacheBehavior [ RunTime:0.000291s ]
INFO: Run Behavior\CheckLangBehavior [ RunTime:0.000299s ]
INFO: Run Common\Behavior\UrldecodeGetBehavior [ RunTime:0.000066s ]
INFO: [ app_begin ] --END-- [ RunTime:0.000722s ]
INFO: [ admin_begin ] --START--
INFO: Run Common\Behavior\AdminDefaultLangBehavior [ RunTime:0.000368s ]
INFO: [ admin_begin ] --END-- [ RunTime:0.000405s ]
SQL: SHOW COLUMNS FROM `tb_users` [ RunTime:0.0005s ]
SQL: SELECT * FROM `tb_users` WHERE `id` = '1' LIMIT 1   [ RunTime:0.0001s ]
NOTIC: D方法实例化没找到模型类Admin\Model\AutoLunboModel
SQL: SHOW COLUMNS FROM `tb_auto_lunbo` [ RunTime:0.0003s ]
SQL: SHOW COLUMNS FROM `tb_terms` [ RunTime:0.0005s ]
SQL: SHOW COLUMNS FROM `tb_term_relationships` [ RunTime:0.0003s ]
NOTIC: [8] Undefined index: post /www/web/sy_pro_youzewang_com/public_html/application/Admin/Controller/AutoLunboController.class.php 第 28 行.
NOTIC: [2] Invalid argument supplied for foreach() /www/web/sy_pro_youzewang_com/public_html/application/Admin/Controller/AutoLunboController.class.php 第 109 行.
NOTIC: [8] Undefined variable: where /www/web/sy_pro_youzewang_com/public_html/application/Admin/Controller/AutoLunboController.class.php 第 136 行.
SQL: SELECT COUNT(*) AS tp_count FROM tb_auto_lunbo a LIMIT 1   [ RunTime:0.0001s ]
NOTIC: [8] Undefined variable: where /www/web/sy_pro_youzewang_com/public_html/application/Admin/Controller/AutoLunboController.class.php 第 143 行.
SQL: SELECT * FROM tb_auto_lunbo a ORDER BY a.t_id desc LIMIT 0,20   [ RunTime:0.0001s ]
SQL: SHOW COLUMNS FROM `tb_options` [ RunTime:0.0003s ]
SQL: SELECT `option_value` FROM `tb_options` WHERE `option_name` = 'cdn_settings' LIMIT 1   [ RunTime:0.0001s ]
INFO: [ view_parse ] --START--
INFO: [ template_filter ] --START--
INFO: Run Behavior\ContentReplaceBehavior [ RunTime:0.000044s ]
INFO: [ template_filter ] --END-- [ RunTime:0.000072s ]
INFO: Run Behavior\ParseTemplateBehavior [ RunTime:0.004984s ]
INFO: [ view_parse ] --END-- [ RunTime:0.005009s ]
INFO: [ view_filter ] --START--
INFO: Run Behavior\WriteHtmlCacheBehavior [ RunTime:0.000076s ]
INFO: Run Common\Behavior\TmplStripSpaceBehavior [ RunTime:0.000068s ]
INFO: [ view_filter ] --END-- [ RunTime:0.000176s ]
INFO: [ app_end ] --START--
INFO: Run Behavior\ShowPageTraceBehavior [ RunTime:0.000293s ]
INFO: [ app_end ] --END-- [ RunTime:0.000317s ]

[ 2018-11-02T07:55:10+08:00 ] 116.231.128.238 /index.php?g=Admin&m=AutoLunbo&a=add
INFO: [ app_init ] --START--
INFO: Run Behavior\BuildLiteBehavior [ RunTime:0.000012s ]
INFO: Run Common\Behavior\InitHookBehavior [ RunTime:0.000702s ]
INFO: [ app_init ] --END-- [ RunTime:0.000924s ]
INFO: [ app_begin ] --START--
INFO: Run Behavior\ReadHtmlCacheBehavior [ RunTime:0.000265s ]
INFO: Run Behavior\CheckLangBehavior [ RunTime:0.000311s ]
INFO: Run Common\Behavior\UrldecodeGetBehavior [ RunTime:0.000069s ]
INFO: [ app_begin ] --END-- [ RunTime:0.000721s ]
INFO: [ admin_begin ] --START--
INFO: Run Common\Behavior\AdminDefaultLangBehavior [ RunTime:0.000327s ]
INFO: [ admin_begin ] --END-- [ RunTime:0.000365s ]
SQL: SHOW COLUMNS FROM `tb_users` [ RunTime:0.0005s ]
SQL: SELECT * FROM `tb_users` WHERE `id` = '1' LIMIT 1   [ RunTime:0.0001s ]
NOTIC: D方法实例化没找到模型类Admin\Model\AutoLunboModel
SQL: SHOW COLUMNS FROM `tb_auto_lunbo` [ RunTime:0.0003s ]
SQL: SHOW COLUMNS FROM `tb_terms` [ RunTime:0.0004s ]
SQL: SHOW COLUMNS FROM `tb_term_relationships` [ RunTime:0.0003s ]
SQL: SHOW COLUMNS FROM `tb_options` [ RunTime:0.0003s ]
SQL: SELECT `option_value` FROM `tb_options` WHERE `option_name` = 'cdn_settings' LIMIT 1   [ RunTime:0.0001s ]
INFO: [ view_parse ] --START--
INFO: [ template_filter ] --START--
INFO: Run Behavior\ContentReplaceBehavior [ RunTime:0.000052s ]
INFO: [ template_filter ] --END-- [ RunTime:0.000078s ]
NOTIC: [8] Undefined variable: post /www/web/sy_pro_youzewang_com/public_html/data/runtime/Cache/Admin/619d6a7db8d4bc3ae3913ab5aa095558.php 第 76 行.
NOTIC: [8] Undefined variable: post /www/web/sy_pro_youzewang_com/public_html/data/runtime/Cache/Admin/619d6a7db8d4bc3ae3913ab5aa095558.php 第 80 行.
NOTIC: [8] Undefined variable: post /www/web/sy_pro_youzewang_com/public_html/data/runtime/Cache/Admin/619d6a7db8d4bc3ae3913ab5aa095558.php 第 87 行.
NOTIC: [8] Undefined variable: post /www/web/sy_pro_youzewang_com/public_html/data/runtime/Cache/Admin/619d6a7db8d4bc3ae3913ab5aa095558.php 第 87 行.
INFO: Run Behavior\ParseTemplateBehavior [ RunTime:0.004624s ]
INFO: [ view_parse ] --END-- [ RunTime:0.004647s ]
INFO: [ view_filter ] --START--
INFO: Run Behavior\WriteHtmlCacheBehavior [ RunTime:0.000077s ]
INFO: Run Common\Behavior\TmplStripSpaceBehavior [ RunTime:0.000067s ]
INFO: [ view_filter ] --END-- [ RunTime:0.000175s ]
INFO: [ app_end ] --START--
INFO: Run Behavior\ShowPageTraceBehavior [ RunTime:0.000319s ]
INFO: [ app_end ] --END-- [ RunTime:0.000348s ]

[ 2018-11-02T07:56:10+08:00 ] 61.151.178.197 /index.php?g=Admin&m=AutoLunbo&a=add
INFO: [ app_init ] --START--
INFO: Run Behavior\BuildLiteBehavior [ RunTime:0.000012s ]
INFO: Run Common\Behavior\InitHookBehavior [ RunTime:0.000722s ]
INFO: [ app_init ] --END-- [ RunTime:0.000954s ]
INFO: [ app_begin ] --START--
INFO: Run Behavior\ReadHtmlCacheBehavior [ RunTime:0.000267s ]
INFO: Run Behavior\CheckLangBehavior [ RunTime:0.000335s ]
INFO: Run Common\Behavior\UrldecodeGetBehavior [ RunTime:0.000081s ]
INFO: [ app_begin ] --END-- [ RunTime:0.000747s ]
INFO: [ admin_begin ] --START--
INFO: Run Common\Behavior\AdminDefaultLangBehavior [ RunTime:0.000319s ]
INFO: [ admin_begin ] --END-- [ RunTime:0.000354s ]

[ 2018-11-02T07:56:10+08:00 ] 61.151.178.197 /index.php?g=admin&m=public&a=login
INFO: [ app_init ] --START--
INFO: Run Behavior\BuildLiteBehavior [ RunTime:0.000011s ]
INFO: Run Common\Behavior\InitHookBehavior [ RunTime:0.000702s ]
INFO: [ app_init ] --END-- [ RunTime:0.000961s ]
INFO: [ app_begin ] --START--
INFO: Run Behavior\ReadHtmlCacheBehavior [ RunTime:0.000308s ]
INFO: Run Behavior\CheckLangBehavior [ RunTime:0.000312s ]
INFO: Run Common\Behavior\UrldecodeGetBehavior [ RunTime:0.000071s ]
INFO: [ app_begin ] --END-- [ RunTime:0.000756s ]
INFO: [ admin_begin ] --START--
INFO: Run Common\Behavior\AdminDefaultLangBehavior [ RunTime:0.000320s ]
INFO: [ admin_begin ] --END-- [ RunTime:0.000355s ]
SQL: SHOW COLUMNS FROM `tb_options` [ RunTime:0.0004s ]
SQL: SELECT `option_value` FROM `tb_options` WHERE `option_name` = 'cdn_settings' LIMIT 1   [ RunTime:0.0001s ]
INFO: [ view_parse ] --START--
INFO: [ template_filter ] --START--
INFO: Run Behavior\ContentReplaceBehavior [ RunTime:0.000040s ]
INFO: [ template_filter ] --END-- [ RunTime:0.000075s ]
INFO: Run Behavior\ParseTemplateBehavior [ RunTime:0.003898s ]
INFO: [ view_parse ] --END-- [ RunTime:0.003930s ]
INFO: [ view_filter ] --START--
INFO: Run Behavior\WriteHtmlCacheBehavior [ RunTime:0.000082s ]
INFO: Run Common\Behavior\TmplStripSpaceBehavior [ RunTime:0.000071s ]
INFO: [ view_filter ] --END-- [ RunTime:0.000188s ]
INFO: [ app_end ] --START--
INFO: Run Behavior\ShowPageTraceBehavior [ RunTime:0.000280s ]
INFO: [ app_end ] --END-- [ RunTime:0.000305s ]

[ 2018-11-02T07:56:27+08:00 ] 116.231.128.238 /index.php?g=Admin&m=AutoLunbo&a=add
INFO: [ app_init ] --START--
INFO: Run Behavior\BuildLiteBehavior [ RunTime:0.000012s ]
INFO: Run Common\Behavior\InitHookBehavior [ RunTime:0.000753s ]
INFO: [ app_init ] --END-- [ RunTime:0.000984s ]
INFO: [ app_begin ] --START--
INFO: Run Behavior\ReadHtmlCacheBehavior [ RunTime:0.000272s ]
INFO: Run Behavior\CheckLangBehavior [ RunTime:0.000311s ]
INFO: Run Common\Behavior\UrldecodeGetBehavior [ RunTime:0.000072s ]
INFO: [ app_begin ] --END-- [ RunTime:0.000718s ]
INFO: [ admin_begin ] --START--
INFO: Run Common\Behavior\AdminDefaultLangBehavior [ RunTime:0.000327s ]
INFO: [ admin_begin ] --END-- [ RunTime:0.000363s ]
SQL: SHOW COLUMNS FROM `tb_users` [ RunTime:0.0005s ]
SQL: SELECT * FROM `tb_users` WHERE `id` = '1' LIMIT 1   [ RunTime:0.0001s ]
NOTIC: D方法实例化没找到模型类Admin\Model\AutoLunboModel
SQL: SHOW COLUMNS FROM `tb_auto_lunbo` [ RunTime:0.0003s ]
SQL: SHOW COLUMNS FROM `tb_terms` [ RunTime:0.0004s ]
SQL: SHOW COLUMNS FROM `tb_term_relationships` [ RunTime:0.0003s ]
SQL: SHOW COLUMNS FROM `tb_options` [ RunTime:0.0003s ]
SQL: SELECT `option_value` FROM `tb_options` WHERE `option_name` = 'cdn_settings' LIMIT 1   [ RunTime:0.0001s ]
INFO: [ view_parse ] --START--
INFO: [ template_filter ] --START--
INFO: Run Behavior\ContentReplaceBehavior [ RunTime:0.000074s ]
INFO: [ template_filter ] --END-- [ RunTime:0.000103s ]
NOTIC: [8] Undefined variable: post /www/web/sy_pro_youzewang_com/public_html/data/runtime/Cache/Admin/619d6a7db8d4bc3ae3913ab5aa095558.php 第 76 行.
NOTIC: [8] Undefined variable: post /www/web/sy_pro_youzewang_com/public_html/data/runtime/Cache/Admin/619d6a7db8d4bc3ae3913ab5aa095558.php 第 80 行.
NOTIC: [8] Undefined variable: post /www/web/sy_pro_youzewang_com/public_html/data/runtime/Cache/Admin/619d6a7db8d4bc3ae3913ab5aa095558.php 第 87 行.
NOTIC: [8] Undefined variable: post /www/web/sy_pro_youzewang_com/public_html/data/runtime/Cache/Admin/619d6a7db8d4bc3ae3913ab5aa095558.php 第 87 行.
INFO: Run Behavior\ParseTemplateBehavior [ RunTime:0.004702s ]
INFO: [ view_parse ] --END-- [ RunTime:0.004725s ]
INFO: [ view_filter ] --START--
INFO: Run Behavior\WriteHtmlCacheBehavior [ RunTime:0.000079s ]
INFO: Run Common\Behavior\TmplStripSpaceBehavior [ RunTime:0.000068s ]
INFO: [ view_filter ] --END-- [ RunTime:0.000178s ]
INFO: [ app_end ] --START--
INFO: Run Behavior\ShowPageTraceBehavior [ RunTime:0.000317s ]
INFO: [ app_end ] --END-- [ RunTime:0.000346s ]

[ 2018-11-02T07:58:12+08:00 ] 116.231.128.238 /index.php?g=Admin&m=AutoLunbo&a=add
INFO: [ app_init ] --START--
INFO: Run Behavior\BuildLiteBehavior [ RunTime:0.000012s ]
INFO: Run Common\Behavior\InitHookBehavior [ RunTime:0.000640s ]
INFO: [ app_init ] --END-- [ RunTime:0.000858s ]
INFO: [ app_begin ] --START--
INFO: Run Behavior\ReadHtmlCacheBehavior [ RunTime:0.000294s ]
INFO: Run Behavior\CheckLangBehavior [ RunTime:0.000301s ]
INFO: Run Common\Behavior\UrldecodeGetBehavior [ RunTime:0.000090s ]
INFO: [ app_begin ] --END-- [ RunTime:0.000752s ]
INFO: [ admin_begin ] --START--
INFO: Run Common\Behavior\AdminDefaultLangBehavior [ RunTime:0.000306s ]
INFO: [ admin_begin ] --END-- [ RunTime:0.000339s ]
SQL: SHOW COLUMNS FROM `tb_users` [ RunTime:0.0005s ]
SQL: SELECT * FROM `tb_users` WHERE `id` = '1' LIMIT 1   [ RunTime:0.0001s ]
NOTIC: D方法实例化没找到模型类Admin\Model\AutoLunboModel
SQL: SHOW COLUMNS FROM `tb_auto_lunbo` [ RunTime:0.0003s ]
SQL: SHOW COLUMNS FROM `tb_terms` [ RunTime:0.0004s ]
SQL: SHOW COLUMNS FROM `tb_term_relationships` [ RunTime:0.0003s ]
SQL: SHOW COLUMNS FROM `tb_options` [ RunTime:0.0003s ]
SQL: SELECT `option_value` FROM `tb_options` WHERE `option_name` = 'cdn_settings' LIMIT 1   [ RunTime:0.0001s ]
INFO: [ view_parse ] --START--
INFO: [ template_filter ] --START--
INFO: Run Behavior\ContentReplaceBehavior [ RunTime:0.000050s ]
INFO: [ template_filter ] --END-- [ RunTime:0.000077s ]
NOTIC: [8] Undefined variable: post /www/web/sy_pro_youzewang_com/public_html/data/runtime/Cache/Admin/619d6a7db8d4bc3ae3913ab5aa095558.php 第 76 行.
NOTIC: [8] Undefined variable: post /www/web/sy_pro_youzewang_com/public_html/data/runtime/Cache/Admin/619d6a7db8d4bc3ae3913ab5aa095558.php 第 80 行.
NOTIC: [8] Undefined variable: post /www/web/sy_pro_youzewang_com/public_html/data/runtime/Cache/Admin/619d6a7db8d4bc3ae3913ab5aa095558.php 第 87 行.
NOTIC: [8] Undefined variable: post /www/web/sy_pro_youzewang_com/public_html/data/runtime/Cache/Admin/619d6a7db8d4bc3ae3913ab5aa095558.php 第 87 行.
INFO: Run Behavior\ParseTemplateBehavior [ RunTime:0.004645s ]
INFO: [ view_parse ] --END-- [ RunTime:0.004667s ]
INFO: [ view_filter ] --START--
INFO: Run Behavior\WriteHtmlCacheBehavior [ RunTime:0.000089s ]
INFO: Run Common\Behavior\TmplStripSpaceBehavior [ RunTime:0.000068s ]
INFO: [ view_filter ] --END-- [ RunTime:0.000191s ]
INFO: [ app_end ] --START--
INFO: Run Behavior\ShowPageTraceBehavior [ RunTime:0.000275s ]
INFO: [ app_end ] --END-- [ RunTime:0.000303s ]

[ 2018-11-02T07:58:28+08:00 ] 116.231.128.238 /index.php?g=Admin&m=AutoLunbo&a=add_post
INFO: [ app_init ] --START--
INFO: Run Behavior\BuildLiteBehavior [ RunTime:0.000011s ]
INFO: Run Common\Behavior\InitHookBehavior [ RunTime:0.000656s ]
INFO: [ app_init ] --END-- [ RunTime:0.000880s ]
INFO: [ app_begin ] --START--
INFO: Run Behavior\ReadHtmlCacheBehavior [ RunTime:0.000282s ]
INFO: Run Behavior\CheckLangBehavior [ RunTime:0.000307s ]
INFO: Run Common\Behavior\UrldecodeGetBehavior [ RunTime:0.000069s ]
INFO: [ app_begin ] --END-- [ RunTime:0.000719s ]
INFO: [ admin_begin ] --START--
INFO: Run Common\Behavior\AdminDefaultLangBehavior [ RunTime:0.000336s ]
INFO: [ admin_begin ] --END-- [ RunTime:0.000372s ]
SQL: SHOW COLUMNS FROM `tb_users` [ RunTime:0.0005s ]
SQL: SELECT * FROM `tb_users` WHERE `id` = '1' LIMIT 1   [ RunTime:0.0001s ]
NOTIC: D方法实例化没找到模型类Admin\Model\AutoLunboModel
SQL: SHOW COLUMNS FROM `tb_auto_lunbo` [ RunTime:0.0003s ]
SQL: SHOW COLUMNS FROM `tb_terms` [ RunTime:0.0004s ]
SQL: SHOW COLUMNS FROM `tb_term_relationships` [ RunTime:0.0003s ]
SQL: INSERT INTO `tb_auto_lunbo` (`t_id`,`t_name`,`t_url`) VALUES ('0','轮播1','data/upload/1541116702.jpg') [ RunTime:0.0020s ]

[ 2018-11-02T07:58:30+08:00 ] 116.231.128.238 /index.php?g=Admin&m=AutoLunbo&a=index
INFO: [ app_init ] --START--
INFO: Run Behavior\BuildLiteBehavior [ RunTime:0.000011s ]
INFO: Run Common\Behavior\InitHookBehavior [ RunTime:0.000724s ]
INFO: [ app_init ] --END-- [ RunTime:0.000956s ]
INFO: [ app_begin ] --START--
INFO: Run Behavior\ReadHtmlCacheBehavior [ RunTime:0.000267s ]
INFO: Run Behavior\CheckLangBehavior [ RunTime:0.000309s ]
INFO: Run Common\Behavior\UrldecodeGetBehavior [ RunTime:0.000070s ]
INFO: [ app_begin ] --END-- [ RunTime:0.000708s ]
INFO: [ admin_begin ] --START--
INFO: Run Common\Behavior\AdminDefaultLangBehavior [ RunTime:0.000328s ]
INFO: [ admin_begin ] --END-- [ RunTime:0.000365s ]
SQL: SHOW COLUMNS FROM `tb_users` [ RunTime:0.0005s ]
SQL: SELECT * FROM `tb_users` WHERE `id` = '1' LIMIT 1   [ RunTime:0.0001s ]
NOTIC: D方法实例化没找到模型类Admin\Model\AutoLunboModel
SQL: SHOW COLUMNS FROM `tb_auto_lunbo` [ RunTime:0.0003s ]
SQL: SHOW COLUMNS FROM `tb_terms` [ RunTime:0.0004s ]
SQL: SHOW COLUMNS FROM `tb_term_relationships` [ RunTime:0.0003s ]
NOTIC: [8] Undefined index: post /www/web/sy_pro_youzewang_com/public_html/application/Admin/Controller/AutoLunboController.class.php 第 28 行.
NOTIC: [2] Invalid argument supplied for foreach() /www/web/sy_pro_youzewang_com/public_html/application/Admin/Controller/AutoLunboController.class.php 第 109 行.
NOTIC: [8] Undefined variable: where /www/web/sy_pro_youzewang_com/public_html/application/Admin/Controller/AutoLunboController.class.php 第 136 行.
SQL: SELECT COUNT(*) AS tp_count FROM tb_auto_lunbo a LIMIT 1   [ RunTime:0.0002s ]
NOTIC: [8] Undefined variable: where /www/web/sy_pro_youzewang_com/public_html/application/Admin/Controller/AutoLunboController.class.php 第 143 行.
SQL: SELECT * FROM tb_auto_lunbo a ORDER BY a.t_id desc LIMIT 0,20   [ RunTime:0.0002s ]
SQL: SHOW COLUMNS FROM `tb_options` [ RunTime:0.0003s ]
SQL: SELECT `option_value` FROM `tb_options` WHERE `option_name` = 'cdn_settings' LIMIT 1   [ RunTime:0.0001s ]
INFO: [ view_parse ] --START--
INFO: [ template_filter ] --START--
INFO: Run Behavior\ContentReplaceBehavior [ RunTime:0.000047s ]
INFO: [ template_filter ] --END-- [ RunTime:0.000073s ]
INFO: Run Behavior\ParseTemplateBehavior [ RunTime:0.005204s ]
INFO: [ view_parse ] --END-- [ RunTime:0.005230s ]
INFO: [ view_filter ] --START--
INFO: Run Behavior\WriteHtmlCacheBehavior [ RunTime:0.000078s ]
INFO: Run Common\Behavior\TmplStripSpaceBehavior [ RunTime:0.000068s ]
INFO: [ view_filter ] --END-- [ RunTime:0.000178s ]
INFO: [ app_end ] --START--
INFO: Run Behavior\ShowPageTraceBehavior [ RunTime:0.000262s ]
INFO: [ app_end ] --END-- [ RunTime:0.000282s ]

[ 2018-11-02T07:58:33+08:00 ] 116.231.128.238 /index.php?g=Admin&m=AutoLunbo&a=add
INFO: [ app_init ] --START--
INFO: Run Behavior\BuildLiteBehavior [ RunTime:0.000011s ]
INFO: Run Common\Behavior\InitHookBehavior [ RunTime:0.000693s ]
INFO: [ app_init ] --END-- [ RunTime:0.000929s ]
INFO: [ app_begin ] --START--
INFO: Run Behavior\ReadHtmlCacheBehavior [ RunTime:0.000280s ]
INFO: Run Behavior\CheckLangBehavior [ RunTime:0.000310s ]
INFO: Run Common\Behavior\UrldecodeGetBehavior [ RunTime:0.000068s ]
INFO: [ app_begin ] --END-- [ RunTime:0.000723s ]
INFO: [ admin_begin ] --START--
INFO: Run Common\Behavior\AdminDefaultLangBehavior [ RunTime:0.000344s ]
INFO: [ admin_begin ] --END-- [ RunTime:0.000385s ]
SQL: SHOW COLUMNS FROM `tb_users` [ RunTime:0.0005s ]
SQL: SELECT * FROM `tb_users` WHERE `id` = '1' LIMIT 1   [ RunTime:0.0001s ]
NOTIC: D方法实例化没找到模型类Admin\Model\AutoLunboModel
SQL: SHOW COLUMNS FROM `tb_auto_lunbo` [ RunTime:0.0003s ]
SQL: SHOW COLUMNS FROM `tb_terms` [ RunTime:0.0004s ]
SQL: SHOW COLUMNS FROM `tb_term_relationships` [ RunTime:0.0003s ]
SQL: SHOW COLUMNS FROM `tb_options` [ RunTime:0.0003s ]
SQL: SELECT `option_value` FROM `tb_options` WHERE `option_name` = 'cdn_settings' LIMIT 1   [ RunTime:0.0001s ]
INFO: [ view_parse ] --START--
INFO: [ template_filter ] --START--
INFO: Run Behavior\ContentReplaceBehavior [ RunTime:0.000054s ]
INFO: [ template_filter ] --END-- [ RunTime:0.000081s ]
NOTIC: [8] Undefined variable: post /www/web/sy_pro_youzewang_com/public_html/data/runtime/Cache/Admin/619d6a7db8d4bc3ae3913ab5aa095558.php 第 76 行.
NOTIC: [8] Undefined variable: post /www/web/sy_pro_youzewang_com/public_html/data/runtime/Cache/Admin/619d6a7db8d4bc3ae3913ab5aa095558.php 第 80 行.
NOTIC: [8] Undefined variable: post /www/web/sy_pro_youzewang_com/public_html/data/runtime/Cache/Admin/619d6a7db8d4bc3ae3913ab5aa095558.php 第 87 行.
NOTIC: [8] Undefined variable: post /www/web/sy_pro_youzewang_com/public_html/data/runtime/Cache/Admin/619d6a7db8d4bc3ae3913ab5aa095558.php 第 87 行.
INFO: Run Behavior\ParseTemplateBehavior [ RunTime:0.004900s ]
INFO: [ view_parse ] --END-- [ RunTime:0.004925s ]
INFO: [ view_filter ] --START--
INFO: Run Behavior\WriteHtmlCacheBehavior [ RunTime:0.000077s ]
INFO: Run Common\Behavior\TmplStripSpaceBehavior [ RunTime:0.000090s ]
INFO: [ view_filter ] --END-- [ RunTime:0.000205s ]
INFO: [ app_end ] --START--
INFO: Run Behavior\ShowPageTraceBehavior [ RunTime:0.000295s ]
INFO: [ app_end ] --END-- [ RunTime:0.000330s ]

[ 2018-11-02T07:58:45+08:00 ] 116.231.128.238 /index.php?g=Admin&m=AutoLunbo&a=add_post
INFO: [ app_init ] --START--
INFO: Run Behavior\BuildLiteBehavior [ RunTime:0.000024s ]
INFO: Run Common\Behavior\InitHookBehavior [ RunTime:0.000654s ]
INFO: [ app_init ] --END-- [ RunTime:0.000964s ]
INFO: [ app_begin ] --START--
INFO: Run Behavior\ReadHtmlCacheBehavior [ RunTime:0.000285s ]
INFO: Run Behavior\CheckLangBehavior [ RunTime:0.000308s ]
INFO: Run Common\Behavior\UrldecodeGetBehavior [ RunTime:0.000069s ]
INFO: [ app_begin ] --END-- [ RunTime:0.000724s ]
INFO: [ admin_begin ] --START--
INFO: Run Common\Behavior\AdminDefaultLangBehavior [ RunTime:0.000360s ]
INFO: [ admin_begin ] --END-- [ RunTime:0.000396s ]
SQL: SHOW COLUMNS FROM `tb_users` [ RunTime:0.0005s ]
SQL: SELECT * FROM `tb_users` WHERE `id` = '1' LIMIT 1   [ RunTime:0.0001s ]
NOTIC: D方法实例化没找到模型类Admin\Model\AutoLunboModel
SQL: SHOW COLUMNS FROM `tb_auto_lunbo` [ RunTime:0.0003s ]
SQL: SHOW COLUMNS FROM `tb_terms` [ RunTime:0.0004s ]
SQL: SHOW COLUMNS FROM `tb_term_relationships` [ RunTime:0.0003s ]
SQL: INSERT INTO `tb_auto_lunbo` (`t_id`,`t_name`,`t_url`) VALUES ('0','轮播2','data/upload/1541116723.jpg') [ RunTime:0.0026s ]

[ 2018-11-02T07:58:46+08:00 ] 116.231.128.238 /index.php?g=Admin&m=AutoLunbo&a=index
INFO: [ app_init ] --START--
INFO: Run Behavior\BuildLiteBehavior [ RunTime:0.000011s ]
INFO: Run Common\Behavior\InitHookBehavior [ RunTime:0.000681s ]
INFO: [ app_init ] --END-- [ RunTime:0.000906s ]
INFO: [ app_begin ] --START--
INFO: Run Behavior\ReadHtmlCacheBehavior [ RunTime:0.000266s ]
INFO: Run Behavior\CheckLangBehavior [ RunTime:0.000374s ]
INFO: Run Common\Behavior\UrldecodeGetBehavior [ RunTime:0.000074s ]
INFO: [ app_begin ] --END-- [ RunTime:0.000784s ]
INFO: [ admin_begin ] --START--
INFO: Run Common\Behavior\AdminDefaultLangBehavior [ RunTime:0.000340s ]
INFO: [ admin_begin ] --END-- [ RunTime:0.000379s ]
SQL: SHOW COLUMNS FROM `tb_users` [ RunTime:0.0005s ]
SQL: SELECT * FROM `tb_users` WHERE `id` = '1' LIMIT 1   [ RunTime:0.0001s ]
NOTIC: D方法实例化没找到模型类Admin\Model\AutoLunboModel
SQL: SHOW COLUMNS FROM `tb_auto_lunbo` [ RunTime:0.0003s ]
SQL: SHOW COLUMNS FROM `tb_terms` [ RunTime:0.0004s ]
SQL: SHOW COLUMNS FROM `tb_term_relationships` [ RunTime:0.0003s ]
NOTIC: [8] Undefined index: post /www/web/sy_pro_youzewang_com/public_html/application/Admin/Controller/AutoLunboController.class.php 第 28 行.
NOTIC: [2] Invalid argument supplied for foreach() /www/web/sy_pro_youzewang_com/public_html/application/Admin/Controller/AutoLunboController.class.php 第 109 行.
NOTIC: [8] Undefined variable: where /www/web/sy_pro_youzewang_com/public_html/application/Admin/Controller/AutoLunboController.class.php 第 136 行.
SQL: SELECT COUNT(*) AS tp_count FROM tb_auto_lunbo a LIMIT 1   [ RunTime:0.0002s ]
NOTIC: [8] Undefined variable: where /www/web/sy_pro_youzewang_com/public_html/application/Admin/Controller/AutoLunboController.class.php 第 143 行.
SQL: SELECT * FROM tb_auto_lunbo a ORDER BY a.t_id desc LIMIT 0,20   [ RunTime:0.0001s ]
SQL: SHOW COLUMNS FROM `tb_options` [ RunTime:0.0003s ]
SQL: SELECT `option_value` FROM `tb_options` WHERE `option_name` = 'cdn_settings' LIMIT 1   [ RunTime:0.0001s ]
INFO: [ view_parse ] --START--
INFO: [ template_filter ] --START--
INFO: Run Behavior\ContentReplaceBehavior [ RunTime:0.000044s ]
INFO: [ template_filter ] --END-- [ RunTime:0.000071s ]
INFO: Run Behavior\ParseTemplateBehavior [ RunTime:0.005021s ]
INFO: [ view_parse ] --END-- [ RunTime:0.005047s ]
INFO: [ view_filter ] --START--
INFO: Run Behavior\WriteHtmlCacheBehavior [ RunTime:0.000076s ]
INFO: Run Common\Behavior\TmplStripSpaceBehavior [ RunTime:0.000067s ]
INFO: [ view_filter ] --END-- [ RunTime:0.000176s ]
INFO: [ app_end ] --START--
INFO: Run Behavior\ShowPageTraceBehavior [ RunTime:0.000289s ]
INFO: [ app_end ] --END-- [ RunTime:0.000316s ]

[ 2018-11-02T07:58:54+08:00 ] 116.231.128.238 /index.php?g=admin&m=index&a=index
INFO: [ app_init ] --START--
INFO: Run Behavior\BuildLiteBehavior [ RunTime:0.000013s ]
INFO: Run Common\Behavior\InitHookBehavior [ RunTime:0.000667s ]
INFO: [ app_init ] --END-- [ RunTime:0.000945s ]
INFO: [ app_begin ] --START--
INFO: Run Behavior\ReadHtmlCacheBehavior [ RunTime:0.000289s ]
INFO: Run Behavior\CheckLangBehavior [ RunTime:0.000311s ]
INFO: Run Common\Behavior\UrldecodeGetBehavior [ RunTime:0.000070s ]
INFO: [ app_begin ] --END-- [ RunTime:0.000735s ]
INFO: [ admin_begin ] --START--
INFO: Run Common\Behavior\AdminDefaultLangBehavior [ RunTime:0.000323s ]
INFO: [ admin_begin ] --END-- [ RunTime:0.000359s ]
SQL: SHOW COLUMNS FROM `tb_users` [ RunTime:0.0006s ]
SQL: SELECT * FROM `tb_users` WHERE `id` = '1' LIMIT 1   [ RunTime:0.0001s ]
SQL: SHOW COLUMNS FROM `tb_menu` [ RunTime:0.0004s ]
SQL: SELECT * FROM `tb_menu` WHERE `parentid` = 0 AND `status` = 1 ORDER BY `listorder` ASC  [ RunTime:0.0001s ]
SQL: SELECT * FROM `tb_menu` WHERE `parentid` = 140 AND `status` = 1 ORDER BY `listorder` ASC  [ RunTime:0.0001s ]
SQL: SELECT * FROM `tb_menu` WHERE `parentid` = 149 AND `status` = 1 ORDER BY `listorder` ASC  [ RunTime:0.0001s ]
SQL: SELECT * FROM `tb_menu` WHERE `parentid` = 188 AND `status` = 1 ORDER BY `listorder` ASC  [ RunTime:0.0001s ]
SQL: SELECT * FROM `tb_menu` WHERE `parentid` = 85 AND `status` = 1 ORDER BY `listorder` ASC  [ RunTime:0.0001s ]
SQL: SELECT * FROM `tb_menu` WHERE `parentid` = 86 AND `status` = 1 ORDER BY `listorder` ASC  [ RunTime:0.0001s ]
SQL: SELECT * FROM `tb_menu` WHERE `parentid` = 87 AND `status` = 1 ORDER BY `listorder` ASC  [ RunTime:0.0001s ]
SQL: SELECT * FROM `tb_menu` WHERE `parentid` = 94 AND `status` = 1 ORDER BY `listorder` ASC  [ RunTime:0.0001s ]
SQL: SELECT * FROM `tb_menu` WHERE `parentid` = 100 AND `status` = 1 ORDER BY `listorder` ASC  [ RunTime:0.0001s ]
SQL: SHOW COLUMNS FROM `tb_options` [ RunTime:0.0003s ]
SQL: SELECT `option_value` FROM `tb_options` WHERE `option_name` = 'cdn_settings' LIMIT 1   [ RunTime:0.0001s ]
INFO: [ view_parse ] --START--
INFO: [ template_filter ] --START--
INFO: Run Behavior\ContentReplaceBehavior [ RunTime:0.000093s ]
INFO: [ template_filter ] --END-- [ RunTime:0.000122s ]
INFO: Run Behavior\ParseTemplateBehavior [ RunTime:0.007906s ]
INFO: [ view_parse ] --END-- [ RunTime:0.007934s ]
INFO: [ view_filter ] --START--
INFO: Run Behavior\WriteHtmlCacheBehavior [ RunTime:0.000079s ]
INFO: Run Common\Behavior\TmplStripSpaceBehavior [ RunTime:0.000070s ]
INFO: [ view_filter ] --END-- [ RunTime:0.000194s ]
INFO: [ app_end ] --START--
INFO: Run Behavior\ShowPageTraceBehavior [ RunTime:0.000267s ]
INFO: [ app_end ] --END-- [ RunTime:0.000313s ]

[ 2018-11-02T07:58:54+08:00 ] 116.231.128.238 /index.php?g=Admin&m=Main&a=index
INFO: [ app_init ] --START--
INFO: Run Behavior\BuildLiteBehavior [ RunTime:0.000010s ]
INFO: Run Common\Behavior\InitHookBehavior [ RunTime:0.000702s ]
INFO: [ app_init ] --END-- [ RunTime:0.000918s ]
INFO: [ app_begin ] --START--
INFO: Run Behavior\ReadHtmlCacheBehavior [ RunTime:0.000256s ]
INFO: Run Behavior\CheckLangBehavior [ RunTime:0.000383s ]
INFO: Run Common\Behavior\UrldecodeGetBehavior [ RunTime:0.000069s ]
INFO: [ app_begin ] --END-- [ RunTime:0.000771s ]
INFO: [ admin_begin ] --START--
INFO: Run Common\Behavior\AdminDefaultLangBehavior [ RunTime:0.000377s ]
INFO: [ admin_begin ] --END-- [ RunTime:0.000413s ]
SQL: SHOW COLUMNS FROM `tb_users` [ RunTime:0.0004s ]
SQL: SELECT * FROM `tb_users` WHERE `id` = '1' LIMIT 1   [ RunTime:0.0001s ]
SQL: select VERSION() as version [ RunTime:0.0001s ]
SQL: SHOW COLUMNS FROM `tb_options` [ RunTime:0.0003s ]
SQL: SELECT `option_value` FROM `tb_options` WHERE `option_name` = 'cdn_settings' LIMIT 1   [ RunTime:0.0001s ]
INFO: [ view_parse ] --START--
INFO: [ template_filter ] --START--
INFO: Run Behavior\ContentReplaceBehavior [ RunTime:0.000041s ]
INFO: [ template_filter ] --END-- [ RunTime:0.000069s ]
INFO: Run Behavior\ParseTemplateBehavior [ RunTime:0.004295s ]
INFO: [ view_parse ] --END-- [ RunTime:0.004322s ]
INFO: [ view_filter ] --START--
INFO: Run Behavior\WriteHtmlCacheBehavior [ RunTime:0.000076s ]
INFO: Run Common\Behavior\TmplStripSpaceBehavior [ RunTime:0.000068s ]
INFO: [ view_filter ] --END-- [ RunTime:0.000175s ]
INFO: [ app_end ] --START--
INFO: Run Behavior\ShowPageTraceBehavior [ RunTime:0.000244s ]
INFO: [ app_end ] --END-- [ RunTime:0.000264s ]

