[ 2018-11-05T14:42:59+08:00 ] 27.115.97.14 /index.php?g=Asset&m=Ueditor&a=upload&action=config&&noCache=1541400179221
INFO: [ app_init ] --START--
INFO: Run Behavior\BuildLiteBehavior [ RunTime:0.000011s ]
INFO: Run Common\Behavior\InitHookBehavior [ RunTime:0.000655s ]
INFO: [ app_init ] --END-- [ RunTime:0.000875s ]
INFO: [ app_begin ] --START--
INFO: Run Behavior\ReadHtmlCacheBehavior [ RunTime:0.000277s ]
INFO: Run Behavior\CheckLangBehavior [ RunTime:0.000283s ]
INFO: Run Common\Behavior\UrldecodeGetBehavior [ RunTime:0.000087s ]
INFO: [ app_begin ] --END-- [ RunTime:0.000714s ]

[ 2018-11-05T14:43:01+08:00 ] 27.115.97.14 /index.php?g=Asset&m=Ueditor&a=upload&action=config&&noCache=1541400181021
INFO: [ app_init ] --START--
INFO: Run Behavior\BuildLiteBehavior [ RunTime:0.000011s ]
INFO: Run Common\Behavior\InitHookBehavior [ RunTime:0.000700s ]
INFO: [ app_init ] --END-- [ RunTime:0.000931s ]
INFO: [ app_begin ] --START--
INFO: Run Behavior\ReadHtmlCacheBehavior [ RunTime:0.000271s ]
INFO: Run Behavior\CheckLangBehavior [ RunTime:0.000267s ]
INFO: Run Common\Behavior\UrldecodeGetBehavior [ RunTime:0.000092s ]
INFO: [ app_begin ] --END-- [ RunTime:0.000724s ]

[ 2018-11-05T14:43:03+08:00 ] 27.115.97.14 /index.php?g=Asset&m=Ueditor&a=upload&action=config&&noCache=1541400183739
INFO: [ app_init ] --START--
INFO: Run Behavior\BuildLiteBehavior [ RunTime:0.000012s ]
INFO: Run Common\Behavior\InitHookBehavior [ RunTime:0.000717s ]
INFO: [ app_init ] --END-- [ RunTime:0.000959s ]
INFO: [ app_begin ] --START--
INFO: Run Behavior\ReadHtmlCacheBehavior [ RunTime:0.000281s ]
INFO: Run Behavior\CheckLangBehavior [ RunTime:0.000284s ]
INFO: Run Common\Behavior\UrldecodeGetBehavior [ RunTime:0.000076s ]
INFO: [ app_begin ] --END-- [ RunTime:0.000705s ]

[ 2018-11-05T22:01:51+08:00 ] 116.231.128.238 /index.php?g=Asset&m=Ueditor&a=upload&action=config&&noCache=1541426503438
INFO: [ app_init ] --START--
INFO: Run Behavior\BuildLiteBehavior [ RunTime:0.000011s ]
INFO: Run Common\Behavior\InitHookBehavior [ RunTime:0.000736s ]
INFO: [ app_init ] --END-- [ RunTime:0.000964s ]
INFO: [ app_begin ] --START--
INFO: Run Behavior\ReadHtmlCacheBehavior [ RunTime:0.000264s ]
INFO: Run Behavior\CheckLangBehavior [ RunTime:0.000314s ]
INFO: Run Common\Behavior\UrldecodeGetBehavior [ RunTime:0.000082s ]
INFO: [ app_begin ] --END-- [ RunTime:0.000726s ]

[ 2018-11-05T22:01:52+08:00 ] 116.231.128.238 /index.php?g=Asset&m=Ueditor&a=upload&action=config&&noCache=1541426504544
INFO: [ app_init ] --START--
INFO: Run Behavior\BuildLiteBehavior [ RunTime:0.000013s ]
INFO: Run Common\Behavior\InitHookBehavior [ RunTime:0.000744s ]
INFO: [ app_init ] --END-- [ RunTime:0.000988s ]
INFO: [ app_begin ] --START--
INFO: Run Behavior\ReadHtmlCacheBehavior [ RunTime:0.000277s ]
INFO: Run Behavior\CheckLangBehavior [ RunTime:0.000271s ]
INFO: Run Common\Behavior\UrldecodeGetBehavior [ RunTime:0.000090s ]
INFO: [ app_begin ] --END-- [ RunTime:0.000715s ]

[ 2018-11-05T22:01:54+08:00 ] 116.231.128.238 /index.php?g=Asset&m=Ueditor&a=upload&action=config&&noCache=1541426506506
INFO: [ app_init ] --START--
INFO: Run Behavior\BuildLiteBehavior [ RunTime:0.000014s ]
INFO: Run Common\Behavior\InitHookBehavior [ RunTime:0.000661s ]
INFO: [ app_init ] --END-- [ RunTime:0.000943s ]
INFO: [ app_begin ] --START--
INFO: Run Behavior\ReadHtmlCacheBehavior [ RunTime:0.000291s ]
INFO: Run Behavior\CheckLangBehavior [ RunTime:0.000268s ]
INFO: Run Common\Behavior\UrldecodeGetBehavior [ RunTime:0.000075s ]
INFO: [ app_begin ] --END-- [ RunTime:0.000697s ]

[ 2018-11-05T22:03:14+08:00 ] 116.231.128.238 /index.php?g=Asset&m=Ueditor&a=upload&action=config&&noCache=1541426586937
INFO: [ app_init ] --START--
INFO: Run Behavior\BuildLiteBehavior [ RunTime:0.000010s ]
INFO: Run Common\Behavior\InitHookBehavior [ RunTime:0.000713s ]
INFO: [ app_init ] --END-- [ RunTime:0.000941s ]
INFO: [ app_begin ] --START--
INFO: Run Behavior\ReadHtmlCacheBehavior [ RunTime:0.000269s ]
INFO: Run Behavior\CheckLangBehavior [ RunTime:0.000300s ]
INFO: Run Common\Behavior\UrldecodeGetBehavior [ RunTime:0.000093s ]
INFO: [ app_begin ] --END-- [ RunTime:0.000729s ]

[ 2018-11-05T22:03:16+08:00 ] 116.231.128.238 /index.php?g=Asset&m=Ueditor&a=upload&action=config&&noCache=1541426588807
INFO: [ app_init ] --START--
INFO: Run Behavior\BuildLiteBehavior [ RunTime:0.000012s ]
INFO: Run Common\Behavior\InitHookBehavior [ RunTime:0.000693s ]
INFO: [ app_init ] --END-- [ RunTime:0.000916s ]
INFO: [ app_begin ] --START--
INFO: Run Behavior\ReadHtmlCacheBehavior [ RunTime:0.000267s ]
INFO: Run Behavior\CheckLangBehavior [ RunTime:0.000259s ]
INFO: Run Common\Behavior\UrldecodeGetBehavior [ RunTime:0.000087s ]
INFO: [ app_begin ] --END-- [ RunTime:0.000677s ]

